::1 - - [03/Nov/2024:13:06:52 +0000] "POST /api/v1/login HTTP/1.1" 200 768 "-" "PostmanRuntime/7.42.0"

::1 - - [03/Nov/2024:13:12:05 +0000] "GET /api/v1/suppliers/cm2nehwd80001nawowocctja8 HTTP/1.1" 200 83 "-" "PostmanRuntime/7.42.0"

::1 - - [03/Nov/2024:13:12:08 +0000] "GET /api/v1/suppliers HTTP/1.1" 200 1505 "-" "PostmanRuntime/7.42.0"

::1 - - [03/Nov/2024:13:12:14 +0000] "GET /api/v1/suppliers/cm308407q0001x6c8fdyn7obn HTTP/1.1" 200 825 "-" "PostmanRuntime/7.42.0"

::1 - - [03/Nov/2024:13:26:35 +0000] "PUT /api/v1/update-supplier/cm308407q0001x6c8fdyn7obn HTTP/1.1" 200 758 "-" "PostmanRuntime/7.42.0"

::1 - - [03/Nov/2024:13:27:20 +0000] "GET /api/v1/suppliers/cm308407q0001x6c8fdyn7obn HTTP/1.1" 200 758 "-" "PostmanRuntime/7.42.0"

::1 - - [03/Nov/2024:13:31:44 +0000] "PUT /api/v1/update-supplier/cm308407q0001x6c8fdyn7obn HTTP/1.1" 400 71 "-" "PostmanRuntime/7.42.0"

::1 - - [03/Nov/2024:13:31:59 +0000] "PUT /api/v1/update-supplier/cm308407q0001x6c8fdyn7obn HTTP/1.1" 200 71 "-" "PostmanRuntime/7.42.0"

::1 - - [03/Nov/2024:13:32:03 +0000] "GET /api/v1/suppliers/cm308407q0001x6c8fdyn7obn HTTP/1.1" 200 810 "-" "PostmanRuntime/7.42.0"

::1 - - [03/Nov/2024:13:33:03 +0000] "PUT /api/v1/update-supplier/cm308407q0001x6c8fdyn7obn HTTP/1.1" 200 71 "-" "PostmanRuntime/7.42.0"

::1 - - [03/Nov/2024:13:33:05 +0000] "GET /api/v1/suppliers/cm308407q0001x6c8fdyn7obn HTTP/1.1" 200 810 "-" "PostmanRuntime/7.42.0"

::1 - - [03/Nov/2024:13:37:36 +0000] "PUT /api/v1/suppliers/active-inactive/cm308407q0001x6c8fdyn7obn HTTP/1.1" 200 78 "-" "PostmanRuntime/7.42.0"

::1 - - [03/Nov/2024:13:37:54 +0000] "PUT /api/v1/suppliers/active-inactive/cm308407q0001x6c8fdyn7obn HTTP/1.1" 400 64 "-" "PostmanRuntime/7.42.0"

::1 - - [03/Nov/2024:13:38:31 +0000] "PUT /api/v1/suppliers/active-inactive/cm308407q0001x6c8fdyn7obn HTTP/1.1" 400 64 "-" "PostmanRuntime/7.42.0"

::1 - - [03/Nov/2024:13:38:34 +0000] "PUT /api/v1/suppliers/active-inactive/cm308407q0001x6c8fdyn7obn HTTP/1.1" 400 64 "-" "PostmanRuntime/7.42.0"

::1 - - [03/Nov/2024:13:38:50 +0000] "PUT /api/v1/suppliers/active-inactive/cm308407q0001x6c8fdyn7obn HTTP/1.1" 400 64 "-" "PostmanRuntime/7.42.0"

::1 - - [03/Nov/2024:13:38:51 +0000] "PUT /api/v1/suppliers/active-inactive/cm308407q0001x6c8fdyn7obn HTTP/1.1" 400 64 "-" "PostmanRuntime/7.42.0"

::1 - - [03/Nov/2024:13:38:52 +0000] "PUT /api/v1/suppliers/active-inactive/cm308407q0001x6c8fdyn7obn HTTP/1.1" 400 64 "-" "PostmanRuntime/7.42.0"

::1 - - [03/Nov/2024:13:38:52 +0000] "PUT /api/v1/suppliers/active-inactive/cm308407q0001x6c8fdyn7obn HTTP/1.1" 400 64 "-" "PostmanRuntime/7.42.0"

::1 - - [03/Nov/2024:13:38:53 +0000] "PUT /api/v1/suppliers/active-inactive/cm308407q0001x6c8fdyn7obn HTTP/1.1" 400 64 "-" "PostmanRuntime/7.42.0"

::1 - - [03/Nov/2024:13:38:54 +0000] "PUT /api/v1/suppliers/active-inactive/cm308407q0001x6c8fdyn7obn HTTP/1.1" 400 64 "-" "PostmanRuntime/7.42.0"

::1 - - [03/Nov/2024:13:38:54 +0000] "PUT /api/v1/suppliers/active-inactive/cm308407q0001x6c8fdyn7obn HTTP/1.1" 400 64 "-" "PostmanRuntime/7.42.0"

::1 - - [03/Nov/2024:13:39:11 +0000] "PUT /api/v1/suppliers/active-inactive/cm308407q0001x6c8fdyn7obn HTTP/1.1" 400 64 "-" "PostmanRuntime/7.42.0"

::1 - - [03/Nov/2024:13:39:14 +0000] "PUT /api/v1/suppliers/active-inactive/cm308407q0001x6c8fdyn7obn HTTP/1.1" 400 64 "-" "PostmanRuntime/7.42.0"

::1 - - [03/Nov/2024:13:39:23 +0000] "PUT /api/v1/suppliers/active-inactive/cm308407q0001x6c8fdyn7obn HTTP/1.1" 400 64 "-" "PostmanRuntime/7.42.0"

::1 - - [03/Nov/2024:13:39:43 +0000] "PUT /api/v1/suppliers/active-inactive/cm308407q0001x6c8fdyn7obn HTTP/1.1" 200 70 "-" "PostmanRuntime/7.42.0"

::1 - - [03/Nov/2024:13:39:46 +0000] "PUT /api/v1/suppliers/active-inactive/cm308407q0001x6c8fdyn7obn HTTP/1.1" 400 72 "-" "PostmanRuntime/7.42.0"

::1 - - [03/Nov/2024:13:39:53 +0000] "PUT /api/v1/suppliers/active-inactive/cm308407q0001x6c8fdyn7obn HTTP/1.1" 200 72 "-" "PostmanRuntime/7.42.0"

::1 - - [03/Nov/2024:13:40:35 +0000] "GET /api/v1/suppliers/cm308407q0001x6c8fdyn7obn HTTP/1.1" 200 812 "-" "PostmanRuntime/7.42.0"

::1 - - [03/Nov/2024:13:40:51 +0000] "GET /api/v1/suppliers?status=ACTIVE HTTP/1.1" 200 797 "-" "PostmanRuntime/7.42.0"

::1 - - [03/Nov/2024:13:40:56 +0000] "GET /api/v1/suppliers HTTP/1.1" 200 1492 "-" "PostmanRuntime/7.42.0"

::1 - - [03/Nov/2024:14:03:56 +0000] "DELETE /api/v1/suppliers/cm308407q0001x6c8fdyn7obns HTTP/1.1" 401 26 "-" "PostmanRuntime/7.42.0"

::1 - - [03/Nov/2024:14:04:06 +0000] "POST /api/v1/login HTTP/1.1" 200 768 "-" "PostmanRuntime/7.42.0"

::1 - - [03/Nov/2024:14:04:09 +0000] "DELETE /api/v1/suppliers/cm308407q0001x6c8fdyn7obn HTTP/1.1" 401 26 "-" "PostmanRuntime/7.42.0"

::1 - - [03/Nov/2024:14:04:11 +0000] "DELETE /api/v1/suppliers/cm308407q0001x6c8fdyn7obn HTTP/1.1" 401 26 "-" "PostmanRuntime/7.42.0"

::1 - - [03/Nov/2024:14:04:19 +0000] "DELETE /api/v1/suppliers/cm308407q0001x6c8fdyn7obn HTTP/1.1" 200 71 "-" "PostmanRuntime/7.42.0"

::1 - - [03/Nov/2024:14:04:25 +0000] "DELETE /api/v1/suppliers/cm308407q0001x6c8fdyn7obnd HTTP/1.1" 400 66 "-" "PostmanRuntime/7.42.0"

::1 - - [03/Nov/2024:14:04:33 +0000] "DELETE /api/v1/suppliers/cm308407q0001x6c8fdyn7o HTTP/1.1" 400 66 "-" "PostmanRuntime/7.42.0"

::1 - - [03/Nov/2024:14:04:37 +0000] "DELETE /api/v1/suppliers/cm308407q0001x6c8fdyn7obm HTTP/1.1" 400 66 "-" "PostmanRuntime/7.42.0"

::1 - - [03/Nov/2024:14:04:39 +0000] "DELETE /api/v1/suppliers/cm308407q0001x6c8fdyn7obn HTTP/1.1" 400 66 "-" "PostmanRuntime/7.42.0"

