::1 - - [22/Oct/2024:09:21:02 +0000] "GET /api/v1/login-history?last_login=true HTTP/1.1" 401 26 "-" "PostmanRuntime/7.42.0"

::1 - - [22/Oct/2024:09:21:03 +0000] "GET /api/v1/login-history?last_login=true HTTP/1.1" 401 26 "-" "PostmanRuntime/7.42.0"

::1 - - [22/Oct/2024:09:21:04 +0000] "GET /api/v1/login-history?last_login=true HTTP/1.1" 401 26 "-" "PostmanRuntime/7.42.0"

::1 - - [22/Oct/2024:09:21:11 +0000] "POST /api/v1/login HTTP/1.1" 200 801 "-" "PostmanRuntime/7.42.0"

::1 - - [22/Oct/2024:09:21:13 +0000] "GET /api/v1/login-history?last_login=true HTTP/1.1" 401 26 "-" "PostmanRuntime/7.42.0"

::1 - - [22/Oct/2024:09:21:24 +0000] "GET /api/v1/login-history?last_login=true HTTP/1.1" 401 26 "-" "PostmanRuntime/7.42.0"

::1 - - [22/Oct/2024:09:21:56 +0000] "POST /api/v1/login HTTP/1.1" 200 801 "-" "PostmanRuntime/7.42.0"

::1 - - [22/Oct/2024:09:21:59 +0000] "GET /api/v1/login-history?last_login=true HTTP/1.1" 401 26 "-" "PostmanRuntime/7.42.0"

::1 - - [22/Oct/2024:09:22:00 +0000] "GET /api/v1/login-history?last_login=true HTTP/1.1" 401 26 "-" "PostmanRuntime/7.42.0"

::1 - - [22/Oct/2024:09:22:08 +0000] "GET /api/v1/login-history?last_login=true HTTP/1.1" 401 26 "-" "PostmanRuntime/7.42.0"

::1 - - [22/Oct/2024:09:22:34 +0000] "GET /api/v1/login-history?last_login=true HTTP/1.1" 401 26 "-" "PostmanRuntime/7.42.0"

::1 - - [22/Oct/2024:09:24:56 +0000] "GET /api/v1/login-history?last_login=true HTTP/1.1" 401 26 "-" "PostmanRuntime/7.42.0"

::1 - - [22/Oct/2024:09:25:34 +0000] "GET /api/v1/login-history?last_login=true HTTP/1.1" 401 26 "-" "PostmanRuntime/7.42.0"

::1 - - [22/Oct/2024:09:26:44 +0000] "POST /api/v1/login HTTP/1.1" 200 801 "-" "PostmanRuntime/7.42.0"

::1 - - [22/Oct/2024:09:29:14 +0000] "POST /api/v1/login HTTP/1.1" 200 801 "-" "PostmanRuntime/7.42.0"

::1 - - [22/Oct/2024:09:29:15 +0000] "POST /api/v1/login HTTP/1.1" 200 801 "-" "PostmanRuntime/7.42.0"

::1 - - [22/Oct/2024:09:29:19 +0000] "POST /api/v1/login HTTP/1.1" 200 801 "-" "PostmanRuntime/7.42.0"

::1 - - [22/Oct/2024:09:29:23 +0000] "POST /api/v1/login HTTP/1.1" 200 801 "-" "PostmanRuntime/7.42.0"

::1 - - [22/Oct/2024:09:32:21 +0000] "POST /api/v1/login HTTP/1.1" 200 801 "-" "PostmanRuntime/7.42.0"

::1 - - [22/Oct/2024:09:32:44 +0000] "POST /api/v1/login HTTP/1.1" 200 801 "-" "PostmanRuntime/7.42.0"

::1 - - [22/Oct/2024:09:35:50 +0000] "POST /api/v1/login HTTP/1.1" 200 801 "-" "PostmanRuntime/7.42.0"

::1 - - [22/Oct/2024:09:38:41 +0000] "POST /api/v1/login HTTP/1.1" 200 801 "-" "PostmanRuntime/7.42.0"

::1 - - [22/Oct/2024:09:38:43 +0000] "POST /api/v1/login HTTP/1.1" 200 801 "-" "PostmanRuntime/7.42.0"

::1 - - [22/Oct/2024:09:39:36 +0000] "POST /api/v1/login HTTP/1.1" 200 752 "-" "PostmanRuntime/7.42.0"

::1 - - [22/Oct/2024:09:41:40 +0000] "POST /api/v1/login HTTP/1.1" 200 745 "-" "PostmanRuntime/7.42.0"

::1 - - [22/Oct/2024:09:42:08 +0000] "POST /api/v1/login HTTP/1.1" 200 745 "-" "PostmanRuntime/7.42.0"

::1 - - [22/Oct/2024:09:42:36 +0000] "POST /api/v1/login HTTP/1.1" 200 745 "-" "PostmanRuntime/7.42.0"

::1 - - [22/Oct/2024:09:42:49 +0000] "POST /api/v1/login HTTP/1.1" 200 745 "-" "PostmanRuntime/7.42.0"

::1 - - [22/Oct/2024:09:43:04 +0000] "POST /api/v1/login HTTP/1.1" 200 745 "-" "PostmanRuntime/7.42.0"

::1 - - [22/Oct/2024:09:43:25 +0000] "GET /api/v1/login-history?last_login=true HTTP/1.1" 401 26 "-" "PostmanRuntime/7.42.0"

::1 - - [22/Oct/2024:09:43:27 +0000] "GET /api/v1/login-history?last_login=true HTTP/1.1" 401 26 "-" "PostmanRuntime/7.42.0"

::1 - - [22/Oct/2024:09:44:15 +0000] "GET /api/v1/login-history?last_login=true HTTP/1.1" 401 26 "-" "PostmanRuntime/7.42.0"

::1 - - [22/Oct/2024:09:44:55 +0000] "POST /api/v1/login HTTP/1.1" 200 745 "-" "PostmanRuntime/7.42.0"

::1 - - [22/Oct/2024:09:45:03 +0000] "GET /api/v1/login-history?last_login=true HTTP/1.1" 401 26 "-" "PostmanRuntime/7.42.0"

::1 - - [22/Oct/2024:09:45:18 +0000] "GET /api/v1/login-history?last_login=true HTTP/1.1" 401 26 "-" "PostmanRuntime/7.42.0"

::1 - - [22/Oct/2024:09:45:42 +0000] "GET /api/v1/login-history?last_login=true HTTP/1.1" 401 26 "-" "PostmanRuntime/7.42.0"

::1 - - [22/Oct/2024:09:45:43 +0000] "GET /api/v1/login-history?last_login=true HTTP/1.1" 401 26 "-" "PostmanRuntime/7.42.0"

::1 - - [22/Oct/2024:09:45:44 +0000] "GET /api/v1/login-history?last_login=true HTTP/1.1" 401 26 "-" "PostmanRuntime/7.42.0"

::1 - - [22/Oct/2024:09:46:07 +0000] "GET /api/v1/login-history?last_login=true HTTP/1.1" 401 26 "-" "PostmanRuntime/7.42.0"

::1 - - [22/Oct/2024:09:46:08 +0000] "GET /api/v1/login-history?last_login=true HTTP/1.1" 401 26 "-" "PostmanRuntime/7.42.0"

::1 - - [22/Oct/2024:09:46:35 +0000] "GET /api/v1/login-history?last_login=true HTTP/1.1" 401 26 "-" "PostmanRuntime/7.42.0"

::1 - - [22/Oct/2024:09:46:44 +0000] "GET /api/v1/login-history?last_login=true HTTP/1.1" 401 26 "-" "PostmanRuntime/7.42.0"

::1 - - [22/Oct/2024:09:46:46 +0000] "GET /api/v1/login-history?last_login=true HTTP/1.1" 401 26 "-" "PostmanRuntime/7.42.0"

::1 - - [22/Oct/2024:09:47:08 +0000] "GET /api/v1/login-history?last_login=true HTTP/1.1" 200 509 "-" "PostmanRuntime/7.42.0"

::1 - - [22/Oct/2024:09:47:38 +0000] "GET /api/v1/login-history?last_login=true HTTP/1.1" 200 509 "-" "PostmanRuntime/7.42.0"

::1 - - [22/Oct/2024:09:51:52 +0000] "GET /api/v1/login-history HTTP/1.1" 200 12844 "-" "PostmanRuntime/7.42.0"

::1 - - [22/Oct/2024:09:58:42 +0000] "GET /api/v1/login-history?pagination=true HTTP/1.1" 200 4404 "-" "PostmanRuntime/7.42.0"

::1 - - [22/Oct/2024:09:59:40 +0000] "GET /api/v1/login-history?pagination=true&pageNumber=2&rowPerPage=1 HTTP/1.1" 200 586 "-" "PostmanRuntime/7.42.0"

::1 - - [22/Oct/2024:09:59:48 +0000] "GET /api/v1/login-history?pagination=true&pageNumber=2&rowPerPage=20 HTTP/1.1" 200 4431 "-" "PostmanRuntime/7.42.0"

::1 - - [22/Oct/2024:09:59:58 +0000] "GET /api/v1/login-history?pagination=true&pageNumber=1&rowPerPage=20 HTTP/1.1" 200 8656 "-" "PostmanRuntime/7.42.0"

::1 - - [22/Oct/2024:10:00:04 +0000] "GET /api/v1/login-history?pagination=true&pageNumber=1&rowPerPage=20 HTTP/1.1" 200 8656 "-" "PostmanRuntime/7.42.0"

::1 - - [22/Oct/2024:10:00:05 +0000] "GET /api/v1/login-history?pagination=true&pageNumber=1&rowPerPage=20 HTTP/1.1" 200 8656 "-" "PostmanRuntime/7.42.0"

::1 - - [22/Oct/2024:10:00:07 +0000] "GET /api/v1/login-history?pagination=true&pageNumber=1&rowPerPage=20 HTTP/1.1" 200 8656 "-" "PostmanRuntime/7.42.0"

::1 - - [22/Oct/2024:10:01:14 +0000] "GET /api/v1/login-history?last_login=true&pagination=true&pageNumber=1&rowPerPage=20 HTTP/1.1" 200 590 "-" "PostmanRuntime/7.42.0"

::1 - - [22/Oct/2024:10:01:20 +0000] "GET /api/v1/login-history?last_login=true&pagination=true&pageNumber=1&rowPerPage=20 HTTP/1.1" 200 590 "-" "PostmanRuntime/7.42.0"

::1 - - [22/Oct/2024:10:01:21 +0000] "GET /api/v1/login-history?last_login=true&pagination=true&pageNumber=1&rowPerPage=20 HTTP/1.1" 200 590 "-" "PostmanRuntime/7.42.0"

::1 - - [22/Oct/2024:10:01:23 +0000] "GET /api/v1/login-history?last_login=true&pagination=true&pageNumber=1&rowPerPage=20 HTTP/1.1" 200 590 "-" "PostmanRuntime/7.42.0"

::1 - - [22/Oct/2024:10:01:24 +0000] "GET /api/v1/login-history?last_login=true&pagination=true&pageNumber=1&rowPerPage=20 HTTP/1.1" 200 590 "-" "PostmanRuntime/7.42.0"

::1 - - [22/Oct/2024:10:01:25 +0000] "GET /api/v1/login-history?last_login=true&pagination=true&pageNumber=1&rowPerPage=20 HTTP/1.1" 200 590 "-" "PostmanRuntime/7.42.0"

::1 - - [22/Oct/2024:10:03:16 +0000] "POST /api/v1/login HTTP/1.1" 200 745 "-" "PostmanRuntime/7.42.0"

::1 - - [22/Oct/2024:10:03:17 +0000] "POST /api/v1/login HTTP/1.1" 200 745 "-" "PostmanRuntime/7.42.0"

::1 - - [22/Oct/2024:10:03:18 +0000] "POST /api/v1/login HTTP/1.1" 200 745 "-" "PostmanRuntime/7.42.0"

::1 - - [22/Oct/2024:10:03:19 +0000] "POST /api/v1/login HTTP/1.1" 200 745 "-" "PostmanRuntime/7.42.0"

::1 - - [22/Oct/2024:10:03:21 +0000] "POST /api/v1/login HTTP/1.1" 200 745 "-" "PostmanRuntime/7.42.0"

::1 - - [22/Oct/2024:10:03:22 +0000] "POST /api/v1/login HTTP/1.1" 200 745 "-" "PostmanRuntime/7.42.0"

::1 - - [22/Oct/2024:10:03:23 +0000] "POST /api/v1/login HTTP/1.1" 200 745 "-" "PostmanRuntime/7.42.0"

::1 - - [22/Oct/2024:10:03:24 +0000] "POST /api/v1/login HTTP/1.1" 200 745 "-" "PostmanRuntime/7.42.0"

::1 - - [22/Oct/2024:10:03:31 +0000] "GET /api/v1/login-history?pagination=true&pageNumber=1&rowPerPage=20 HTTP/1.1" 200 8644 "-" "PostmanRuntime/7.42.0"

::1 - - [22/Oct/2024:10:03:33 +0000] "GET /api/v1/login-history?pagination=true&pageNumber=1&rowPerPage=20 HTTP/1.1" 200 8644 "-" "PostmanRuntime/7.42.0"

::1 - - [22/Oct/2024:10:03:35 +0000] "GET /api/v1/login-history?pagination=true&pageNumber=1&rowPerPage=20 HTTP/1.1" 200 8644 "-" "PostmanRuntime/7.42.0"

::1 - - [22/Oct/2024:10:03:37 +0000] "GET /api/v1/login-history?pagination=true&pageNumber=1&rowPerPage=20 HTTP/1.1" 200 8644 "-" "PostmanRuntime/7.42.0"

::1 - - [22/Oct/2024:10:03:39 +0000] "GET /api/v1/login-history?pagination=true&pageNumber=1&rowPerPage=20 HTTP/1.1" 200 8644 "-" "PostmanRuntime/7.42.0"

::1 - - [22/Oct/2024:10:03:40 +0000] "GET /api/v1/login-history?pagination=true&pageNumber=1&rowPerPage=20 HTTP/1.1" 200 8644 "-" "PostmanRuntime/7.42.0"

::1 - - [22/Oct/2024:10:03:48 +0000] "GET /api/v1/login-history?pageNumber=1&rowPerPage=20 HTTP/1.1" 200 16236 "-" "PostmanRuntime/7.42.0"

::1 - - [22/Oct/2024:10:03:50 +0000] "GET /api/v1/login-history?pageNumber=1&rowPerPage=20 HTTP/1.1" 200 16236 "-" "PostmanRuntime/7.42.0"

::1 - - [22/Oct/2024:10:03:51 +0000] "GET /api/v1/login-history?pageNumber=1&rowPerPage=20 HTTP/1.1" 200 16236 "-" "PostmanRuntime/7.42.0"

::1 - - [22/Oct/2024:10:03:53 +0000] "GET /api/v1/login-history?pageNumber=1&rowPerPage=20 HTTP/1.1" 200 16236 "-" "PostmanRuntime/7.42.0"

::1 - - [22/Oct/2024:10:03:54 +0000] "GET /api/v1/login-history?pageNumber=1&rowPerPage=20 HTTP/1.1" 200 16236 "-" "PostmanRuntime/7.42.0"

::1 - - [22/Oct/2024:10:03:57 +0000] "GET /api/v1/login-history?pagination=true&pageNumber=1&rowPerPage=20 HTTP/1.1" 200 8644 "-" "PostmanRuntime/7.42.0"

::1 - - [22/Oct/2024:10:03:59 +0000] "GET /api/v1/login-history?pagination=true&pageNumber=1&rowPerPage=20 HTTP/1.1" 200 8644 "-" "PostmanRuntime/7.42.0"

::1 - - [22/Oct/2024:10:04:00 +0000] "GET /api/v1/login-history?pagination=true&pageNumber=1&rowPerPage=20 HTTP/1.1" 200 8644 "-" "PostmanRuntime/7.42.0"

::1 - - [22/Oct/2024:10:05:56 +0000] "GET /api/v1/login-history?pagination=true&pageNumber=1&rowPerPage=20 HTTP/1.1" 200 8644 "-" "PostmanRuntime/7.42.0"

::1 - - [22/Oct/2024:10:05:58 +0000] "GET /api/v1/login-history?pagination=true&pageNumber=1&rowPerPage=20 HTTP/1.1" 200 8644 "-" "PostmanRuntime/7.42.0"

::1 - - [22/Oct/2024:10:06:00 +0000] "GET /api/v1/login-history?pagination=true&pageNumber=1&rowPerPage=20 HTTP/1.1" 200 8644 "-" "PostmanRuntime/7.42.0"

::1 - - [22/Oct/2024:10:06:02 +0000] "GET /api/v1/login-history?pagination=true&pageNumber=1&rowPerPage=20 HTTP/1.1" 200 8644 "-" "PostmanRuntime/7.42.0"

::1 - - [22/Oct/2024:10:06:03 +0000] "GET /api/v1/login-history?pagination=true&pageNumber=1&rowPerPage=20 HTTP/1.1" 200 8644 "-" "PostmanRuntime/7.42.0"

::1 - - [22/Oct/2024:10:06:05 +0000] "GET /api/v1/login-history?pagination=true&pageNumber=1&rowPerPage=20 HTTP/1.1" 200 8644 "-" "PostmanRuntime/7.42.0"

::1 - - [22/Oct/2024:10:06:06 +0000] "GET /api/v1/login-history?pagination=true&pageNumber=1&rowPerPage=20 HTTP/1.1" 200 8644 "-" "PostmanRuntime/7.42.0"

::1 - - [22/Oct/2024:10:06:42 +0000] "GET /api/v1/login-history?pagination=true&pageNumber=1&rowPerPage=20 HTTP/1.1" 200 8644 "-" "PostmanRuntime/7.42.0"

::1 - - [22/Oct/2024:10:06:43 +0000] "GET /api/v1/login-history?pagination=true&pageNumber=1&rowPerPage=20 HTTP/1.1" 200 8644 "-" "PostmanRuntime/7.42.0"

::1 - - [22/Oct/2024:10:10:18 +0000] "GET /api/v1/login-history?pagination=true&pageNumber=1&rowPerPage=20 HTTP/1.1" 200 8644 "-" "PostmanRuntime/7.42.0"

::1 - - [22/Oct/2024:10:10:19 +0000] "GET /api/v1/login-history?pagination=true&pageNumber=1&rowPerPage=20 HTTP/1.1" 200 8644 "-" "PostmanRuntime/7.42.0"

::1 - - [22/Oct/2024:10:10:21 +0000] "GET /api/v1/login-history?pagination=true&pageNumber=1&rowPerPage=20 HTTP/1.1" 200 8644 "-" "PostmanRuntime/7.42.0"

::1 - - [22/Oct/2024:10:10:22 +0000] "GET /api/v1/login-history?pagination=true&pageNumber=1&rowPerPage=20 HTTP/1.1" 200 8644 "-" "PostmanRuntime/7.42.0"

::1 - - [22/Oct/2024:10:10:23 +0000] "GET /api/v1/login-history?pagination=true&pageNumber=1&rowPerPage=20 HTTP/1.1" 200 8644 "-" "PostmanRuntime/7.42.0"

::1 - - [22/Oct/2024:10:10:28 +0000] "GET /api/v1/login-history?pagination=true&pageNumber=1&rowPerPage=20 HTTP/1.1" 200 8644 "-" "PostmanRuntime/7.42.0"

::1 - - [22/Oct/2024:10:10:55 +0000] "GET /api/v1/login-history?pagination=true&pageNumber=1&rowPerPage=20 HTTP/1.1" 500 848 "-" "PostmanRuntime/7.42.0"

::1 - - [22/Oct/2024:10:10:58 +0000] "GET /api/v1/login-history?pagination=true&pageNumber=1&rowPerPage=20 HTTP/1.1" 500 848 "-" "PostmanRuntime/7.42.0"

::1 - - [22/Oct/2024:10:10:58 +0000] "GET /api/v1/login-history?pagination=true&pageNumber=1&rowPerPage=20 HTTP/1.1" 500 848 "-" "PostmanRuntime/7.42.0"

::1 - - [22/Oct/2024:10:10:59 +0000] "GET /api/v1/login-history?pagination=true&pageNumber=1&rowPerPage=20 HTTP/1.1" 500 848 "-" "PostmanRuntime/7.42.0"

::1 - - [22/Oct/2024:10:11:00 +0000] "GET /api/v1/login-history?pagination=true&pageNumber=1&rowPerPage=20 HTTP/1.1" 500 848 "-" "PostmanRuntime/7.42.0"

::1 - - [22/Oct/2024:10:11:07 +0000] "GET /api/v1/login-history?pagination=true&pageNumber=1&rowPerPage=20 HTTP/1.1" 200 8644 "-" "PostmanRuntime/7.42.0"

::1 - - [22/Oct/2024:10:11:10 +0000] "GET /api/v1/login-history?pagination=true&pageNumber=1&rowPerPage=20 HTTP/1.1" 200 8644 "-" "PostmanRuntime/7.42.0"

::1 - - [22/Oct/2024:10:11:11 +0000] "GET /api/v1/login-history?pagination=true&pageNumber=1&rowPerPage=20 HTTP/1.1" 200 8644 "-" "PostmanRuntime/7.42.0"

::1 - - [22/Oct/2024:10:11:18 +0000] "POST /api/v1/login HTTP/1.1" 200 745 "-" "PostmanRuntime/7.42.0"

::1 - - [22/Oct/2024:10:11:22 +0000] "GET /api/v1/login-history?pagination=true&pageNumber=1&rowPerPage=20 HTTP/1.1" 200 8644 "-" "PostmanRuntime/7.42.0"

::1 - - [22/Oct/2024:10:11:24 +0000] "GET /api/v1/login-history?pagination=true&pageNumber=1&rowPerPage=20 HTTP/1.1" 200 8644 "-" "PostmanRuntime/7.42.0"

::1 - - [22/Oct/2024:10:19:42 +0000] "POST /api/v1/login HTTP/1.1" 200 745 "-" "PostmanRuntime/7.42.0"

::1 - - [22/Oct/2024:10:20:02 +0000] "GET /api/v1/login-history?pagination=true&pageNumber=1&rowPerPage=20 HTTP/1.1" 200 8644 "-" "PostmanRuntime/7.42.0"

::1 - - [22/Oct/2024:10:20:08 +0000] "POST /api/v1/login HTTP/1.1" 200 745 "-" "PostmanRuntime/7.42.0"

::1 - - [22/Oct/2024:10:20:23 +0000] "POST /api/v1/login HTTP/1.1" 200 745 "-" "PostmanRuntime/7.42.0"

::1 - - [22/Oct/2024:10:21:13 +0000] "GET /api/v1/login-history?pagination=true&pageNumber=1&rowPerPage=20 HTTP/1.1" 200 8644 "-" "PostmanRuntime/7.42.0"

::1 - - [22/Oct/2024:10:21:19 +0000] "GET /api/v1/login-history?pageNumber=1&rowPerPage=20 HTTP/1.1" 200 8644 "-" "PostmanRuntime/7.42.0"

::1 - - [22/Oct/2024:10:21:20 +0000] "GET /api/v1/login-history?pageNumber=1&rowPerPage=20 HTTP/1.1" 200 8644 "-" "PostmanRuntime/7.42.0"

::1 - - [22/Oct/2024:10:35:59 +0000] "GET / HTTP/1.1" 200 11 "-" "Mozilla/5.0 (Macintosh; Intel Mac OS X 10_15_7) AppleWebKit/537.36 (KHTML, like Gecko) Chrome/130.0.0.0 Safari/537.36"

::1 - - [22/Oct/2024:10:36:00 +0000] "GET /favicon.ico HTTP/1.1" 404 150 "-" "Mozilla/5.0 (Macintosh; Intel Mac OS X 10_15_7) AppleWebKit/537.36 (KHTML, like Gecko) Chrome/130.0.0.0 Safari/537.36"

::1 - - [22/Oct/2024:10:36:03 +0000] "GET /clearCache HTTP/1.1" 200 26 "-" "Mozilla/5.0 (Macintosh; Intel Mac OS X 10_15_7) AppleWebKit/537.36 (KHTML, like Gecko) Chrome/130.0.0.0 Safari/537.36"

::1 - - [22/Oct/2024:10:38:07 +0000] "GET /api/v1/login-history?pagination=true&pageNumber=1&rowPerPage=20 HTTP/1.1" 200 76 "-" "PostmanRuntime/7.42.0"

::1 - - [22/Oct/2024:10:38:59 +0000] "GET /api/v1/login-history?pagination=true&pageNumber=1&rowPerPage=20 HTTP/1.1" 200 87 "-" "PostmanRuntime/7.42.0"

::1 - - [22/Oct/2024:10:39:01 +0000] "GET /api/v1/login-history?pagination=true&pageNumber=1&rowPerPage=20 HTTP/1.1" 200 87 "-" "PostmanRuntime/7.42.0"

::1 - - [22/Oct/2024:10:39:02 +0000] "GET /api/v1/login-history?pagination=true&pageNumber=1&rowPerPage=20 HTTP/1.1" 200 87 "-" "PostmanRuntime/7.42.0"

::1 - - [22/Oct/2024:10:39:03 +0000] "GET /api/v1/login-history?pagination=true&pageNumber=1&rowPerPage=20 HTTP/1.1" 200 87 "-" "PostmanRuntime/7.42.0"

::1 - - [22/Oct/2024:10:39:19 +0000] "GET /api/v1/login-history?pagination=true&pageNumber=1&rowPerPage=20 HTTP/1.1" 200 87 "-" "PostmanRuntime/7.42.0"

::1 - - [22/Oct/2024:10:39:21 +0000] "GET /api/v1/login-history?pagination=true&pageNumber=1&rowPerPage=20 HTTP/1.1" 200 87 "-" "PostmanRuntime/7.42.0"

::1 - - [22/Oct/2024:10:39:56 +0000] "GET /api/v1/login-history HTTP/1.1" 200 17932 "-" "PostmanRuntime/7.42.0"

::1 - - [22/Oct/2024:10:40:00 +0000] "GET /api/v1/login-history HTTP/1.1" 200 17943 "-" "PostmanRuntime/7.42.0"

::1 - - [22/Oct/2024:10:40:02 +0000] "GET /api/v1/login-history HTTP/1.1" 200 17943 "-" "PostmanRuntime/7.42.0"

::1 - - [22/Oct/2024:10:40:03 +0000] "GET /api/v1/login-history HTTP/1.1" 200 17943 "-" "PostmanRuntime/7.42.0"

::1 - - [22/Oct/2024:10:40:04 +0000] "GET /api/v1/login-history HTTP/1.1" 200 17943 "-" "PostmanRuntime/7.42.0"

::1 - - [22/Oct/2024:10:40:05 +0000] "GET /api/v1/login-history HTTP/1.1" 200 17943 "-" "PostmanRuntime/7.42.0"

::1 - - [22/Oct/2024:10:40:06 +0000] "GET /api/v1/login-history HTTP/1.1" 200 17943 "-" "PostmanRuntime/7.42.0"

::1 - - [22/Oct/2024:10:40:09 +0000] "GET /api/v1/login-history HTTP/1.1" 200 17943 "-" "PostmanRuntime/7.42.0"

::1 - - [22/Oct/2024:10:40:38 +0000] "GET /api/v1/login-history HTTP/1.1" 200 17943 "-" "PostmanRuntime/7.42.0"

::1 - - [22/Oct/2024:10:40:50 +0000] "GET /api/v1/login-history HTTP/1.1" 200 17943 "-" "PostmanRuntime/7.42.0"

::1 - - [22/Oct/2024:10:41:42 +0000] "GET /api/v1/login-history?pagination=true HTTP/1.1" 200 76 "-" "PostmanRuntime/7.42.0"

::1 - - [22/Oct/2024:10:43:31 +0000] "GET /api/v1/login-history?pagination=true HTTP/1.1" 500 848 "-" "PostmanRuntime/7.42.0"

::1 - - [22/Oct/2024:10:43:32 +0000] "GET /api/v1/login-history?pagination=true HTTP/1.1" 200 87 "-" "PostmanRuntime/7.42.0"

::1 - - [22/Oct/2024:10:43:34 +0000] "GET /api/v1/login-history?pagination=true HTTP/1.1" 200 87 "-" "PostmanRuntime/7.42.0"

::1 - - [22/Oct/2024:10:44:19 +0000] "GET /api/v1/login-history?pagination=true HTTP/1.1" 200 87 "-" "PostmanRuntime/7.42.0"

::1 - - [22/Oct/2024:10:49:33 +0000] "GET /api/v1/login-history?pagination=true&pageNumber=1&rowPerPage=20 HTTP/1.1" 200 87 "-" "PostmanRuntime/7.42.0"

::1 - - [22/Oct/2024:10:49:48 +0000] "GET /api/v1/login-history?pagination=true&pageNumber=1&rowPerPage=20 HTTP/1.1" 200 87 "-" "PostmanRuntime/7.42.0"

::1 - - [22/Oct/2024:10:54:05 +0000] "GET /api/v1/login-history?pagination=true&pageNumber=1&rowPerPage=20 HTTP/1.1" 500 696 "-" "PostmanRuntime/7.42.0"

::1 - - [22/Oct/2024:10:54:06 +0000] "GET /api/v1/login-history?pagination=true&pageNumber=1&rowPerPage=20 HTTP/1.1" 500 696 "-" "PostmanRuntime/7.42.0"

::1 - - [22/Oct/2024:10:54:38 +0000] "GET /api/v1/login-history?pagination=true&pageNumber=1&rowPerPage=20 HTTP/1.1" 200 76 "-" "PostmanRuntime/7.42.0"

::1 - - [22/Oct/2024:10:54:44 +0000] "GET /api/v1/login-history?pagination=true&pageNumber=1&rowPerPage=20 HTTP/1.1" 200 87 "-" "PostmanRuntime/7.42.0"

::1 - - [22/Oct/2024:10:54:45 +0000] "GET /api/v1/login-history?pagination=true&pageNumber=1&rowPerPage=20 HTTP/1.1" 200 87 "-" "PostmanRuntime/7.42.0"

::1 - - [22/Oct/2024:10:54:49 +0000] "GET /api/v1/login-history?pageNumber=1&rowPerPage=20 HTTP/1.1" 200 17932 "-" "PostmanRuntime/7.42.0"

::1 - - [22/Oct/2024:10:54:56 +0000] "GET /api/v1/login-history?pageNumber=1&rowPerPage=20 HTTP/1.1" 200 17943 "-" "PostmanRuntime/7.42.0"

::1 - - [22/Oct/2024:10:54:56 +0000] "GET /api/v1/login-history?pageNumber=1&rowPerPage=20 HTTP/1.1" 200 17943 "-" "PostmanRuntime/7.42.0"

::1 - - [22/Oct/2024:10:54:57 +0000] "GET /api/v1/login-history?pageNumber=1&rowPerPage=20 HTTP/1.1" 200 17943 "-" "PostmanRuntime/7.42.0"

::1 - - [22/Oct/2024:10:54:58 +0000] "GET /api/v1/login-history?pageNumber=1&rowPerPage=20 HTTP/1.1" 200 17943 "-" "PostmanRuntime/7.42.0"

::1 - - [22/Oct/2024:10:54:59 +0000] "GET /api/v1/login-history?pageNumber=1&rowPerPage=20 HTTP/1.1" 200 17943 "-" "PostmanRuntime/7.42.0"

::1 - - [22/Oct/2024:11:01:15 +0000] "GET /api/v1/login-history?pagination=true&pageNumber=1&rowPerPage=20 HTTP/1.1" 200 76 "-" "PostmanRuntime/7.42.0"

::1 - - [22/Oct/2024:11:01:16 +0000] "GET /api/v1/login-history?pagination=true&pageNumber=1&rowPerPage=20 HTTP/1.1" 200 87 "-" "PostmanRuntime/7.42.0"

::1 - - [22/Oct/2024:11:01:17 +0000] "GET /api/v1/login-history?pagination=true&pageNumber=1&rowPerPage=20 HTTP/1.1" 200 87 "-" "PostmanRuntime/7.42.0"

::1 - - [22/Oct/2024:11:01:18 +0000] "GET /api/v1/login-history?pagination=true&pageNumber=1&rowPerPage=20 HTTP/1.1" 200 87 "-" "PostmanRuntime/7.42.0"

::1 - - [22/Oct/2024:11:03:58 +0000] "GET /api/v1/login-history?pagination=true&pageNumber=1&rowPerPage=20 HTTP/1.1" 200 76 "-" "PostmanRuntime/7.42.0"

::1 - - [22/Oct/2024:11:03:59 +0000] "GET /api/v1/login-history?pagination=true&pageNumber=1&rowPerPage=20 HTTP/1.1" 200 87 "-" "PostmanRuntime/7.42.0"

::1 - - [22/Oct/2024:11:04:00 +0000] "GET /api/v1/login-history?pagination=true&pageNumber=1&rowPerPage=20 HTTP/1.1" 200 87 "-" "PostmanRuntime/7.42.0"

::1 - - [22/Oct/2024:11:04:01 +0000] "GET /api/v1/login-history?pagination=true&pageNumber=1&rowPerPage=20 HTTP/1.1" 200 87 "-" "PostmanRuntime/7.42.0"

::1 - - [22/Oct/2024:11:04:01 +0000] "GET /api/v1/login-history?pagination=true&pageNumber=1&rowPerPage=20 HTTP/1.1" 200 87 "-" "PostmanRuntime/7.42.0"

::1 - - [22/Oct/2024:11:04:02 +0000] "GET /api/v1/login-history?pagination=true&pageNumber=1&rowPerPage=20 HTTP/1.1" 200 87 "-" "PostmanRuntime/7.42.0"

::1 - - [22/Oct/2024:11:04:02 +0000] "GET /api/v1/login-history?pagination=true&pageNumber=1&rowPerPage=20 HTTP/1.1" 200 87 "-" "PostmanRuntime/7.42.0"

::1 - - [22/Oct/2024:11:04:03 +0000] "GET /api/v1/login-history?pagination=true&pageNumber=1&rowPerPage=20 HTTP/1.1" 200 87 "-" "PostmanRuntime/7.42.0"

::1 - - [22/Oct/2024:11:04:04 +0000] "GET /api/v1/login-history?pagination=true&pageNumber=1&rowPerPage=20 HTTP/1.1" 200 87 "-" "PostmanRuntime/7.42.0"

::1 - - [22/Oct/2024:11:04:06 +0000] "GET /api/v1/login-history?pagination=true&pageNumber=1&rowPerPage=20 HTTP/1.1" 200 87 "-" "PostmanRuntime/7.42.0"

::1 - - [22/Oct/2024:11:04:25 +0000] "GET /api/v1/login-history?pagination=true&pageNumber=1&rowPerPage=20 HTTP/1.1" 200 76 "-" "PostmanRuntime/7.42.0"

::1 - - [22/Oct/2024:11:04:28 +0000] "GET /api/v1/login-history?pagination=true&pageNumber=1&rowPerPage=20 HTTP/1.1" 200 87 "-" "PostmanRuntime/7.42.0"

::1 - - [22/Oct/2024:11:04:30 +0000] "GET /api/v1/login-history?pagination=true&pageNumber=1&rowPerPage=20 HTTP/1.1" 200 87 "-" "PostmanRuntime/7.42.0"

::1 - - [22/Oct/2024:11:05:10 +0000] "GET /api/v1/login-history?pagination=true&pageNumber=1&rowPerPage=20 HTTP/1.1" 200 157 "-" "PostmanRuntime/7.42.0"

::1 - - [22/Oct/2024:11:05:12 +0000] "GET /api/v1/login-history?pagination=true&pageNumber=1&rowPerPage=20 HTTP/1.1" 200 168 "-" "PostmanRuntime/7.42.0"

::1 - - [22/Oct/2024:11:05:13 +0000] "GET /api/v1/login-history?pagination=true&pageNumber=1&rowPerPage=20 HTTP/1.1" 200 168 "-" "PostmanRuntime/7.42.0"

::1 - - [22/Oct/2024:11:05:14 +0000] "GET /api/v1/login-history?pagination=true&pageNumber=1&rowPerPage=20 HTTP/1.1" 200 168 "-" "PostmanRuntime/7.42.0"

::1 - - [22/Oct/2024:11:05:15 +0000] "GET /api/v1/login-history?pagination=true&pageNumber=1&rowPerPage=20 HTTP/1.1" 200 168 "-" "PostmanRuntime/7.42.0"

::1 - - [22/Oct/2024:11:05:16 +0000] "GET /api/v1/login-history?pagination=true&pageNumber=1&rowPerPage=20 HTTP/1.1" 200 168 "-" "PostmanRuntime/7.42.0"

::1 - - [22/Oct/2024:11:05:24 +0000] "GET /api/v1/login-history?pagination=true&pageNumber=1&rowPerPage=5 HTTP/1.1" 200 157 "-" "PostmanRuntime/7.42.0"

::1 - - [22/Oct/2024:11:05:26 +0000] "GET /api/v1/login-history?pagination=true&pageNumber=1&rowPerPage=5 HTTP/1.1" 200 168 "-" "PostmanRuntime/7.42.0"

::1 - - [22/Oct/2024:11:05:27 +0000] "GET /api/v1/login-history?pagination=true&pageNumber=1&rowPerPage=5 HTTP/1.1" 200 168 "-" "PostmanRuntime/7.42.0"

::1 - - [22/Oct/2024:11:05:28 +0000] "GET /api/v1/login-history?pagination=true&pageNumber=1&rowPerPage=5 HTTP/1.1" 200 168 "-" "PostmanRuntime/7.42.0"

::1 - - [22/Oct/2024:11:05:35 +0000] "GET /api/v1/login-history?pageNumber=1&rowPerPage=5 HTTP/1.1" 200 17932 "-" "PostmanRuntime/7.42.0"

::1 - - [22/Oct/2024:11:05:41 +0000] "GET /api/v1/login-history?pagination=true&pageNumber=1&rowPerPage=5 HTTP/1.1" 200 168 "-" "PostmanRuntime/7.42.0"

::1 - - [22/Oct/2024:11:06:04 +0000] "GET /api/v1/login-history?pageNumber=1&rowPerPage=5 HTTP/1.1" 200 17932 "-" "PostmanRuntime/7.42.0"

::1 - - [22/Oct/2024:11:06:13 +0000] "GET /api/v1/login-history?pagination=true&pageNumber=1&rowPerPage=5 HTTP/1.1" 200 157 "-" "PostmanRuntime/7.42.0"

::1 - - [22/Oct/2024:11:07:18 +0000] "GET /api/v1/login-history?pagination=true&pageNumber=1&rowPerPage=5 HTTP/1.1" 200 157 "-" "PostmanRuntime/7.42.0"

::1 - - [22/Oct/2024:11:07:20 +0000] "GET /api/v1/login-history?pagination=true&pageNumber=1&rowPerPage=5 HTTP/1.1" 200 168 "-" "PostmanRuntime/7.42.0"

::1 - - [22/Oct/2024:11:07:20 +0000] "GET /api/v1/login-history?pagination=true&pageNumber=1&rowPerPage=5 HTTP/1.1" 200 168 "-" "PostmanRuntime/7.42.0"

