::1 - - [28/Oct/2024:18:04:10 +0000] "POST /api/v1/login HTTP/1.1" 404 57 "-" "PostmanRuntime/7.42.0"

::1 - - [28/Oct/2024:19:06:14 +0000] "GET /api/v1/divisions HTTP/1.1" 500 361 "-" "PostmanRuntime/7.42.0"

::1 - - [28/Oct/2024:19:07:38 +0000] "GET /api/v1/divisions HTTP/1.1" 200 786 "-" "PostmanRuntime/7.42.0"

::1 - - [28/Oct/2024:19:09:07 +0000] "GET /api/v1/districts HTTP/1.1" 200 9185 "-" "PostmanRuntime/7.42.0"

::1 - - [28/Oct/2024:19:09:22 +0000] "GET /api/v1/districts HTTP/1.1" 200 15486 "-" "PostmanRuntime/7.42.0"

::1 - - [28/Oct/2024:19:18:15 +0000] "GET /api/v1/upazilas HTTP/1.1" 200 167441 "-" "PostmanRuntime/7.42.0"

::1 - - [28/Oct/2024:19:19:41 +0000] "GET /api/v1/upazilas HTTP/1.1" 200 174184 "-" "PostmanRuntime/7.42.0"

::1 - - [28/Oct/2024:19:22:16 +0000] "GET /api/v1/upazilas HTTP/1.1" 200 186351 "-" "PostmanRuntime/7.42.0"

::1 - - [28/Oct/2024:19:22:40 +0000] "GET /api/v1/unions HTTP/1.1" 200 100084 "-" "PostmanRuntime/7.42.0"

::1 - - [28/Oct/2024:19:23:09 +0000] "GET /api/v1/unions HTTP/1.1" 200 104654 "-" "PostmanRuntime/7.42.0"

::1 - - [28/Oct/2024:19:23:46 +0000] "GET /api/v1/unions HTTP/1.1" 200 110060 "-" "PostmanRuntime/7.42.0"

::1 - - [28/Oct/2024:19:24:25 +0000] "GET /api/v1/unions HTTP/1.1" 200 116050 "-" "PostmanRuntime/7.42.0"

::1 - - [28/Oct/2024:19:24:41 +0000] "GET /api/v1/unions HTTP/1.1" 200 118794 "-" "PostmanRuntime/7.42.0"

::1 - - [28/Oct/2024:19:26:09 +0000] "GET /api/v1/unions HTTP/1.1" 200 134187 "-" "PostmanRuntime/7.42.0"

::1 - - [28/Oct/2024:19:27:17 +0000] "GET /api/v1/unions HTTP/1.1" 200 146269 "-" "PostmanRuntime/7.42.0"

::1 - - [28/Oct/2024:19:28:21 +0000] "GET /api/v1/unions HTTP/1.1" 200 156759 "-" "PostmanRuntime/7.42.0"

::1 - - [28/Oct/2024:19:28:50 +0000] "GET /api/v1/upazilas HTTP/1.1" 200 218703 "-" "PostmanRuntime/7.42.0"

::1 - - [28/Oct/2024:19:29:29 +0000] "GET /api/v1/unions HTTP/1.1" 200 167375 "-" "PostmanRuntime/7.42.0"

::1 - - [28/Oct/2024:19:30:23 +0000] "GET /api/v1/districts HTTP/1.1" 200 15486 "-" "PostmanRuntime/7.42.0"

::1 - - [28/Oct/2024:19:38:24 +0000] "GET /api/v1/unions HTTP/1.1" 200 255750 "-" "PostmanRuntime/7.42.0"

::1 - - [28/Oct/2024:19:46:10 +0000] "GET /api/v1/unions HTTP/1.1" 200 330389 "-" "PostmanRuntime/7.42.0"

::1 - - [28/Oct/2024:19:48:45 +0000] "GET /api/v1/divisions HTTP/1.1" 200 786 "-" "PostmanRuntime/7.42.0"

::1 - - [28/Oct/2024:19:50:35 +0000] "GET /api/v1/divisions?name=Khulna HTTP/1.1" 200 163 "-" "PostmanRuntime/7.42.0"

::1 - - [28/Oct/2024:19:51:13 +0000] "GET /api/v1/divisions?name=1 HTTP/1.1" 200 82 "-" "PostmanRuntime/7.42.0"

::1 - - [28/Oct/2024:19:51:16 +0000] "GET /api/v1/divisions?name=1 HTTP/1.1" 200 82 "-" "PostmanRuntime/7.42.0"

::1 - - [28/Oct/2024:19:51:34 +0000] "GET /api/v1/divisions?name=14 HTTP/1.1" 200 82 "-" "PostmanRuntime/7.42.0"

::1 - - [28/Oct/2024:19:51:46 +0000] "GET /api/v1/divisions?name=14 HTTP/1.1" 200 82 "-" "PostmanRuntime/7.42.0"

::1 - - [28/Oct/2024:19:51:55 +0000] "GET /api/v1/divisions?name=14 HTTP/1.1" 200 82 "-" "PostmanRuntime/7.42.0"

::1 - - [28/Oct/2024:19:51:57 +0000] "GET /api/v1/divisions?name=14 HTTP/1.1" 200 82 "-" "PostmanRuntime/7.42.0"

::1 - - [28/Oct/2024:19:52:10 +0000] "GET /api/v1/divisions?name=14 HTTP/1.1" 200 82 "-" "PostmanRuntime/7.42.0"

::1 - - [28/Oct/2024:19:52:26 +0000] "GET /api/v1/divisions?name=14 HTTP/1.1" 200 82 "-" "PostmanRuntime/7.42.0"

::1 - - [28/Oct/2024:19:52:45 +0000] "GET /api/v1/divisions?name=14 HTTP/1.1" 200 82 "-" "PostmanRuntime/7.42.0"

::1 - - [28/Oct/2024:19:52:46 +0000] "GET /api/v1/divisions?name=14 HTTP/1.1" 200 82 "-" "PostmanRuntime/7.42.0"

::1 - - [28/Oct/2024:19:52:57 +0000] "GET /api/v1/divisions?name=14 HTTP/1.1" 200 82 "-" "PostmanRuntime/7.42.0"

::1 - - [28/Oct/2024:19:53:19 +0000] "GET /api/v1/divisions HTTP/1.1" 200 82 "-" "PostmanRuntime/7.42.0"

::1 - - [28/Oct/2024:19:53:21 +0000] "GET /api/v1/divisions HTTP/1.1" 200 82 "-" "PostmanRuntime/7.42.0"

::1 - - [28/Oct/2024:19:53:55 +0000] "GET /api/v1/divisions HTTP/1.1" 200 786 "-" "PostmanRuntime/7.42.0"

::1 - - [28/Oct/2024:19:54:00 +0000] "GET /api/v1/divisions?name=14 HTTP/1.1" 200 82 "-" "PostmanRuntime/7.42.0"

::1 - - [28/Oct/2024:19:54:05 +0000] "GET /api/v1/divisions HTTP/1.1" 200 786 "-" "PostmanRuntime/7.42.0"

::1 - - [28/Oct/2024:19:54:13 +0000] "GET /api/v1/divisions?name=Chattagram HTTP/1.1" 200 183 "-" "PostmanRuntime/7.42.0"

::1 - - [28/Oct/2024:19:54:48 +0000] "GET /api/v1/divisions?bn_name=%E0%A6%9A%E0%A6%9F%E0%A7%8D%E0%A6%9F%E0%A6%97%E0%A7%8D%E0%A6%B0%E0%A6%BE%E0%A6%AE HTTP/1.1" 200 183 "-" "PostmanRuntime/7.42.0"

::1 - - [28/Oct/2024:19:54:50 +0000] "GET /api/v1/divisions HTTP/1.1" 200 786 "-" "PostmanRuntime/7.42.0"

::1 - - [28/Oct/2024:19:54:59 +0000] "GET /api/v1/divisions?bn_name=%E0%A6%96%E0%A7%81%E0%A6%B2%E0%A6%A8%E0%A6%BE HTTP/1.1" 200 163 "-" "PostmanRuntime/7.42.0"

::1 - - [28/Oct/2024:19:55:04 +0000] "GET /api/v1/divisions?name=Chattagram&bn_name=%E0%A6%96%E0%A7%81%E0%A6%B2%E0%A6%A8%E0%A6%BE HTTP/1.1" 200 265 "-" "PostmanRuntime/7.42.0"

::1 - - [28/Oct/2024:19:55:41 +0000] "GET /api/v1/divisions?bn_name=%E0%A6%96%E0%A7%81%E0%A6%B2%E0%A6%A8%E0%A6%BE HTTP/1.1" 200 163 "-" "PostmanRuntime/7.42.0"

::1 - - [28/Oct/2024:19:56:26 +0000] "GET /api/v1/divisions?name=Chattagram HTTP/1.1" 200 82 "-" "PostmanRuntime/7.42.0"

::1 - - [28/Oct/2024:19:56:28 +0000] "GET /api/v1/divisions?name=Chattagram HTTP/1.1" 200 82 "-" "PostmanRuntime/7.42.0"

::1 - - [28/Oct/2024:19:56:39 +0000] "GET /api/v1/divisions?name=Chattagram HTTP/1.1" 200 82 "-" "PostmanRuntime/7.42.0"

::1 - - [28/Oct/2024:19:56:49 +0000] "GET /api/v1/divisions?name=Chattagram HTTP/1.1" 200 82 "-" "PostmanRuntime/7.42.0"

::1 - - [28/Oct/2024:19:57:11 +0000] "GET /api/v1/divisions?name=Chattagram HTTP/1.1" 200 82 "-" "PostmanRuntime/7.42.0"

::1 - - [28/Oct/2024:19:57:26 +0000] "GET /api/v1/divisions?name=Chattagram HTTP/1.1" 200 183 "-" "PostmanRuntime/7.42.0"

::1 - - [28/Oct/2024:19:58:12 +0000] "GET /api/v1/divisions?bn_name=%E0%A6%96%E0%A7%81%E0%A6%B2%E0%A6%A8%E0%A6%BE HTTP/1.1" 200 163 "-" "PostmanRuntime/7.42.0"

::1 - - [28/Oct/2024:19:58:26 +0000] "GET /api/v1/districts HTTP/1.1" 200 15486 "-" "PostmanRuntime/7.42.0"

::1 - - [28/Oct/2024:20:00:19 +0000] "GET /api/v1/districts?division_id=3 HTTP/1.1" 200 2387 "-" "PostmanRuntime/7.42.0"

::1 - - [28/Oct/2024:20:00:40 +0000] "GET /api/v1/districts?division_id=3&name=Jashore HTTP/1.1" 200 2387 "-" "PostmanRuntime/7.42.0"

::1 - - [28/Oct/2024:20:01:00 +0000] "GET /api/v1/districts?name=Jashore HTTP/1.1" 500 2284 "-" "PostmanRuntime/7.42.0"

::1 - - [28/Oct/2024:20:01:02 +0000] "GET /api/v1/districts?name=Jashore HTTP/1.1" 500 2284 "-" "PostmanRuntime/7.42.0"

::1 - - [28/Oct/2024:20:01:04 +0000] "GET /api/v1/districts?name=Jashore HTTP/1.1" 500 2284 "-" "PostmanRuntime/7.42.0"

::1 - - [28/Oct/2024:20:01:07 +0000] "GET /api/v1/districts?division_id=3&name=Jashore HTTP/1.1" 200 2387 "-" "PostmanRuntime/7.42.0"

::1 - - [28/Oct/2024:20:02:43 +0000] "GET /api/v1/districts?bn_name=%E0%A6%AF%E0%A6%B6%E0%A7%8B%E0%A6%B0 HTTP/1.1" 500 2294 "-" "PostmanRuntime/7.42.0"

::1 - - [28/Oct/2024:20:03:06 +0000] "GET /api/v1/districts?bn_name=%E0%A6%AF%E0%A6%B6%E0%A7%8B%E0%A6%B0 HTTP/1.1" 500 2184 "-" "PostmanRuntime/7.42.0"

::1 - - [28/Oct/2024:20:03:10 +0000] "GET /api/v1/districts HTTP/1.1" 200 15486 "-" "PostmanRuntime/7.42.0"

::1 - - [28/Oct/2024:20:04:18 +0000] "GET /api/v1/districts?bn_name=%E0%A6%AF%E0%A6%B6%E0%A7%8B%E0%A6%B0 HTTP/1.1" 200 206 "-" "PostmanRuntime/7.42.0"

::1 - - [28/Oct/2024:20:04:23 +0000] "GET /api/v1/districts?name=Jashore&bn_name=%E0%A6%AF%E0%A6%B6%E0%A7%8B%E0%A6%B0 HTTP/1.1" 200 206 "-" "PostmanRuntime/7.42.0"

::1 - - [28/Oct/2024:20:04:26 +0000] "GET /api/v1/districts?name=Jashore HTTP/1.1" 200 206 "-" "PostmanRuntime/7.42.0"

::1 - - [28/Oct/2024:20:04:32 +0000] "GET /api/v1/districts?division_id=3 HTTP/1.1" 200 2387 "-" "PostmanRuntime/7.42.0"

::1 - - [28/Oct/2024:20:04:52 +0000] "GET /api/v1/districts?name=Jashore HTTP/1.1" 200 208 "-" "PostmanRuntime/7.42.0"

::1 - - [28/Oct/2024:20:05:21 +0000] "GET /api/v1/districts?name=Jashore HTTP/1.1" 500 2266 "-" "PostmanRuntime/7.42.0"

::1 - - [28/Oct/2024:20:05:41 +0000] "GET /api/v1/districts?name=Jashore HTTP/1.1" 200 208 "-" "PostmanRuntime/7.42.0"

::1 - - [28/Oct/2024:20:05:44 +0000] "GET /api/v1/districts?bn_name=%E0%A6%AF%E0%A6%B6%E0%A7%8B%E0%A6%B0 HTTP/1.1" 200 208 "-" "PostmanRuntime/7.42.0"

::1 - - [28/Oct/2024:20:06:06 +0000] "GET /api/v1/districts?bn_name=%E0%A6%AF%E0%A6%B6%E0%A7%8B%E0%A6%B0 HTTP/1.1" 200 301 "-" "PostmanRuntime/7.42.0"

::1 - - [28/Oct/2024:20:06:11 +0000] "GET /api/v1/districts?division_id=3 HTTP/1.1" 200 1457 "-" "PostmanRuntime/7.42.0"

::1 - - [28/Oct/2024:20:06:49 +0000] "GET /api/v1/unions HTTP/1.1" 200 532010 "-" "PostmanRuntime/7.42.0"

::1 - - [28/Oct/2024:20:07:12 +0000] "GET /api/v1/upazilas HTTP/1.1" 200 400760 "-" "PostmanRuntime/7.42.0"

::1 - - [28/Oct/2024:20:10:09 +0000] "GET /api/v1/districts?name=Jashore HTTP/1.1" 200 301 "-" "PostmanRuntime/7.42.0"

::1 - - [28/Oct/2024:20:10:22 +0000] "GET /api/v1/upazilas?district_id=20 HTTP/1.1" 200 1007 "-" "PostmanRuntime/7.42.0"

::1 - - [28/Oct/2024:20:11:05 +0000] "GET /api/v1/upazilas?district_id=20&name=Jhikargacha&bn_name=%E0%A6%9D%E0%A6%BF%E0%A6%95%E0%A6%B0%E0%A6%97%E0%A6%BE%E0%A6%9B%E0%A6%BE HTTP/1.1" 200 201 "-" "PostmanRuntime/7.42.0"

::1 - - [28/Oct/2024:20:11:10 +0000] "GET /api/v1/upazilas?name=Jhikargacha&bn_name=%E0%A6%9D%E0%A6%BF%E0%A6%95%E0%A6%B0%E0%A6%97%E0%A6%BE%E0%A6%9B%E0%A6%BE HTTP/1.1" 200 201 "-" "PostmanRuntime/7.42.0"

::1 - - [28/Oct/2024:20:11:12 +0000] "GET /api/v1/upazilas?bn_name=%E0%A6%9D%E0%A6%BF%E0%A6%95%E0%A6%B0%E0%A6%97%E0%A6%BE%E0%A6%9B%E0%A6%BE HTTP/1.1" 200 71 "-" "PostmanRuntime/7.42.0"

::1 - - [28/Oct/2024:20:11:14 +0000] "GET /api/v1/upazilas?bn_name=%E0%A6%9D%E0%A6%BF%E0%A6%95%E0%A6%B0%E0%A6%97%E0%A6%BE%E0%A6%9B%E0%A6%BE HTTP/1.1" 200 71 "-" "PostmanRuntime/7.42.0"

::1 - - [28/Oct/2024:20:11:32 +0000] "GET /api/v1/upazilas?bn_name=%E0%A6%9D%E0%A6%BF%E0%A6%95%E0%A6%B0%E0%A6%97%E0%A6%BE%E0%A6%9B%E0%A6%BE HTTP/1.1" 200 201 "-" "PostmanRuntime/7.42.0"

::1 - - [28/Oct/2024:20:11:33 +0000] "GET /api/v1/upazilas?bn_name=%E0%A6%9D%E0%A6%BF%E0%A6%95%E0%A6%B0%E0%A6%97%E0%A6%BE%E0%A6%9B%E0%A6%BE HTTP/1.1" 200 201 "-" "PostmanRuntime/7.42.0"

::1 - - [28/Oct/2024:20:11:36 +0000] "GET /api/v1/upazilas?name=Jhikargacha&bn_name=%E0%A6%9D%E0%A6%BF%E0%A6%95%E0%A6%B0%E0%A6%97%E0%A6%BE%E0%A6%9B%E0%A6%BE HTTP/1.1" 200 201 "-" "PostmanRuntime/7.42.0"

::1 - - [28/Oct/2024:20:11:39 +0000] "GET /api/v1/upazilas?name=Jhikargacha HTTP/1.1" 200 201 "-" "PostmanRuntime/7.42.0"

::1 - - [28/Oct/2024:20:11:56 +0000] "GET /api/v1/upazilas?district_id=20 HTTP/1.1" 200 1007 "-" "PostmanRuntime/7.42.0"

::1 - - [28/Oct/2024:20:14:10 +0000] "GET /api/v1/upazilas?district_id=20 HTTP/1.1" 200 1007 "-" "PostmanRuntime/7.42.0"

::1 - - [28/Oct/2024:20:14:13 +0000] "GET /api/v1/upazilas?district_id=20&bn_name=%E0%A6%9D%E0%A6%BF%E0%A6%95%E0%A6%B0%E0%A6%97%E0%A6%BE%E0%A6%9B%E0%A6%BE HTTP/1.1" 200 201 "-" "PostmanRuntime/7.42.0"

::1 - - [28/Oct/2024:20:14:43 +0000] "GET /api/v1/unions?upazila_id=175 HTTP/1.1" 200 1394 "-" "PostmanRuntime/7.42.0"

::1 - - [28/Oct/2024:20:15:04 +0000] "GET /api/v1/unions HTTP/1.1" 200 612869 "-" "PostmanRuntime/7.42.0"

::1 - - [28/Oct/2024:20:15:12 +0000] "GET /api/v1/unions?upazila_id=175 HTTP/1.1" 200 1394 "-" "PostmanRuntime/7.42.0"

::1 - - [28/Oct/2024:20:15:23 +0000] "GET /api/v1/unions?upazila_id=175&name=Panisara HTTP/1.1" 200 196 "-" "PostmanRuntime/7.42.0"

::1 - - [28/Oct/2024:20:15:30 +0000] "GET /api/v1/unions?upazila_id=175&name=Panisara&bn_name=%E0%A6%AA%E0%A6%BE%E0%A6%A8%E0%A6%BF%E0%A6%B8%E0%A6%BE%E0%A6%B0%E0%A6%BE HTTP/1.1" 200 196 "-" "PostmanRuntime/7.42.0"

::1 - - [28/Oct/2024:20:15:33 +0000] "GET /api/v1/unions?name=Panisara&bn_name=%E0%A6%AA%E0%A6%BE%E0%A6%A8%E0%A6%BF%E0%A6%B8%E0%A6%BE%E0%A6%B0%E0%A6%BE HTTP/1.1" 200 196 "-" "PostmanRuntime/7.42.0"

::1 - - [28/Oct/2024:20:15:38 +0000] "GET /api/v1/unions?upazila_id=175 HTTP/1.1" 200 1394 "-" "PostmanRuntime/7.42.0"

::1 - - [28/Oct/2024:20:15:55 +0000] "GET /api/v1/unions?name=Jhikargachha HTTP/1.1" 200 204 "-" "PostmanRuntime/7.42.0"

::1 - - [28/Oct/2024:20:16:44 +0000] "GET /api/v1/divisions?name=Chattagram HTTP/1.1" 200 183 "-" "PostmanRuntime/7.42.0"

::1 - - [28/Oct/2024:20:16:48 +0000] "GET /api/v1/divisions HTTP/1.1" 200 786 "-" "PostmanRuntime/7.42.0"

::1 - - [28/Oct/2024:20:18:14 +0000] "GET /api/v1/divisions HTTP/1.1" 200 786 "-" "PostmanRuntime/7.42.0"

::1 - - [28/Oct/2024:20:18:15 +0000] "GET /api/v1/divisions HTTP/1.1" 200 786 "-" "PostmanRuntime/7.42.0"

::1 - - [28/Oct/2024:20:18:16 +0000] "GET /api/v1/divisions HTTP/1.1" 200 786 "-" "PostmanRuntime/7.42.0"

::1 - - [28/Oct/2024:20:18:17 +0000] "GET /api/v1/divisions HTTP/1.1" 200 786 "-" "PostmanRuntime/7.42.0"

::1 - - [28/Oct/2024:20:18:18 +0000] "GET /api/v1/divisions HTTP/1.1" 200 786 "-" "PostmanRuntime/7.42.0"

::1 - - [28/Oct/2024:20:18:19 +0000] "GET /api/v1/divisions HTTP/1.1" 200 786 "-" "PostmanRuntime/7.42.0"

::1 - - [28/Oct/2024:20:18:20 +0000] "GET /api/v1/divisions HTTP/1.1" 200 786 "-" "PostmanRuntime/7.42.0"

::1 - - [28/Oct/2024:20:18:20 +0000] "GET /api/v1/divisions HTTP/1.1" 200 786 "-" "PostmanRuntime/7.42.0"

::1 - - [28/Oct/2024:20:19:26 +0000] "GET /api/v1/divisions?name=Chattagram HTTP/1.1" 500 523 "-" "PostmanRuntime/7.42.0"

::1 - - [28/Oct/2024:20:19:40 +0000] "GET /api/v1/divisions?name=Chattagram HTTP/1.1" 200 82 "-" "PostmanRuntime/7.42.0"

::1 - - [28/Oct/2024:20:19:41 +0000] "GET /api/v1/divisions?name=Chattagram HTTP/1.1" 200 82 "-" "PostmanRuntime/7.42.0"

::1 - - [28/Oct/2024:20:19:56 +0000] "GET /api/v1/divisions?name=Chattagram HTTP/1.1" 500 1389 "-" "PostmanRuntime/7.42.0"

::1 - - [28/Oct/2024:20:19:58 +0000] "GET /api/v1/divisions?name=Chattagram HTTP/1.1" 200 183 "-" "PostmanRuntime/7.42.0"

::1 - - [28/Oct/2024:20:19:59 +0000] "GET /api/v1/divisions?name=Chattagram HTTP/1.1" 200 183 "-" "PostmanRuntime/7.42.0"

::1 - - [28/Oct/2024:20:20:02 +0000] "GET /api/v1/divisions?bn_name=%E0%A6%96%E0%A7%81%E0%A6%B2%E0%A6%A8%E0%A6%BE HTTP/1.1" 200 163 "-" "PostmanRuntime/7.42.0"

::1 - - [28/Oct/2024:20:20:06 +0000] "GET /api/v1/divisions HTTP/1.1" 200 786 "-" "PostmanRuntime/7.42.0"

::1 - - [28/Oct/2024:20:20:07 +0000] "GET /api/v1/divisions HTTP/1.1" 200 786 "-" "PostmanRuntime/7.42.0"

::1 - - [28/Oct/2024:20:20:08 +0000] "GET /api/v1/divisions HTTP/1.1" 200 786 "-" "PostmanRuntime/7.42.0"

::1 - - [28/Oct/2024:20:20:10 +0000] "GET /api/v1/divisions?bn_name=%E0%A6%96%E0%A7%81%E0%A6%B2%E0%A6%A8%E0%A6%BE HTTP/1.1" 200 163 "-" "PostmanRuntime/7.42.0"

::1 - - [28/Oct/2024:20:20:11 +0000] "GET /api/v1/divisions?bn_name=%E0%A6%96%E0%A7%81%E0%A6%B2%E0%A6%A8%E0%A6%BE HTTP/1.1" 200 163 "-" "PostmanRuntime/7.42.0"

::1 - - [28/Oct/2024:20:20:12 +0000] "GET /api/v1/divisions?bn_name=%E0%A6%96%E0%A7%81%E0%A6%B2%E0%A6%A8%E0%A6%BE HTTP/1.1" 200 163 "-" "PostmanRuntime/7.42.0"

::1 - - [28/Oct/2024:20:20:17 +0000] "GET /api/v1/divisions HTTP/1.1" 200 786 "-" "PostmanRuntime/7.42.0"

::1 - - [28/Oct/2024:20:20:18 +0000] "GET /api/v1/divisions HTTP/1.1" 200 786 "-" "PostmanRuntime/7.42.0"

::1 - - [28/Oct/2024:20:20:21 +0000] "GET /api/v1/divisions HTTP/1.1" 200 786 "-" "PostmanRuntime/7.42.0"

::1 - - [28/Oct/2024:20:20:22 +0000] "GET /api/v1/divisions HTTP/1.1" 200 786 "-" "PostmanRuntime/7.42.0"

::1 - - [28/Oct/2024:20:20:23 +0000] "GET /api/v1/divisions HTTP/1.1" 200 786 "-" "PostmanRuntime/7.42.0"

::1 - - [28/Oct/2024:20:20:26 +0000] "GET /api/v1/divisions?name=Chattagram HTTP/1.1" 200 183 "-" "PostmanRuntime/7.42.0"

::1 - - [28/Oct/2024:20:20:27 +0000] "GET /api/v1/divisions?name=Chattagram HTTP/1.1" 200 183 "-" "PostmanRuntime/7.42.0"

::1 - - [28/Oct/2024:20:20:27 +0000] "GET /api/v1/divisions?name=Chattagram HTTP/1.1" 200 183 "-" "PostmanRuntime/7.42.0"

::1 - - [28/Oct/2024:20:20:30 +0000] "GET /api/v1/divisions?bn_name=%E0%A6%96%E0%A7%81%E0%A6%B2%E0%A6%A8%E0%A6%BE HTTP/1.1" 200 163 "-" "PostmanRuntime/7.42.0"

::1 - - [28/Oct/2024:20:20:31 +0000] "GET /api/v1/divisions?bn_name=%E0%A6%96%E0%A7%81%E0%A6%B2%E0%A6%A8%E0%A6%BE HTTP/1.1" 200 163 "-" "PostmanRuntime/7.42.0"

::1 - - [28/Oct/2024:20:20:32 +0000] "GET /api/v1/divisions?bn_name=%E0%A6%96%E0%A7%81%E0%A6%B2%E0%A6%A8%E0%A6%BE HTTP/1.1" 200 163 "-" "PostmanRuntime/7.42.0"

::1 - - [28/Oct/2024:20:20:50 +0000] "GET /api/v1/divisions HTTP/1.1" 500 1389 "-" "PostmanRuntime/7.42.0"

::1 - - [28/Oct/2024:20:20:51 +0000] "GET /api/v1/divisions HTTP/1.1" 200 797 "-" "PostmanRuntime/7.42.0"

::1 - - [28/Oct/2024:20:20:53 +0000] "GET /api/v1/divisions HTTP/1.1" 200 797 "-" "PostmanRuntime/7.42.0"

::1 - - [28/Oct/2024:20:20:54 +0000] "GET /api/v1/divisions HTTP/1.1" 200 797 "-" "PostmanRuntime/7.42.0"

::1 - - [28/Oct/2024:20:20:56 +0000] "GET /api/v1/divisions?name=Chattagram HTTP/1.1" 200 207 "-" "PostmanRuntime/7.42.0"

::1 - - [28/Oct/2024:20:21:00 +0000] "GET /api/v1/divisions?name=Chattagram&bn_name=%E0%A6%96%E0%A7%81%E0%A6%B2%E0%A6%A8%E0%A6%BE HTTP/1.1" 200 289 "-" "PostmanRuntime/7.42.0"

::1 - - [28/Oct/2024:20:21:04 +0000] "GET /api/v1/divisions?bn_name=%E0%A6%96%E0%A7%81%E0%A6%B2%E0%A6%A8%E0%A6%BE HTTP/1.1" 200 187 "-" "PostmanRuntime/7.42.0"

::1 - - [28/Oct/2024:20:21:06 +0000] "GET /api/v1/divisions?bn_name=%E0%A6%96%E0%A7%81%E0%A6%B2%E0%A6%A8%E0%A6%BE HTTP/1.1" 200 187 "-" "PostmanRuntime/7.42.0"

::1 - - [28/Oct/2024:20:22:31 +0000] "GET /api/v1/districts?name=Jashore HTTP/1.1" 200 301 "-" "PostmanRuntime/7.42.0"

::1 - - [28/Oct/2024:20:22:34 +0000] "GET /api/v1/districts?name=Jashore HTTP/1.1" 200 325 "-" "PostmanRuntime/7.42.0"

::1 - - [28/Oct/2024:20:22:36 +0000] "GET /api/v1/districts?name=Jashore HTTP/1.1" 200 325 "-" "PostmanRuntime/7.42.0"

::1 - - [28/Oct/2024:20:22:37 +0000] "GET /api/v1/districts?name=Jashore HTTP/1.1" 200 325 "-" "PostmanRuntime/7.42.0"

::1 - - [28/Oct/2024:20:22:42 +0000] "GET /api/v1/districts?division_id=3 HTTP/1.1" 200 106 "-" "PostmanRuntime/7.42.0"

::1 - - [28/Oct/2024:20:22:43 +0000] "GET /api/v1/districts?division_id=3 HTTP/1.1" 200 106 "-" "PostmanRuntime/7.42.0"

::1 - - [28/Oct/2024:20:23:01 +0000] "GET /api/v1/districts?division_id=3&name=Jashore HTTP/1.1" 200 325 "-" "PostmanRuntime/7.42.0"

::1 - - [28/Oct/2024:20:23:19 +0000] "GET /api/v1/districts?division_id=3 HTTP/1.1" 200 106 "-" "PostmanRuntime/7.42.0"

::1 - - [28/Oct/2024:20:23:33 +0000] "GET /api/v1/districts?division_id=3 HTTP/1.1" 200 106 "-" "PostmanRuntime/7.42.0"

::1 - - [28/Oct/2024:20:23:45 +0000] "GET /api/v1/districts?division_id=3 HTTP/1.1" 500 1389 "-" "PostmanRuntime/7.42.0"

::1 - - [28/Oct/2024:20:23:47 +0000] "GET /api/v1/districts?division_id=3 HTTP/1.1" 200 325 "-" "PostmanRuntime/7.42.0"

::1 - - [28/Oct/2024:20:23:48 +0000] "GET /api/v1/districts?division_id=3 HTTP/1.1" 200 325 "-" "PostmanRuntime/7.42.0"

::1 - - [28/Oct/2024:20:24:00 +0000] "GET /api/v1/districts HTTP/1.1" 200 312 "-" "PostmanRuntime/7.42.0"

::1 - - [28/Oct/2024:20:24:03 +0000] "GET /api/v1/districts?bn_name=%E0%A6%AF%E0%A6%B6%E0%A7%8B%E0%A6%B0 HTTP/1.1" 200 325 "-" "PostmanRuntime/7.42.0"

::1 - - [28/Oct/2024:20:24:49 +0000] "GET /api/v1/upazilas?district_id=20&bn_name=%E0%A6%9D%E0%A6%BF%E0%A6%95%E0%A6%B0%E0%A6%97%E0%A6%BE%E0%A6%9B%E0%A6%BE HTTP/1.1" 200 201 "-" "PostmanRuntime/7.42.0"

::1 - - [28/Oct/2024:20:24:52 +0000] "GET /api/v1/upazilas?district_id=20&bn_name=%E0%A6%9D%E0%A6%BF%E0%A6%95%E0%A6%B0%E0%A6%97%E0%A6%BE%E0%A6%9B%E0%A6%BE HTTP/1.1" 200 225 "-" "PostmanRuntime/7.42.0"

::1 - - [28/Oct/2024:20:24:57 +0000] "GET /api/v1/upazilas?bn_name=%E0%A6%9D%E0%A6%BF%E0%A6%95%E0%A6%B0%E0%A6%97%E0%A6%BE%E0%A6%9B%E0%A6%BE HTTP/1.1" 200 225 "-" "PostmanRuntime/7.42.0"

::1 - - [28/Oct/2024:20:25:00 +0000] "GET /api/v1/upazilas HTTP/1.1" 200 212 "-" "PostmanRuntime/7.42.0"

::1 - - [28/Oct/2024:20:25:03 +0000] "GET /api/v1/upazilas?district_id=20 HTTP/1.1" 200 225 "-" "PostmanRuntime/7.42.0"

::1 - - [28/Oct/2024:20:25:09 +0000] "GET /api/v1/upazilas?name=Jhikargacha HTTP/1.1" 200 225 "-" "PostmanRuntime/7.42.0"

::1 - - [28/Oct/2024:20:25:15 +0000] "GET /api/v1/upazilas?district_id=20 HTTP/1.1" 200 225 "-" "PostmanRuntime/7.42.0"

::1 - - [28/Oct/2024:20:25:19 +0000] "GET /api/v1/upazilas HTTP/1.1" 200 212 "-" "PostmanRuntime/7.42.0"

::1 - - [28/Oct/2024:20:25:23 +0000] "GET /api/v1/upazilas HTTP/1.1" 200 212 "-" "PostmanRuntime/7.42.0"

::1 - - [28/Oct/2024:20:25:24 +0000] "GET /api/v1/upazilas HTTP/1.1" 200 212 "-" "PostmanRuntime/7.42.0"

::1 - - [28/Oct/2024:20:25:25 +0000] "GET /api/v1/upazilas HTTP/1.1" 200 212 "-" "PostmanRuntime/7.42.0"

::1 - - [28/Oct/2024:20:25:25 +0000] "GET /api/v1/upazilas HTTP/1.1" 200 212 "-" "PostmanRuntime/7.42.0"

::1 - - [28/Oct/2024:20:25:28 +0000] "GET /api/v1/upazilas HTTP/1.1" 200 212 "-" "PostmanRuntime/7.42.0"

::1 - - [28/Oct/2024:20:25:29 +0000] "GET /api/v1/upazilas HTTP/1.1" 200 212 "-" "PostmanRuntime/7.42.0"

::1 - - [28/Oct/2024:20:27:22 +0000] "GET /api/v1/upazilas HTTP/1.1" 200 133584 "-" "PostmanRuntime/7.42.0"

::1 - - [28/Oct/2024:20:27:30 +0000] "GET /api/v1/upazilas HTTP/1.1" 200 133584 "-" "PostmanRuntime/7.42.0"

::1 - - [28/Oct/2024:20:27:35 +0000] "GET /api/v1/upazilas HTTP/1.1" 200 133584 "-" "PostmanRuntime/7.42.0"

::1 - - [28/Oct/2024:20:27:39 +0000] "GET /api/v1/upazilas?district_id=20 HTTP/1.1" 200 2135 "-" "PostmanRuntime/7.42.0"

::1 - - [28/Oct/2024:20:27:41 +0000] "GET /api/v1/upazilas?district_id=20 HTTP/1.1" 200 2135 "-" "PostmanRuntime/7.42.0"

::1 - - [28/Oct/2024:20:27:43 +0000] "GET /api/v1/upazilas?district_id=20 HTTP/1.1" 200 2135 "-" "PostmanRuntime/7.42.0"

::1 - - [28/Oct/2024:20:27:50 +0000] "GET /api/v1/upazilas?district_id=20&name=Jhikargacha HTTP/1.1" 200 2135 "-" "PostmanRuntime/7.42.0"

::1 - - [28/Oct/2024:20:27:57 +0000] "GET /api/v1/upazilas?district_id=20&name=Jhikargacha HTTP/1.1" 500 413 "-" "PostmanRuntime/7.42.0"

::1 - - [28/Oct/2024:20:27:59 +0000] "GET /api/v1/upazilas?district_id=20&name=Jhikargacha HTTP/1.1" 200 2135 "-" "PostmanRuntime/7.42.0"

::1 - - [28/Oct/2024:20:28:01 +0000] "GET /api/v1/upazilas?district_id=20&name=Jhikargacha HTTP/1.1" 200 2135 "-" "PostmanRuntime/7.42.0"

::1 - - [28/Oct/2024:20:28:06 +0000] "GET /api/v1/upazilas?district_id=20 HTTP/1.1" 200 2135 "-" "PostmanRuntime/7.42.0"

::1 - - [28/Oct/2024:20:28:13 +0000] "GET /api/v1/upazilas HTTP/1.1" 200 133584 "-" "PostmanRuntime/7.42.0"

::1 - - [28/Oct/2024:20:28:21 +0000] "GET /api/v1/upazilas HTTP/1.1" 200 133584 "-" "PostmanRuntime/7.42.0"

::1 - - [28/Oct/2024:20:31:26 +0000] "GET /api/v1/upazilas HTTP/1.1" 500 1389 "-" "PostmanRuntime/7.42.0"

::1 - - [28/Oct/2024:20:31:34 +0000] "GET /api/v1/upazilas HTTP/1.1" 200 133584 "-" "PostmanRuntime/7.42.0"

::1 - - [28/Oct/2024:20:31:41 +0000] "GET /api/v1/upazilas?name=Jhikargacha HTTP/1.1" 200 363 "-" "PostmanRuntime/7.42.0"

::1 - - [28/Oct/2024:20:31:43 +0000] "GET /api/v1/upazilas?name=Jhikargacha HTTP/1.1" 200 363 "-" "PostmanRuntime/7.42.0"

::1 - - [28/Oct/2024:20:31:45 +0000] "GET /api/v1/upazilas?name=Jhikargacha HTTP/1.1" 200 363 "-" "PostmanRuntime/7.42.0"

::1 - - [28/Oct/2024:20:31:51 +0000] "GET /api/v1/upazilas HTTP/1.1" 200 133584 "-" "PostmanRuntime/7.42.0"

::1 - - [28/Oct/2024:20:31:56 +0000] "GET /api/v1/upazilas HTTP/1.1" 200 133584 "-" "PostmanRuntime/7.42.0"

::1 - - [28/Oct/2024:20:32:04 +0000] "GET /api/v1/upazilas HTTP/1.1" 200 133584 "-" "PostmanRuntime/7.42.0"

::1 - - [28/Oct/2024:20:32:12 +0000] "GET /api/v1/unions?name=Jhikargachha HTTP/1.1" 200 204 "-" "PostmanRuntime/7.42.0"

::1 - - [28/Oct/2024:20:32:18 +0000] "GET /api/v1/unions HTTP/1.1" 200 783262 "-" "PostmanRuntime/7.42.0"

::1 - - [28/Oct/2024:20:34:40 +0000] "GET /api/v1/upazilas HTTP/1.1" 200 133584 "-" "PostmanRuntime/7.42.0"

::1 - - [28/Oct/2024:20:34:50 +0000] "GET /api/v1/upazilas?name=Jhikargacha HTTP/1.1" 200 363 "-" "PostmanRuntime/7.42.0"

::1 - - [28/Oct/2024:20:34:53 +0000] "GET /api/v1/upazilas?name=Jhikargacha HTTP/1.1" 200 363 "-" "PostmanRuntime/7.42.0"

::1 - - [28/Oct/2024:20:34:54 +0000] "GET /api/v1/upazilas?name=Jhikargacha HTTP/1.1" 200 363 "-" "PostmanRuntime/7.42.0"

::1 - - [28/Oct/2024:20:34:56 +0000] "GET /api/v1/upazilas?name=Jhikargacha HTTP/1.1" 200 363 "-" "PostmanRuntime/7.42.0"

::1 - - [28/Oct/2024:20:35:10 +0000] "GET /api/v1/upazilas HTTP/1.1" 200 133584 "-" "PostmanRuntime/7.42.0"

::1 - - [28/Oct/2024:20:35:20 +0000] "GET /api/v1/upazilas?bn_name=%E0%A6%9D%E0%A6%BF%E0%A6%95%E0%A6%B0%E0%A6%97%E0%A6%BE%E0%A6%9B%E0%A6%BE HTTP/1.1" 200 363 "-" "PostmanRuntime/7.42.0"

::1 - - [28/Oct/2024:20:35:51 +0000] "GET /api/v1/upazilas?bn_name=%E0%A6%9D%E0%A6%BF%E0%A6%95%E0%A6%B0%E0%A6%97%E0%A6%BE%E0%A6%9B%E0%A6%BE HTTP/1.1" 200 363 "-" "PostmanRuntime/7.42.0"

::1 - - [28/Oct/2024:20:36:12 +0000] "GET /api/v1/upazilas HTTP/1.1" 200 133584 "-" "PostmanRuntime/7.42.0"

::1 - - [28/Oct/2024:20:36:17 +0000] "GET /api/v1/upazilas?name=Jhikargacha HTTP/1.1" 200 363 "-" "PostmanRuntime/7.42.0"

::1 - - [28/Oct/2024:20:37:14 +0000] "GET /api/v1/upazilas HTTP/1.1" 200 133584 "-" "PostmanRuntime/7.42.0"

::1 - - [28/Oct/2024:20:37:20 +0000] "GET /api/v1/upazilas?name=Jhikargacha HTTP/1.1" 200 363 "-" "PostmanRuntime/7.42.0"

::1 - - [28/Oct/2024:20:37:24 +0000] "GET /api/v1/upazilas?name=Jhikargacha HTTP/1.1" 200 363 "-" "PostmanRuntime/7.42.0"

::1 - - [28/Oct/2024:20:37:26 +0000] "GET /api/v1/upazilas?name=Jhikargacha HTTP/1.1" 200 363 "-" "PostmanRuntime/7.42.0"

::1 - - [28/Oct/2024:20:37:30 +0000] "GET /api/v1/upazilas?district_id=20&name=Jhikargacha HTTP/1.1" 200 2135 "-" "PostmanRuntime/7.42.0"

::1 - - [28/Oct/2024:20:37:39 +0000] "GET /api/v1/upazilas?district_id=20 HTTP/1.1" 200 2135 "-" "PostmanRuntime/7.42.0"

::1 - - [28/Oct/2024:20:37:45 +0000] "GET /api/v1/upazilas?bn_name=%E0%A6%9D%E0%A6%BF%E0%A6%95%E0%A6%B0%E0%A6%97%E0%A6%BE%E0%A6%9B%E0%A6%BE HTTP/1.1" 200 363 "-" "PostmanRuntime/7.42.0"

::1 - - [28/Oct/2024:20:37:53 +0000] "GET /api/v1/upazilas HTTP/1.1" 200 133584 "-" "PostmanRuntime/7.42.0"

::1 - - [28/Oct/2024:20:37:58 +0000] "GET /api/v1/upazilas HTTP/1.1" 200 133584 "-" "PostmanRuntime/7.42.0"

::1 - - [28/Oct/2024:20:38:03 +0000] "GET /api/v1/upazilas HTTP/1.1" 200 133584 "-" "PostmanRuntime/7.42.0"

::1 - - [28/Oct/2024:20:39:29 +0000] "GET /api/v1/upazilas HTTP/1.1" 500 1389 "-" "PostmanRuntime/7.42.0"

::1 - - [28/Oct/2024:20:39:32 +0000] "GET /api/v1/upazilas HTTP/1.1" 200 133595 "-" "PostmanRuntime/7.42.0"

::1 - - [28/Oct/2024:20:39:39 +0000] "GET /api/v1/upazilas HTTP/1.1" 200 133584 "-" "PostmanRuntime/7.42.0"

::1 - - [28/Oct/2024:20:39:45 +0000] "GET /api/v1/upazilas HTTP/1.1" 200 133595 "-" "PostmanRuntime/7.42.0"

::1 - - [28/Oct/2024:20:39:57 +0000] "GET /api/v1/upazilas HTTP/1.1" 200 133584 "-" "PostmanRuntime/7.42.0"

::1 - - [28/Oct/2024:20:40:00 +0000] "GET /api/v1/upazilas HTTP/1.1" 200 133595 "-" "PostmanRuntime/7.42.0"

::1 - - [28/Oct/2024:20:40:37 +0000] "GET /api/v1/upazilas HTTP/1.1" 200 133584 "-" "PostmanRuntime/7.42.0"

::1 - - [28/Oct/2024:20:40:48 +0000] "GET /api/v1/upazilas?name=Jhikargacha HTTP/1.1" 200 363 "-" "PostmanRuntime/7.42.0"

::1 - - [28/Oct/2024:20:41:01 +0000] "GET /api/v1/upazilas HTTP/1.1" 200 133595 "-" "PostmanRuntime/7.42.0"

::1 - - [28/Oct/2024:20:41:09 +0000] "GET /api/v1/upazilas?name=Jhikargacha HTTP/1.1" 200 201 "-" "PostmanRuntime/7.42.0"

::1 - - [28/Oct/2024:20:41:11 +0000] "GET /api/v1/upazilas?name=Jhikargacha HTTP/1.1" 200 225 "-" "PostmanRuntime/7.42.0"

::1 - - [28/Oct/2024:20:41:12 +0000] "GET /api/v1/upazilas?name=Jhikargacha HTTP/1.1" 200 225 "-" "PostmanRuntime/7.42.0"

::1 - - [28/Oct/2024:20:41:13 +0000] "GET /api/v1/upazilas?name=Jhikargacha HTTP/1.1" 200 225 "-" "PostmanRuntime/7.42.0"

::1 - - [28/Oct/2024:20:41:16 +0000] "GET /api/v1/upazilas HTTP/1.1" 200 212 "-" "PostmanRuntime/7.42.0"

::1 - - [28/Oct/2024:20:41:22 +0000] "GET /api/v1/upazilas HTTP/1.1" 200 133584 "-" "PostmanRuntime/7.42.0"

::1 - - [28/Oct/2024:20:41:33 +0000] "GET /api/v1/upazilas HTTP/1.1" 200 133595 "-" "PostmanRuntime/7.42.0"

::1 - - [28/Oct/2024:20:41:40 +0000] "GET /api/v1/upazilas HTTP/1.1" 200 133584 "-" "PostmanRuntime/7.42.0"

::1 - - [28/Oct/2024:20:41:50 +0000] "GET /api/v1/upazilas HTTP/1.1" 200 133595 "-" "PostmanRuntime/7.42.0"

::1 - - [28/Oct/2024:20:41:56 +0000] "GET /api/v1/upazilas?name=Jhikargacha HTTP/1.1" 200 201 "-" "PostmanRuntime/7.42.0"

::1 - - [28/Oct/2024:20:42:08 +0000] "GET /api/v1/upazilas?name=Jhikargacha HTTP/1.1" 200 225 "-" "PostmanRuntime/7.42.0"

::1 - - [28/Oct/2024:20:42:09 +0000] "GET /api/v1/upazilas?name=Jhikargacha HTTP/1.1" 200 225 "-" "PostmanRuntime/7.42.0"

::1 - - [28/Oct/2024:20:42:10 +0000] "GET /api/v1/upazilas?name=Jhikargacha HTTP/1.1" 200 225 "-" "PostmanRuntime/7.42.0"

::1 - - [28/Oct/2024:20:42:11 +0000] "GET /api/v1/upazilas?name=Jhikargacha HTTP/1.1" 200 225 "-" "PostmanRuntime/7.42.0"

::1 - - [28/Oct/2024:20:42:12 +0000] "GET /api/v1/upazilas?name=Jhikargacha HTTP/1.1" 200 225 "-" "PostmanRuntime/7.42.0"

::1 - - [28/Oct/2024:20:42:21 +0000] "GET /api/v1/upazilas?name=Jhikargacha HTTP/1.1" 200 225 "-" "PostmanRuntime/7.42.0"

::1 - - [28/Oct/2024:20:42:29 +0000] "GET /api/v1/upazilas HTTP/1.1" 200 133584 "-" "PostmanRuntime/7.42.0"

::1 - - [28/Oct/2024:20:42:35 +0000] "GET /api/v1/upazilas HTTP/1.1" 200 133584 "-" "PostmanRuntime/7.42.0"

::1 - - [28/Oct/2024:20:42:40 +0000] "GET /api/v1/upazilas HTTP/1.1" 200 133584 "-" "PostmanRuntime/7.42.0"

::1 - - [28/Oct/2024:20:42:46 +0000] "GET /api/v1/upazilas?name=Jhikargacha HTTP/1.1" 200 363 "-" "PostmanRuntime/7.42.0"

::1 - - [28/Oct/2024:20:42:51 +0000] "GET /api/v1/upazilas?name=Jhikargacha HTTP/1.1" 200 363 "-" "PostmanRuntime/7.42.0"

::1 - - [28/Oct/2024:20:42:54 +0000] "GET /api/v1/upazilas?name=Jhikargacha HTTP/1.1" 200 363 "-" "PostmanRuntime/7.42.0"

::1 - - [28/Oct/2024:20:42:56 +0000] "GET /api/v1/upazilas?name=Jhikargacha HTTP/1.1" 200 363 "-" "PostmanRuntime/7.42.0"

::1 - - [28/Oct/2024:20:42:58 +0000] "GET /api/v1/upazilas?name=Jhikargacha HTTP/1.1" 200 363 "-" "PostmanRuntime/7.42.0"

::1 - - [28/Oct/2024:20:44:04 +0000] "GET /api/v1/divisions HTTP/1.1" 200 797 "-" "PostmanRuntime/7.42.0"

::1 - - [28/Oct/2024:20:44:05 +0000] "GET /api/v1/divisions HTTP/1.1" 200 797 "-" "PostmanRuntime/7.42.0"

::1 - - [28/Oct/2024:20:44:06 +0000] "GET /api/v1/divisions HTTP/1.1" 200 797 "-" "PostmanRuntime/7.42.0"

::1 - - [28/Oct/2024:20:44:14 +0000] "GET /api/v1/unions HTTP/1.1" 200 899898 "-" "PostmanRuntime/7.42.0"

::1 - - [28/Oct/2024:20:45:16 +0000] "GET /api/v1/unions HTTP/1.1" 200 910005 "-" "PostmanRuntime/7.42.0"

::1 - - [28/Oct/2024:20:45:29 +0000] "GET /api/v1/unions HTTP/1.1" 200 911698 "-" "PostmanRuntime/7.42.0"

::1 - - [28/Oct/2024:20:45:41 +0000] "GET /api/v1/unions HTTP/1.1" 200 913705 "-" "PostmanRuntime/7.42.0"

::1 - - [28/Oct/2024:20:45:52 +0000] "GET /api/v1/unions?upazila_id=175 HTTP/1.1" 200 2859 "-" "PostmanRuntime/7.42.0"

::1 - - [28/Oct/2024:20:45:56 +0000] "GET /api/v1/unions?upazila_id=175 HTTP/1.1" 200 2859 "-" "PostmanRuntime/7.42.0"

::1 - - [28/Oct/2024:20:45:58 +0000] "GET /api/v1/unions?upazila_id=175 HTTP/1.1" 200 2859 "-" "PostmanRuntime/7.42.0"

::1 - - [28/Oct/2024:20:46:04 +0000] "GET /api/v1/unions?upazila_id=175&name=Jhikargachha HTTP/1.1" 200 2859 "-" "PostmanRuntime/7.42.0"

::1 - - [28/Oct/2024:20:46:08 +0000] "GET /api/v1/unions?upazila_id=175&name=Jhikargachha HTTP/1.1" 200 2859 "-" "PostmanRuntime/7.42.0"

::1 - - [28/Oct/2024:20:46:11 +0000] "GET /api/v1/unions?upazila_id=175&name=Jhikargachha HTTP/1.1" 200 2859 "-" "PostmanRuntime/7.42.0"

::1 - - [28/Oct/2024:20:46:36 +0000] "GET /api/v1/unions?name=Jhikargachha HTTP/1.1" 200 359 "-" "PostmanRuntime/7.42.0"

::1 - - [28/Oct/2024:20:46:56 +0000] "GET /api/v1/unions?name=Jhikargachha HTTP/1.1" 200 359 "-" "PostmanRuntime/7.42.0"

::1 - - [28/Oct/2024:20:47:31 +0000] "GET /api/v1/unions?name=Jhikargachha HTTP/1.1" 200 103 "-" "PostmanRuntime/7.42.0"

::1 - - [28/Oct/2024:20:47:35 +0000] "GET /api/v1/unions?name=Jhikargachha HTTP/1.1" 200 103 "-" "PostmanRuntime/7.42.0"

::1 - - [28/Oct/2024:20:47:44 +0000] "GET /api/v1/unions?upazila_id=175&name=Jhikargachha HTTP/1.1" 200 359 "-" "PostmanRuntime/7.42.0"

::1 - - [28/Oct/2024:20:47:51 +0000] "GET /api/v1/unions?name=Jhikargachha HTTP/1.1" 200 103 "-" "PostmanRuntime/7.42.0"

::1 - - [28/Oct/2024:20:48:43 +0000] "GET /api/v1/unions HTTP/1.1" - - "-" "PostmanRuntime/7.42.0"

::1 - - [28/Oct/2024:20:49:00 +0000] "GET /api/v1/unions HTTP/1.1" 200 946611 "-" "PostmanRuntime/7.42.0"

::1 - - [28/Oct/2024:20:49:04 +0000] "GET /api/v1/unions HTTP/1.1" 200 947101 "-" "PostmanRuntime/7.42.0"

::1 - - [28/Oct/2024:20:49:08 +0000] "GET /api/v1/unions HTTP/1.1" 200 947827 "-" "PostmanRuntime/7.42.0"

::1 - - [28/Oct/2024:20:49:13 +0000] "GET /api/v1/unions?upazila_id=175 HTTP/1.1" 200 1394 "-" "PostmanRuntime/7.42.0"

::1 - - [28/Oct/2024:20:49:14 +0000] "GET /api/v1/unions?upazila_id=175 HTTP/1.1" 200 1394 "-" "PostmanRuntime/7.42.0"

::1 - - [28/Oct/2024:20:49:16 +0000] "GET /api/v1/unions?upazila_id=175 HTTP/1.1" 200 1394 "-" "PostmanRuntime/7.42.0"

::1 - - [28/Oct/2024:20:49:18 +0000] "GET /api/v1/unions?upazila_id=175&name=Jhikargachha HTTP/1.1" 200 204 "-" "PostmanRuntime/7.42.0"

::1 - - [28/Oct/2024:20:49:20 +0000] "GET /api/v1/unions?upazila_id=175&name=Jhikargachha HTTP/1.1" 200 204 "-" "PostmanRuntime/7.42.0"

::1 - - [28/Oct/2024:20:49:23 +0000] "GET /api/v1/unions?name=Jhikargachha HTTP/1.1" 200 204 "-" "PostmanRuntime/7.42.0"

::1 - - [28/Oct/2024:20:49:24 +0000] "GET /api/v1/unions?name=Jhikargachha HTTP/1.1" 200 204 "-" "PostmanRuntime/7.42.0"

::1 - - [28/Oct/2024:20:49:26 +0000] "GET /api/v1/unions?name=Jhikargachha HTTP/1.1" 200 204 "-" "PostmanRuntime/7.42.0"

::1 - - [28/Oct/2024:20:49:31 +0000] "GET /api/v1/unions HTTP/1.1" 200 951645 "-" "PostmanRuntime/7.42.0"

::1 - - [28/Oct/2024:20:49:59 +0000] "GET /api/v1/unions?bn_name=%E0%A6%9D%E0%A6%BF%E0%A6%95%E0%A6%B0%E0%A6%97%E0%A6%BE%E0%A6%9B%E0%A6%BE HTTP/1.1" 200 204 "-" "PostmanRuntime/7.42.0"

::1 - - [28/Oct/2024:20:50:01 +0000] "GET /api/v1/unions?bn_name=%E0%A6%9D%E0%A6%BF%E0%A6%95%E0%A6%B0%E0%A6%97%E0%A6%BE%E0%A6%9B%E0%A6%BE HTTP/1.1" 200 204 "-" "PostmanRuntime/7.42.0"

::1 - - [28/Oct/2024:20:50:02 +0000] "GET /api/v1/unions?bn_name=%E0%A6%9D%E0%A6%BF%E0%A6%95%E0%A6%B0%E0%A6%97%E0%A6%BE%E0%A6%9B%E0%A6%BE HTTP/1.1" 200 204 "-" "PostmanRuntime/7.42.0"

::1 - - [28/Oct/2024:20:50:03 +0000] "GET /api/v1/unions?bn_name=%E0%A6%9D%E0%A6%BF%E0%A6%95%E0%A6%B0%E0%A6%97%E0%A6%BE%E0%A6%9B%E0%A6%BE HTTP/1.1" 200 204 "-" "PostmanRuntime/7.42.0"

::1 - - [28/Oct/2024:20:50:08 +0000] "GET /api/v1/upazilas?name=Jhikargacha HTTP/1.1" 200 363 "-" "PostmanRuntime/7.42.0"

::1 - - [28/Oct/2024:20:50:10 +0000] "GET /api/v1/upazilas?name=Jhikargacha HTTP/1.1" 200 363 "-" "PostmanRuntime/7.42.0"

::1 - - [28/Oct/2024:20:50:11 +0000] "GET /api/v1/upazilas?name=Jhikargacha HTTP/1.1" 200 363 "-" "PostmanRuntime/7.42.0"

::1 - - [28/Oct/2024:20:50:13 +0000] "GET /api/v1/upazilas?name=Jhikargacha HTTP/1.1" 200 363 "-" "PostmanRuntime/7.42.0"

::1 - - [28/Oct/2024:20:50:21 +0000] "GET /api/v1/upazilas?name=Jhikargacha HTTP/1.1" 200 363 "-" "PostmanRuntime/7.42.0"

::1 - - [28/Oct/2024:20:50:22 +0000] "GET /api/v1/upazilas?name=Jhikargacha HTTP/1.1" 200 363 "-" "PostmanRuntime/7.42.0"

::1 - - [28/Oct/2024:20:50:24 +0000] "GET /api/v1/upazilas?name=Jhikargacha HTTP/1.1" 200 363 "-" "PostmanRuntime/7.42.0"

::1 - - [28/Oct/2024:20:50:54 +0000] "GET /api/v1/upazilas HTTP/1.1" - - "-" "PostmanRuntime/7.42.0"

::1 - - [28/Oct/2024:20:51:06 +0000] "GET /api/v1/upazilas HTTP/1.1" 200 133584 "-" "PostmanRuntime/7.42.0"

::1 - - [28/Oct/2024:20:51:08 +0000] "GET /api/v1/upazilas HTTP/1.1" 200 133584 "-" "PostmanRuntime/7.42.0"

::1 - - [28/Oct/2024:20:51:10 +0000] "GET /api/v1/upazilas HTTP/1.1" 200 133584 "-" "PostmanRuntime/7.42.0"

::1 - - [28/Oct/2024:20:51:13 +0000] "GET /api/v1/upazilas?name=Jhikargacha HTTP/1.1" 200 201 "-" "PostmanRuntime/7.42.0"

::1 - - [28/Oct/2024:20:51:14 +0000] "GET /api/v1/upazilas?name=Jhikargacha HTTP/1.1" 200 201 "-" "PostmanRuntime/7.42.0"

::1 - - [28/Oct/2024:20:51:15 +0000] "GET /api/v1/upazilas?name=Jhikargacha HTTP/1.1" 200 201 "-" "PostmanRuntime/7.42.0"

::1 - - [28/Oct/2024:20:51:16 +0000] "GET /api/v1/upazilas?name=Jhikargacha HTTP/1.1" 200 201 "-" "PostmanRuntime/7.42.0"

::1 - - [28/Oct/2024:20:51:17 +0000] "GET /api/v1/upazilas?name=Jhikargacha HTTP/1.1" 200 201 "-" "PostmanRuntime/7.42.0"

::1 - - [28/Oct/2024:20:52:02 +0000] "GET /api/v1/divisions HTTP/1.1" 200 797 "-" "PostmanRuntime/7.42.0"

::1 - - [28/Oct/2024:20:52:03 +0000] "GET /api/v1/divisions HTTP/1.1" 200 797 "-" "PostmanRuntime/7.42.0"

::1 - - [28/Oct/2024:20:52:06 +0000] "GET /api/v1/divisions?name=Chattagram HTTP/1.1" 200 207 "-" "PostmanRuntime/7.42.0"

::1 - - [28/Oct/2024:20:52:07 +0000] "GET /api/v1/divisions?name=Chattagram HTTP/1.1" 200 207 "-" "PostmanRuntime/7.42.0"

::1 - - [28/Oct/2024:20:52:23 +0000] "GET /api/v1/divisions?name=Chattagram HTTP/1.1" 200 183 "-" "PostmanRuntime/7.42.0"

::1 - - [28/Oct/2024:20:52:25 +0000] "GET /api/v1/divisions?name=Chattagram HTTP/1.1" 200 183 "-" "PostmanRuntime/7.42.0"

::1 - - [28/Oct/2024:20:52:27 +0000] "GET /api/v1/divisions?name=Chattagram HTTP/1.1" 200 183 "-" "PostmanRuntime/7.42.0"

::1 - - [28/Oct/2024:20:52:29 +0000] "GET /api/v1/divisions?name=Chattagram HTTP/1.1" 200 183 "-" "PostmanRuntime/7.42.0"

::1 - - [28/Oct/2024:20:52:36 +0000] "GET /api/v1/divisions?name=Chattagram HTTP/1.1" 200 207 "-" "PostmanRuntime/7.42.0"

::1 - - [28/Oct/2024:20:52:38 +0000] "GET /api/v1/divisions?name=Chattagram HTTP/1.1" 200 207 "-" "PostmanRuntime/7.42.0"

::1 - - [28/Oct/2024:20:52:39 +0000] "GET /api/v1/divisions?name=Chattagram HTTP/1.1" 200 207 "-" "PostmanRuntime/7.42.0"

::1 - - [28/Oct/2024:20:52:53 +0000] "GET /api/v1/districts HTTP/1.1" 200 15497 "-" "PostmanRuntime/7.42.0"

::1 - - [28/Oct/2024:20:52:57 +0000] "GET /api/v1/districts HTTP/1.1" 200 15497 "-" "PostmanRuntime/7.42.0"

::1 - - [28/Oct/2024:20:53:01 +0000] "GET /api/v1/districts HTTP/1.1" 200 15497 "-" "PostmanRuntime/7.42.0"

::1 - - [28/Oct/2024:20:53:03 +0000] "GET /api/v1/districts?division_id=3 HTTP/1.1" 200 2411 "-" "PostmanRuntime/7.42.0"

::1 - - [28/Oct/2024:20:53:05 +0000] "GET /api/v1/districts?division_id=3 HTTP/1.1" 200 2411 "-" "PostmanRuntime/7.42.0"

::1 - - [28/Oct/2024:20:53:06 +0000] "GET /api/v1/districts?division_id=3 HTTP/1.1" 200 2411 "-" "PostmanRuntime/7.42.0"

::1 - - [28/Oct/2024:20:53:07 +0000] "GET /api/v1/districts?division_id=3 HTTP/1.1" 200 2411 "-" "PostmanRuntime/7.42.0"

::1 - - [28/Oct/2024:20:53:10 +0000] "GET /api/v1/districts?name=Jashore HTTP/1.1" 200 325 "-" "PostmanRuntime/7.42.0"

::1 - - [28/Oct/2024:20:53:12 +0000] "GET /api/v1/districts?name=Jashore HTTP/1.1" 200 325 "-" "PostmanRuntime/7.42.0"

::1 - - [28/Oct/2024:20:53:13 +0000] "GET /api/v1/districts?name=Jashore HTTP/1.1" 200 325 "-" "PostmanRuntime/7.42.0"

::1 - - [28/Oct/2024:20:53:17 +0000] "GET /api/v1/districts?division_id=3&name=Jashore HTTP/1.1" 200 2411 "-" "PostmanRuntime/7.42.0"

::1 - - [28/Oct/2024:20:53:22 +0000] "GET /api/v1/districts?name=Jashore HTTP/1.1" 200 325 "-" "PostmanRuntime/7.42.0"

::1 - - [28/Oct/2024:20:53:39 +0000] "GET /api/v1/districts?name=Jashore HTTP/1.1" 200 301 "-" "PostmanRuntime/7.42.0"

::1 - - [28/Oct/2024:20:53:41 +0000] "GET /api/v1/districts?name=Jashore HTTP/1.1" 200 301 "-" "PostmanRuntime/7.42.0"

::1 - - [28/Oct/2024:20:53:42 +0000] "GET /api/v1/districts?name=Jashore HTTP/1.1" 200 301 "-" "PostmanRuntime/7.42.0"

::1 - - [28/Oct/2024:20:53:43 +0000] "GET /api/v1/districts?name=Jashore HTTP/1.1" 200 301 "-" "PostmanRuntime/7.42.0"

::1 - - [28/Oct/2024:20:53:45 +0000] "GET /api/v1/districts?name=Jashore HTTP/1.1" 200 301 "-" "PostmanRuntime/7.42.0"

::1 - - [28/Oct/2024:20:53:48 +0000] "GET /api/v1/districts HTTP/1.1" 200 15486 "-" "PostmanRuntime/7.42.0"

::1 - - [28/Oct/2024:20:53:49 +0000] "GET /api/v1/districts HTTP/1.1" 200 15486 "-" "PostmanRuntime/7.42.0"

::1 - - [28/Oct/2024:20:53:50 +0000] "GET /api/v1/districts HTTP/1.1" 200 15486 "-" "PostmanRuntime/7.42.0"

::1 - - [28/Oct/2024:20:53:54 +0000] "GET /api/v1/districts?bn_name=%E0%A6%AF%E0%A6%B6%E0%A7%8B%E0%A6%B0 HTTP/1.1" 200 301 "-" "PostmanRuntime/7.42.0"

::1 - - [28/Oct/2024:20:53:56 +0000] "GET /api/v1/districts?bn_name=%E0%A6%AF%E0%A6%B6%E0%A7%8B%E0%A6%B0 HTTP/1.1" 200 301 "-" "PostmanRuntime/7.42.0"

::1 - - [28/Oct/2024:20:54:00 +0000] "GET /api/v1/districts?division_id=3&bn_name=%E0%A6%AF%E0%A6%B6%E0%A7%8B%E0%A6%B0 HTTP/1.1" 200 301 "-" "PostmanRuntime/7.42.0"

::1 - - [28/Oct/2024:20:54:04 +0000] "GET /api/v1/districts?bn_name=%E0%A6%AF%E0%A6%B6%E0%A7%8B%E0%A6%B0 HTTP/1.1" 200 301 "-" "PostmanRuntime/7.42.0"

::1 - - [28/Oct/2024:20:55:36 +0000] "GET /api/v1/unions HTTP/1.1" 200 1012739 "-" "PostmanRuntime/7.42.0"

::1 - - [28/Oct/2024:20:56:12 +0000] "GET /api/v1/unions HTTP/1.1" 200 1018516 "-" "PostmanRuntime/7.42.0"

::1 - - [28/Oct/2024:20:59:07 +0000] "GET /api/v1/unions HTTP/1.1" 200 1047801 "-" "PostmanRuntime/7.42.0"

::1 - - [28/Oct/2024:21:02:07 +0000] "GET /api/v1/upazilas?name=Jhikargacha HTTP/1.1" 500 1654 "-" "PostmanRuntime/7.42.0"

::1 - - [28/Oct/2024:21:02:09 +0000] "GET /api/v1/upazilas?name=Jhikargacha HTTP/1.1" 500 1654 "-" "PostmanRuntime/7.42.0"

::1 - - [28/Oct/2024:21:02:10 +0000] "GET /api/v1/upazilas?name=Jhikargacha HTTP/1.1" 500 1654 "-" "PostmanRuntime/7.42.0"

::1 - - [28/Oct/2024:21:02:12 +0000] "GET /api/v1/upazilas HTTP/1.1" 500 1678 "-" "PostmanRuntime/7.42.0"

::1 - - [28/Oct/2024:21:02:13 +0000] "GET /api/v1/upazilas HTTP/1.1" 500 1678 "-" "PostmanRuntime/7.42.0"

::1 - - [28/Oct/2024:21:02:27 +0000] "GET /api/v1/divisions?name=Chattagram HTTP/1.1" 200 207 "-" "PostmanRuntime/7.42.0"

::1 - - [28/Oct/2024:21:02:28 +0000] "GET /api/v1/divisions?name=Chattagram HTTP/1.1" 200 207 "-" "PostmanRuntime/7.42.0"

::1 - - [28/Oct/2024:21:02:31 +0000] "GET /api/v1/divisions HTTP/1.1" 200 194 "-" "PostmanRuntime/7.42.0"

::1 - - [28/Oct/2024:21:02:34 +0000] "GET /api/v1/districts?bn_name=%E0%A6%AF%E0%A6%B6%E0%A7%8B%E0%A6%B0 HTTP/1.1" 500 1520 "-" "PostmanRuntime/7.42.0"

::1 - - [28/Oct/2024:21:02:36 +0000] "GET /api/v1/districts HTTP/1.1" 500 1656 "-" "PostmanRuntime/7.42.0"

::1 - - [28/Oct/2024:21:02:38 +0000] "GET /api/v1/districts HTTP/1.1" 500 1656 "-" "PostmanRuntime/7.42.0"

::1 - - [28/Oct/2024:21:02:41 +0000] "GET /api/v1/districts HTTP/1.1" 500 1656 "-" "PostmanRuntime/7.42.0"

::1 - - [28/Oct/2024:21:02:42 +0000] "GET /api/v1/districts HTTP/1.1" 500 1656 "-" "PostmanRuntime/7.42.0"

::1 - - [28/Oct/2024:21:02:43 +0000] "GET /api/v1/districts HTTP/1.1" 500 1656 "-" "PostmanRuntime/7.42.0"

::1 - - [28/Oct/2024:21:02:48 +0000] "GET /api/v1/divisions HTTP/1.1" 200 194 "-" "PostmanRuntime/7.42.0"

::1 - - [28/Oct/2024:21:02:48 +0000] "GET /api/v1/divisions HTTP/1.1" 200 194 "-" "PostmanRuntime/7.42.0"

::1 - - [28/Oct/2024:21:02:55 +0000] "GET /api/v1/districts HTTP/1.1" 500 1656 "-" "PostmanRuntime/7.42.0"

::1 - - [28/Oct/2024:21:02:56 +0000] "GET /api/v1/districts HTTP/1.1" 500 1656 "-" "PostmanRuntime/7.42.0"

::1 - - [28/Oct/2024:21:02:57 +0000] "GET /api/v1/districts HTTP/1.1" 500 1656 "-" "PostmanRuntime/7.42.0"

::1 - - [28/Oct/2024:21:07:02 +0000] "GET / HTTP/1.1" 304 - "-" "Mozilla/5.0 (Macintosh; Intel Mac OS X 10_15_7) AppleWebKit/537.36 (KHTML, like Gecko) Chrome/130.0.0.0 Safari/537.36"

::1 - - [28/Oct/2024:21:07:06 +0000] "GET /clearCache HTTP/1.1" 304 - "-" "Mozilla/5.0 (Macintosh; Intel Mac OS X 10_15_7) AppleWebKit/537.36 (KHTML, like Gecko) Chrome/130.0.0.0 Safari/537.36"

::1 - - [28/Oct/2024:21:07:06 +0000] "GET /favicon.ico HTTP/1.1" 404 150 "-" "Mozilla/5.0 (Macintosh; Intel Mac OS X 10_15_7) AppleWebKit/537.36 (KHTML, like Gecko) Chrome/130.0.0.0 Safari/537.36"

::1 - - [28/Oct/2024:21:07:56 +0000] "GET /api/v1/districts HTTP/1.1" 200 1376 "-" "PostmanRuntime/7.42.0"

::1 - - [28/Oct/2024:21:08:03 +0000] "GET /api/v1/districts HTTP/1.1" 200 2936 "-" "PostmanRuntime/7.42.0"

::1 - - [28/Oct/2024:21:08:07 +0000] "GET /api/v1/districts HTTP/1.1" 200 3416 "-" "PostmanRuntime/7.42.0"

::1 - - [28/Oct/2024:21:08:18 +0000] "GET /api/v1/districts?name=Jashore HTTP/1.1" 200 301 "-" "PostmanRuntime/7.42.0"

::1 - - [28/Oct/2024:21:08:23 +0000] "GET /api/v1/districts HTTP/1.1" 200 6279 "-" "PostmanRuntime/7.42.0"

::1 - - [28/Oct/2024:21:08:39 +0000] "GET /api/v1/districts HTTP/1.1" 200 8832 "-" "PostmanRuntime/7.42.0"

::1 - - [28/Oct/2024:21:11:04 +0000] "GET /api/v1/zones HTTP/1.1" 401 26 "-" "PostmanRuntime/7.42.0"

::1 - - [28/Oct/2024:21:11:15 +0000] "POST /api/v1/login HTTP/1.1" 200 766 "-" "PostmanRuntime/7.42.0"

::1 - - [28/Oct/2024:21:11:19 +0000] "GET /api/v1/zones HTTP/1.1" 200 78 "-" "PostmanRuntime/7.42.0"

::1 - - [28/Oct/2024:21:11:27 +0000] "GET /api/v1/divisions HTTP/1.1" 200 786 "-" "PostmanRuntime/7.42.0"

::1 - - [28/Oct/2024:21:11:34 +0000] "GET /api/v1/divisions HTTP/1.1" 200 797 "-" "PostmanRuntime/7.42.0"

::1 - - [28/Oct/2024:21:11:35 +0000] "GET /api/v1/divisions HTTP/1.1" 200 797 "-" "PostmanRuntime/7.42.0"

::1 - - [28/Oct/2024:21:11:43 +0000] "GET /api/v1/districts HTTP/1.1" 200 15486 "-" "PostmanRuntime/7.42.0"

::1 - - [28/Oct/2024:21:11:47 +0000] "GET /api/v1/districts?name=Jashore HTTP/1.1" 200 301 "-" "PostmanRuntime/7.42.0"

::1 - - [28/Oct/2024:21:11:48 +0000] "GET /api/v1/districts?name=Jashore HTTP/1.1" 200 301 "-" "PostmanRuntime/7.42.0"

::1 - - [28/Oct/2024:21:11:50 +0000] "GET /api/v1/districts?name=Jashore HTTP/1.1" 200 301 "-" "PostmanRuntime/7.42.0"

::1 - - [28/Oct/2024:21:11:59 +0000] "GET /api/v1/districts?division_id=3 HTTP/1.1" 200 1457 "-" "PostmanRuntime/7.42.0"

::1 - - [28/Oct/2024:21:12:14 +0000] "GET /api/v1/upazilas HTTP/1.1" 200 34533 "-" "PostmanRuntime/7.42.0"

::1 - - [28/Oct/2024:21:13:02 +0000] "GET /api/v1/zones HTTP/1.1" 200 78 "-" "PostmanRuntime/7.42.0"

::1 - - [28/Oct/2024:21:13:04 +0000] "GET /api/v1/zones HTTP/1.1" 200 78 "-" "PostmanRuntime/7.42.0"

::1 - - [28/Oct/2024:21:13:05 +0000] "GET /api/v1/zones HTTP/1.1" 200 78 "-" "PostmanRuntime/7.42.0"

::1 - - [28/Oct/2024:21:15:57 +0000] "GET /api/v1/zones/ HTTP/1.1" 200 78 "-" "PostmanRuntime/7.42.0"

::1 - - [28/Oct/2024:21:16:10 +0000] "GET /api/v1/upazilas HTTP/1.1" 200 79960 "-" "PostmanRuntime/7.42.0"

::1 - - [28/Oct/2024:21:54:11 +0000] "GET /api/v1/unions HTTP/1.1" 200 77934 "-" "PostmanRuntime/7.42.0"

::1 - - [28/Oct/2024:21:54:18 +0000] "GET /api/v1/unions HTTP/1.1" 200 79588 "-" "PostmanRuntime/7.42.0"

::1 - - [28/Oct/2024:21:54:27 +0000] "GET /api/v1/unions?name=Jhikargachha HTTP/1.1" 200 79 "-" "PostmanRuntime/7.42.0"

::1 - - [28/Oct/2024:21:54:34 +0000] "GET /api/v1/unions?upazila_id=175&name=Jhikargachha HTTP/1.1" 200 79 "-" "PostmanRuntime/7.42.0"

::1 - - [28/Oct/2024:21:54:39 +0000] "GET /api/v1/unions?upazila_id=175 HTTP/1.1" 200 79 "-" "PostmanRuntime/7.42.0"

::1 - - [28/Oct/2024:22:04:45 +0000] "GET /api/v1/zones HTTP/1.1" 200 78 "-" "PostmanRuntime/7.42.0"

::1 - - [28/Oct/2024:22:10:53 +0000] "GET /api/v1/divisions?bn_name=%E0%A6%96%E0%A7%81%E0%A6%B2%E0%A6%A8%E0%A6%BE HTTP/1.1" 200 187 "-" "PostmanRuntime/7.42.0"

::1 - - [28/Oct/2024:22:11:09 +0000] "GET /api/v1/districts?division_id=3 HTTP/1.1" 200 1457 "-" "PostmanRuntime/7.42.0"

::1 - - [28/Oct/2024:22:11:13 +0000] "GET /api/v1/districts?division_id=3&name=Jashore HTTP/1.1" 200 301 "-" "PostmanRuntime/7.42.0"

::1 - - [28/Oct/2024:22:11:30 +0000] "GET /api/v1/upazilas?district_id=20 HTTP/1.1" 200 1007 "-" "PostmanRuntime/7.42.0"

::1 - - [28/Oct/2024:22:11:33 +0000] "GET /api/v1/upazilas?district_id=20&bn_name=%E0%A6%9D%E0%A6%BF%E0%A6%95%E0%A6%B0%E0%A6%97%E0%A6%BE%E0%A6%9B%E0%A6%BE HTTP/1.1" 200 201 "-" "PostmanRuntime/7.42.0"

::1 - - [28/Oct/2024:22:11:47 +0000] "GET /api/v1/unions?upazila_id=175 HTTP/1.1" 200 79 "-" "PostmanRuntime/7.42.0"

::1 - - [28/Oct/2024:22:11:50 +0000] "GET /api/v1/unions?upazila_id=175&name=Jhikargachha HTTP/1.1" 200 79 "-" "PostmanRuntime/7.42.0"

::1 - - [28/Oct/2024:22:11:52 +0000] "GET /api/v1/unions?name=Jhikargachha HTTP/1.1" 200 79 "-" "PostmanRuntime/7.42.0"

::1 - - [28/Oct/2024:22:12:05 +0000] "GET /api/v1/unions HTTP/1.1" 200 269794 "-" "PostmanRuntime/7.42.0"

::1 - - [28/Oct/2024:22:12:17 +0000] "GET /api/v1/unions?bn_name=%E0%A6%9D%E0%A6%BF%E0%A6%95%E0%A6%B0%E0%A6%97%E0%A6%BE%E0%A6%9B%E0%A6%BE HTTP/1.1" 200 79 "-" "PostmanRuntime/7.42.0"

::1 - - [28/Oct/2024:22:12:21 +0000] "GET /api/v1/unions?upazila_id=175 HTTP/1.1" 200 79 "-" "PostmanRuntime/7.42.0"

::1 - - [28/Oct/2024:22:13:25 +0000] "POST /api/v1/employee-register HTTP/1.1" 401 26 "-" "PostmanRuntime/7.42.0"

::1 - - [28/Oct/2024:22:13:31 +0000] "POST /api/v1/login HTTP/1.1" 200 766 "-" "PostmanRuntime/7.42.0"

::1 - - [28/Oct/2024:22:13:42 +0000] "POST /api/v1/customer-register HTTP/1.1" 500 1454 "-" "PostmanRuntime/7.42.0"

::1 - - [28/Oct/2024:22:16:43 +0000] "POST /api/v1/customer-register HTTP/1.1" 200 67 "-" "PostmanRuntime/7.42.0"

::1 - - [28/Oct/2024:22:17:03 +0000] "POST /api/v1/employee-register HTTP/1.1" 200 86 "-" "PostmanRuntime/7.42.0"

::1 - - [28/Oct/2024:22:17:37 +0000] "POST /api/v1/employee-register HTTP/1.1" 400 174 "-" "PostmanRuntime/7.42.0"

::1 - - [28/Oct/2024:22:18:23 +0000] "POST /api/v1/employee-register HTTP/1.1" 400 65 "-" "PostmanRuntime/7.42.0"

::1 - - [28/Oct/2024:22:18:49 +0000] "POST /api/v1/employee-register HTTP/1.1" 200 92 "-" "PostmanRuntime/7.42.0"

::1 - - [28/Oct/2024:22:19:12 +0000] "GET /api/v1/employees?status=ACTIVE&pagination=true&pageNumber&rowPerPage HTTP/1.1" 200 1795 "-" "PostmanRuntime/7.42.0"

::1 - - [28/Oct/2024:22:19:41 +0000] "GET /api/v1/unions?upazila_id=175 HTTP/1.1" 200 79 "-" "PostmanRuntime/7.42.0"

::1 - - [28/Oct/2024:22:19:46 +0000] "GET /api/v1/unions HTTP/1.1" 200 348851 "-" "PostmanRuntime/7.42.0"

::1 - - [28/Oct/2024:22:21:48 +0000] "GET /api/v1/unions HTTP/1.1" 200 369055 "-" "PostmanRuntime/7.42.0"

::1 - - [28/Oct/2024:22:22:09 +0000] "GET /api/v1/unions HTTP/1.1" 200 372644 "-" "PostmanRuntime/7.42.0"

::1 - - [28/Oct/2024:22:22:29 +0000] "GET /api/v1/unions HTTP/1.1" 200 376131 "-" "PostmanRuntime/7.42.0"

::1 - - [28/Oct/2024:22:23:22 +0000] "GET /api/v1/unions HTTP/1.1" 200 385060 "-" "PostmanRuntime/7.42.0"

::1 - - [28/Oct/2024:22:23:31 +0000] "GET /api/v1/unions HTTP/1.1" 200 386561 "-" "PostmanRuntime/7.42.0"

::1 - - [28/Oct/2024:22:23:44 +0000] "GET /api/v1/unions?name=Jhikargachha HTTP/1.1" 200 204 "-" "PostmanRuntime/7.42.0"

::1 - - [28/Oct/2024:22:23:53 +0000] "POST /api/v1/zones/ HTTP/1.1" 400 75 "-" "PostmanRuntime/7.42.0"

::1 - - [28/Oct/2024:22:24:04 +0000] "POST /api/v1/zones/ HTTP/1.1" 500 3000 "-" "PostmanRuntime/7.42.0"

::1 - - [28/Oct/2024:22:25:08 +0000] "POST /api/v1/zones/ HTTP/1.1" 200 486 "-" "PostmanRuntime/7.42.0"

::1 - - [28/Oct/2024:22:25:28 +0000] "GET /api/v1/zones?id&status&district_id&upazila_id&union_id&operatorId&vendorId HTTP/1.1" 500 2665 "-" "PostmanRuntime/7.42.0"

::1 - - [28/Oct/2024:22:25:36 +0000] "GET /api/v1/zones HTTP/1.1" 200 78 "-" "PostmanRuntime/7.42.0"

::1 - - [28/Oct/2024:22:25:38 +0000] "GET /api/v1/zones HTTP/1.1" 200 78 "-" "PostmanRuntime/7.42.0"

::1 - - [28/Oct/2024:22:25:39 +0000] "GET /api/v1/zones HTTP/1.1" 200 78 "-" "PostmanRuntime/7.42.0"

::1 - - [28/Oct/2024:22:27:01 +0000] "GET /api/v1/zones/1 HTTP/1.1" 200 486 "-" "PostmanRuntime/7.42.0"

::1 - - [28/Oct/2024:22:27:06 +0000] "GET /api/v1/zones HTTP/1.1" 200 78 "-" "PostmanRuntime/7.42.0"

::1 - - [28/Oct/2024:22:27:32 +0000] "GET /api/v1/zones HTTP/1.1" 200 489 "-" "PostmanRuntime/7.42.0"

::1 - - [28/Oct/2024:22:27:49 +0000] "GET /api/v1/zones HTTP/1.1" 200 78 "-" "PostmanRuntime/7.42.0"

::1 - - [28/Oct/2024:22:28:24 +0000] "GET /api/v1/zones HTTP/1.1" 200 489 "-" "PostmanRuntime/7.42.0"

::1 - - [28/Oct/2024:22:28:52 +0000] "GET /api/v1/zones HTTP/1.1" 200 3049 "-" "PostmanRuntime/7.42.0"

::1 - - [28/Oct/2024:22:32:47 +0000] "GET /api/v1/zones HTTP/1.1" 200 987 "-" "PostmanRuntime/7.42.0"

::1 - - [28/Oct/2024:22:32:52 +0000] "GET /api/v1/zones HTTP/1.1" 200 987 "-" "PostmanRuntime/7.42.0"

::1 - - [28/Oct/2024:22:32:56 +0000] "GET /api/v1/zones HTTP/1.1" 200 987 "-" "PostmanRuntime/7.42.0"

::1 - - [28/Oct/2024:22:33:00 +0000] "GET /api/v1/zones HTTP/1.1" 200 987 "-" "PostmanRuntime/7.42.0"

::1 - - [28/Oct/2024:22:34:25 +0000] "GET /api/v1/zones HTTP/1.1" 200 843 "-" "PostmanRuntime/7.42.0"

::1 - - [28/Oct/2024:22:34:29 +0000] "GET /api/v1/zones HTTP/1.1" 200 843 "-" "PostmanRuntime/7.42.0"

::1 - - [28/Oct/2024:22:34:45 +0000] "GET /api/v1/zones HTTP/1.1" 200 843 "-" "PostmanRuntime/7.42.0"

::1 - - [28/Oct/2024:22:34:50 +0000] "GET /api/v1/zones HTTP/1.1" 200 843 "-" "PostmanRuntime/7.42.0"

::1 - - [28/Oct/2024:22:36:18 +0000] "GET /api/v1/zones HTTP/1.1" 200 583 "-" "PostmanRuntime/7.42.0"

::1 - - [28/Oct/2024:22:36:22 +0000] "GET /api/v1/zones HTTP/1.1" 200 583 "-" "PostmanRuntime/7.42.0"

::1 - - [28/Oct/2024:22:36:26 +0000] "GET /api/v1/zones HTTP/1.1" 200 583 "-" "PostmanRuntime/7.42.0"

::1 - - [28/Oct/2024:22:36:28 +0000] "GET /api/v1/zones HTTP/1.1" 200 583 "-" "PostmanRuntime/7.42.0"

::1 - - [28/Oct/2024:22:36:51 +0000] "GET /api/v1/zones HTTP/1.1" 200 868 "-" "PostmanRuntime/7.42.0"

::1 - - [28/Oct/2024:22:37:03 +0000] "GET /api/v1/zones HTTP/1.1" 200 868 "-" "PostmanRuntime/7.42.0"

::1 - - [28/Oct/2024:22:37:07 +0000] "GET /api/v1/zones HTTP/1.1" 200 868 "-" "PostmanRuntime/7.42.0"

::1 - - [28/Oct/2024:22:37:48 +0000] "GET /api/v1/zones/1 HTTP/1.1" 200 486 "-" "PostmanRuntime/7.42.0"

::1 - - [28/Oct/2024:22:37:49 +0000] "GET /api/v1/zones/1 HTTP/1.1" 200 486 "-" "PostmanRuntime/7.42.0"

::1 - - [28/Oct/2024:22:38:17 +0000] "GET /api/v1/zones/1 HTTP/1.1" 200 1050 "-" "PostmanRuntime/7.42.0"

::1 - - [28/Oct/2024:22:38:21 +0000] "GET /api/v1/zones/1 HTTP/1.1" 200 1050 "-" "PostmanRuntime/7.42.0"

::1 - - [28/Oct/2024:22:38:29 +0000] "GET /api/v1/zones/1 HTTP/1.1" 200 1050 "-" "PostmanRuntime/7.42.0"

::1 - - [28/Oct/2024:22:38:34 +0000] "GET /api/v1/zones/1 HTTP/1.1" 200 1050 "-" "PostmanRuntime/7.42.0"

::1 - - [28/Oct/2024:22:38:56 +0000] "GET /api/v1/zones/1 HTTP/1.1" 200 1050 "-" "PostmanRuntime/7.42.0"

::1 - - [28/Oct/2024:22:39:10 +0000] "GET /api/v1/zones/1 HTTP/1.1" 200 865 "-" "PostmanRuntime/7.42.0"

::1 - - [28/Oct/2024:22:39:17 +0000] "GET /api/v1/zones/1 HTTP/1.1" 200 865 "-" "PostmanRuntime/7.42.0"

::1 - - [28/Oct/2024:22:39:21 +0000] "GET /api/v1/zones/1 HTTP/1.1" 200 865 "-" "PostmanRuntime/7.42.0"

::1 - - [28/Oct/2024:22:39:32 +0000] "GET /api/v1/unions?name=Jhikargachha HTTP/1.1" 200 204 "-" "PostmanRuntime/7.42.0"

::1 - - [28/Oct/2024:22:39:36 +0000] "GET /api/v1/unions HTTP/1.1" 200 558652 "-" "PostmanRuntime/7.42.0"

::1 - - [28/Oct/2024:22:40:18 +0000] "GET /api/v1/zones?district_id=33 HTTP/1.1" 200 78 "-" "PostmanRuntime/7.42.0"

::1 - - [28/Oct/2024:22:40:26 +0000] "GET /api/v1/zones?district_id=20 HTTP/1.1" 200 868 "-" "PostmanRuntime/7.42.0"

::1 - - [28/Oct/2024:22:40:55 +0000] "GET /api/v1/unions HTTP/1.1" 200 572297 "-" "PostmanRuntime/7.42.0"

::1 - - [28/Oct/2024:22:41:40 +0000] "GET /api/v1/unions HTTP/1.1" 200 579724 "-" "PostmanRuntime/7.42.0"

::1 - - [29/Oct/2024:03:43:01 +0000] "GET /api/v1/unions HTTP/1.1" 200 610765 "-" "PostmanRuntime/7.42.0"

::1 - - [29/Oct/2024:03:46:02 +0000] "GET /api/v1/unions HTTP/1.1" 200 79 "-" "PostmanRuntime/7.42.0"

::1 - - [29/Oct/2024:03:46:21 +0000] "GET /api/v1/unions HTTP/1.1" 200 1088 "-" "PostmanRuntime/7.42.0"

::1 - - [29/Oct/2024:03:48:59 +0000] "GET /api/v1/unions HTTP/1.1" 200 79 "-" "PostmanRuntime/7.42.0"

::1 - - [29/Oct/2024:03:49:13 +0000] "GET /api/v1/upazilas?district_id=20&bn_name=%E0%A6%9D%E0%A6%BF%E0%A6%95%E0%A6%B0%E0%A6%97%E0%A6%BE%E0%A6%9B%E0%A6%BE HTTP/1.1" 500 1654 "-" "PostmanRuntime/7.42.0"

::1 - - [29/Oct/2024:03:49:18 +0000] "GET /api/v1/upazilas HTTP/1.1" 200 81 "-" "PostmanRuntime/7.42.0"

::1 - - [29/Oct/2024:03:50:30 +0000] "GET /api/v1/upazilas HTTP/1.1" 200 133584 "-" "PostmanRuntime/7.42.0"

::1 - - [29/Oct/2024:03:50:59 +0000] "GET /api/v1/unions HTTP/1.1" 200 571 "-" "PostmanRuntime/7.42.0"

::1 - - [29/Oct/2024:03:51:02 +0000] "GET /api/v1/unions HTTP/1.1" 200 1088 "-" "PostmanRuntime/7.42.0"

::1 - - [29/Oct/2024:03:53:03 +0000] "GET /api/v1/unions HTTP/1.1" 200 79 "-" "PostmanRuntime/7.42.0"

::1 - - [29/Oct/2024:03:56:16 +0000] "GET /api/v1/unions HTTP/1.1" 200 79 "-" "PostmanRuntime/7.42.0"

::1 - - [29/Oct/2024:03:56:18 +0000] "GET /api/v1/unions HTTP/1.1" 200 304 "-" "PostmanRuntime/7.42.0"

::1 - - [29/Oct/2024:03:56:26 +0000] "GET /api/v1/unions HTTP/1.1" 200 1576 "-" "PostmanRuntime/7.42.0"

::1 - - [29/Oct/2024:03:56:35 +0000] "GET /api/v1/unions?name=Yousufpur HTTP/1.1" 200 196 "-" "PostmanRuntime/7.42.0"

::1 - - [29/Oct/2024:03:56:57 +0000] "GET /api/v1/unions HTTP/1.1" 200 5844 "-" "PostmanRuntime/7.42.0"

::1 - - [29/Oct/2024:04:10:03 +0000] "GET /api/v1/upazilas HTTP/1.1" 200 133584 "-" "PostmanRuntime/7.42.0"

::1 - - [29/Oct/2024:04:10:07 +0000] "GET /api/v1/unions HTTP/1.1" 200 69242 "-" "PostmanRuntime/7.42.0"

::1 - - [29/Oct/2024:04:10:16 +0000] "GET /api/v1/unions HTTP/1.1" 200 69242 "-" "PostmanRuntime/7.42.0"

::1 - - [29/Oct/2024:04:10:30 +0000] "GET /api/v1/unions?bn_name=%E0%A6%9D%E0%A6%BF%E0%A6%95%E0%A6%B0%E0%A6%97%E0%A6%BE%E0%A6%9B%E0%A6%BE HTTP/1.1" 200 79 "-" "PostmanRuntime/7.42.0"

::1 - - [29/Oct/2024:04:51:51 +0000] "GET /api/v1/unions?bn_name=%E0%A6%9D%E0%A6%BF%E0%A6%95%E0%A6%B0%E0%A6%97%E0%A6%BE%E0%A6%9B%E0%A6%BE HTTP/1.1" 200 204 "-" "PostmanRuntime/7.42.0"

::1 - - [29/Oct/2024:04:52:05 +0000] "GET /api/v1/unions HTTP/1.1" 200 415160 "-" "PostmanRuntime/7.42.0"

::1 - - [29/Oct/2024:04:53:54 +0000] "GET /api/v1/districts HTTP/1.1" 200 15486 "-" "PostmanRuntime/7.42.0"

::1 - - [29/Oct/2024:04:54:53 +0000] "GET /api/v1/zones HTTP/1.1" 401 26 "-" "PostmanRuntime/7.42.0"

::1 - - [29/Oct/2024:04:55:01 +0000] "GET /api/v1/zones HTTP/1.1" 401 26 "-" "PostmanRuntime/7.42.0"

::1 - - [29/Oct/2024:04:55:07 +0000] "GET /api/v1/zones?district_id=20 HTTP/1.1" 401 26 "-" "PostmanRuntime/7.42.0"

::1 - - [29/Oct/2024:04:55:30 +0000] "GET /api/v1/zones/1 HTTP/1.1" 401 26 "-" "PostmanRuntime/7.42.0"

::1 - - [29/Oct/2024:05:08:54 +0000] "GET /api/v1/unions HTTP/1.1" 200 562010 "-" "PostmanRuntime/7.42.0"

::1 - - [29/Oct/2024:05:26:22 +0000] "GET /api/v1/employees?status=ACTIVE&pagination=true&pageNumber&rowPerPage&employeeUniqueID HTTP/1.1" 401 26 "-" "PostmanRuntime/7.42.0"

::1 - - [29/Oct/2024:05:26:27 +0000] "GET /api/v1/employees?status=ACTIVE&pagination=true&pageNumber&rowPerPage&employeeUniqueID HTTP/1.1" 401 26 "-" "PostmanRuntime/7.42.0"

::1 - - [29/Oct/2024:05:26:28 +0000] "GET /api/v1/employees?status=ACTIVE&pagination=true&pageNumber&rowPerPage&employeeUniqueID HTTP/1.1" 401 26 "-" "PostmanRuntime/7.42.0"

::1 - - [29/Oct/2024:05:26:29 +0000] "GET /api/v1/employees?status=ACTIVE&pagination=true&pageNumber&rowPerPage&employeeUniqueID HTTP/1.1" 401 26 "-" "PostmanRuntime/7.42.0"

::1 - - [29/Oct/2024:05:26:29 +0000] "POST /api/v1/login HTTP/1.1" 200 766 "-" "PostmanRuntime/7.42.0"

::1 - - [29/Oct/2024:05:26:35 +0000] "GET /api/v1/employees?status=ACTIVE&pagination=true&pageNumber&rowPerPage&employeeUniqueID HTTP/1.1" 200 1795 "-" "PostmanRuntime/7.42.0"

::1 - - [29/Oct/2024:05:30:42 +0000] "GET /api/v1/unions HTTP/1.1" 200 626966 "-" "PostmanRuntime/7.42.0"

::1 - - [29/Oct/2024:05:30:57 +0000] "GET /api/v1/unions?bn_name=%E0%A6%9D%E0%A6%BF%E0%A6%95%E0%A6%B0%E0%A6%97%E0%A6%BE%E0%A6%9B%E0%A6%BE HTTP/1.1" 200 204 "-" "PostmanRuntime/7.42.0"

::1 - - [29/Oct/2024:05:31:03 +0000] "GET /api/v1/unions HTTP/1.1" 200 626857 "-" "PostmanRuntime/7.42.0"

::1 - - [29/Oct/2024:05:31:11 +0000] "GET /api/v1/unions?upazila_id=175 HTTP/1.1" 200 1394 "-" "PostmanRuntime/7.42.0"

::1 - - [29/Oct/2024:05:31:13 +0000] "GET /api/v1/unions?upazila_id=175 HTTP/1.1" 200 1394 "-" "PostmanRuntime/7.42.0"

::1 - - [29/Oct/2024:05:31:24 +0000] "GET /api/v1/unions?upazila_id=175d HTTP/1.1" 200 1394 "-" "PostmanRuntime/7.42.0"

::1 - - [29/Oct/2024:05:31:32 +0000] "GET /api/v1/unions?upazila_id=1753 HTTP/1.1" 200 79 "-" "PostmanRuntime/7.42.0"

::1 - - [29/Oct/2024:05:31:37 +0000] "GET /api/v1/unions?upazila_id=175tt HTTP/1.1" 200 1394 "-" "PostmanRuntime/7.42.0"

::1 - - [29/Oct/2024:05:31:42 +0000] "GET /api/v1/unions?upazila_id=175 HTTP/1.1" 200 1394 "-" "PostmanRuntime/7.42.0"

::1 - - [29/Oct/2024:05:31:49 +0000] "GET /api/v1/unions?upazila_id=17 HTTP/1.1" 200 79 "-" "PostmanRuntime/7.42.0"

::1 - - [29/Oct/2024:05:31:52 +0000] "GET /api/v1/unions?upazila_id=175 HTTP/1.1" 200 1394 "-" "PostmanRuntime/7.42.0"

::1 - - [29/Oct/2024:05:31:57 +0000] "GET /api/v1/unions HTTP/1.1" 200 625602 "-" "PostmanRuntime/7.42.0"

::1 - - [29/Oct/2024:05:33:06 +0000] "GET /api/v1/districts HTTP/1.1" 200 15486 "-" "PostmanRuntime/7.42.0"

::1 - - [29/Oct/2024:05:33:09 +0000] "GET /api/v1/districts HTTP/1.1" 200 15486 "-" "PostmanRuntime/7.42.0"

::1 - - [29/Oct/2024:05:33:15 +0000] "GET /api/v1/divisions?bn_name=%E0%A6%96%E0%A7%81%E0%A6%B2%E0%A6%A8%E0%A6%BE HTTP/1.1" 200 163 "-" "PostmanRuntime/7.42.0"

::1 - - [29/Oct/2024:05:33:17 +0000] "GET /api/v1/divisions?bn_name=%E0%A6%96%E0%A7%81%E0%A6%B2%E0%A6%A8%E0%A6%BE HTTP/1.1" 200 187 "-" "PostmanRuntime/7.42.0"

::1 - - [29/Oct/2024:05:33:18 +0000] "GET /api/v1/divisions?bn_name=%E0%A6%96%E0%A7%81%E0%A6%B2%E0%A6%A8%E0%A6%BE HTTP/1.1" 200 187 "-" "PostmanRuntime/7.42.0"

::1 - - [29/Oct/2024:05:33:19 +0000] "GET /api/v1/divisions?bn_name=%E0%A6%96%E0%A7%81%E0%A6%B2%E0%A6%A8%E0%A6%BE HTTP/1.1" 200 187 "-" "PostmanRuntime/7.42.0"

::1 - - [29/Oct/2024:05:33:20 +0000] "GET /api/v1/divisions?bn_name=%E0%A6%96%E0%A7%81%E0%A6%B2%E0%A6%A8%E0%A6%BE HTTP/1.1" 200 187 "-" "PostmanRuntime/7.42.0"

::1 - - [29/Oct/2024:05:33:21 +0000] "GET /api/v1/divisions?bn_name=%E0%A6%96%E0%A7%81%E0%A6%B2%E0%A6%A8%E0%A6%BE HTTP/1.1" 200 187 "-" "PostmanRuntime/7.42.0"

::1 - - [29/Oct/2024:05:33:27 +0000] "GET /api/v1/unions HTTP/1.1" 200 626136 "-" "PostmanRuntime/7.42.0"

::1 - - [29/Oct/2024:05:33:30 +0000] "GET /api/v1/upazilas HTTP/1.1" 200 133584 "-" "PostmanRuntime/7.42.0"

::1 - - [29/Oct/2024:05:33:32 +0000] "GET /api/v1/upazilas HTTP/1.1" 200 133584 "-" "PostmanRuntime/7.42.0"

::1 - - [29/Oct/2024:05:33:34 +0000] "GET /api/v1/upazilas HTTP/1.1" 200 133584 "-" "PostmanRuntime/7.42.0"

::1 - - [29/Oct/2024:05:33:36 +0000] "GET /api/v1/upazilas HTTP/1.1" 200 133584 "-" "PostmanRuntime/7.42.0"

::1 - - [29/Oct/2024:05:33:40 +0000] "GET /api/v1/unions HTTP/1.1" 200 626177 "-" "PostmanRuntime/7.42.0"

::1 - - [29/Oct/2024:05:35:47 +0000] "GET /api/v1/zones HTTP/1.1" 500 1893 "-" "PostmanRuntime/7.42.0"

::1 - - [29/Oct/2024:05:35:56 +0000] "GET /api/v1/zones?district_id=20 HTTP/1.1" 500 1893 "-" "PostmanRuntime/7.42.0"

::1 - - [29/Oct/2024:05:36:13 +0000] "GET /api/v1/zones HTTP/1.1" 500 1893 "-" "PostmanRuntime/7.42.0"

::1 - - [29/Oct/2024:05:36:21 +0000] "GET /api/v1/zones/1 HTTP/1.1" 500 5000 "-" "PostmanRuntime/7.42.0"

::1 - - [29/Oct/2024:13:01:36 +0000] "GET /api/v1/zones HTTP/1.1" 401 26 "-" "PostmanRuntime/7.42.0"

::1 - - [29/Oct/2024:13:01:38 +0000] "GET /api/v1/zones HTTP/1.1" 401 26 "-" "PostmanRuntime/7.42.0"

::1 - - [29/Oct/2024:13:01:46 +0000] "POST /api/v1/login HTTP/1.1" 200 766 "-" "PostmanRuntime/7.42.0"

::1 - - [29/Oct/2024:14:10:19 +0000] "GET /api/v1/unions HTTP/1.1" 200 632493 "-" "PostmanRuntime/7.42.0"

::1 - - [29/Oct/2024:14:41:58 +0000] "POST /api/v1/login HTTP/1.1" 200 766 "-" "PostmanRuntime/7.42.0"

::1 - - [29/Oct/2024:14:42:05 +0000] "GET /api/v1/zones HTTP/1.1" 500 1893 "-" "PostmanRuntime/7.42.0"

::1 - - [29/Oct/2024:14:42:18 +0000] "GET /api/v1/zones?district_id=20 HTTP/1.1" 500 1893 "-" "PostmanRuntime/7.42.0"

::1 - - [29/Oct/2024:14:42:21 +0000] "GET /api/v1/zones?district_id=20 HTTP/1.1" 500 1893 "-" "PostmanRuntime/7.42.0"

::1 - - [29/Oct/2024:14:43:22 +0000] "GET /api/v1/zones?district_id=20 HTTP/1.1" 500 1893 "-" "PostmanRuntime/7.42.0"

::1 - - [29/Oct/2024:14:45:10 +0000] "GET /api/v1/zones?district_id=20 HTTP/1.1" 200 78 "-" "PostmanRuntime/7.42.0"

::1 - - [29/Oct/2024:14:45:12 +0000] "GET /api/v1/zones HTTP/1.1" 200 78 "-" "PostmanRuntime/7.42.0"

::1 - - [29/Oct/2024:14:45:16 +0000] "GET /api/v1/zones/1 HTTP/1.1" 500 5000 "-" "PostmanRuntime/7.42.0"

::1 - - [29/Oct/2024:14:45:18 +0000] "GET /api/v1/zones/1 HTTP/1.1" 500 5000 "-" "PostmanRuntime/7.42.0"

::1 - - [29/Oct/2024:14:45:19 +0000] "GET /api/v1/zones/1 HTTP/1.1" 500 5000 "-" "PostmanRuntime/7.42.0"

::1 - - [29/Oct/2024:14:45:20 +0000] "GET /api/v1/zones/1 HTTP/1.1" 500 5000 "-" "PostmanRuntime/7.42.0"

::1 - - [29/Oct/2024:14:47:11 +0000] "GET /api/v1/zones/1 HTTP/1.1" 500 1944 "-" "PostmanRuntime/7.42.0"

::1 - - [29/Oct/2024:14:48:07 +0000] "GET /api/v1/zones/1 HTTP/1.1" 500 1926 "-" "PostmanRuntime/7.42.0"

::1 - - [29/Oct/2024:14:49:05 +0000] "GET /api/v1/zones/1 HTTP/1.1" 200 79 "-" "PostmanRuntime/7.42.0"

::1 - - [29/Oct/2024:14:49:08 +0000] "GET /api/v1/zones/1 HTTP/1.1" 200 79 "-" "PostmanRuntime/7.42.0"

::1 - - [29/Oct/2024:14:52:54 +0000] "GET /api/v1/customers/ HTTP/1.1" 200 568 "-" "PostmanRuntime/7.42.0"

::1 - - [29/Oct/2024:14:58:27 +0000] "GET /api/v1/employees?status=ACTIVE&pagination=true&pageNumber&rowPerPage&employeeUniqueID HTTP/1.1" 200 1795 "-" "PostmanRuntime/7.42.0"

::1 - - [29/Oct/2024:14:58:47 +0000] "GET /api/v1/employees?employeeUniqueID=EM-20249237-0 HTTP/1.1" 200 896 "-" "PostmanRuntime/7.42.0"

::1 - - [29/Oct/2024:15:24:44 +0000] "GET /api/v1/employees HTTP/1.1" 200 2780 "-" "PostmanRuntime/7.42.0"

::1 - - [29/Oct/2024:15:29:23 +0000] "GET /api/v1/employees HTTP/1.1" 200 4725 "-" "PostmanRuntime/7.42.0"

