::1 - - [25/Oct/2024:18:13:13 +0000] "POST /api/v1/login HTTP/1.1" 200 686 "-" "PostmanRuntime/7.42.0"

::1 - - [25/Oct/2024:19:00:56 +0000] "GET /api/v1/vendor HTTP/1.1" 404 152 "-" "PostmanRuntime/7.42.0"

::1 - - [25/Oct/2024:19:01:08 +0000] "GET /api/v1/vendor HTTP/1.1" 404 152 "-" "PostmanRuntime/7.42.0"

::1 - - [25/Oct/2024:19:01:16 +0000] "GET /api/v1/vendor HTTP/1.1" 404 152 "-" "PostmanRuntime/7.42.0"

::1 - - [25/Oct/2024:19:01:22 +0000] "GET /api/v1/vendors HTTP/1.1" 200 604 "-" "PostmanRuntime/7.42.0"

::1 - - [25/Oct/2024:19:02:21 +0000] "GET /api/v1/vendors HTTP/1.1" 200 452 "-" "PostmanRuntime/7.42.0"

::1 - - [25/Oct/2024:19:03:50 +0000] "GET /api/v1/vendors HTTP/1.1" 200 452 "-" "PostmanRuntime/7.42.0"

::1 - - [25/Oct/2024:19:05:36 +0000] "GET /api/v1/vendor/cm2p39mis0000ijvh85q8mlcf HTTP/1.1" 404 178 "-" "PostmanRuntime/7.42.0"

::1 - - [25/Oct/2024:19:05:41 +0000] "GET /api/v1/vendors/cm2p39mis0000ijvh85q8mlcf HTTP/1.1" 200 449 "-" "PostmanRuntime/7.42.0"

::1 - - [25/Oct/2024:19:09:56 +0000] "GET /api/v1/vendors HTTP/1.1" - - "-" "PostmanRuntime/7.42.0"

::1 - - [25/Oct/2024:19:09:57 +0000] "GET /api/v1/vendors?status=true HTTP/1.1" 400 70 "-" "PostmanRuntime/7.42.0"

::1 - - [25/Oct/2024:19:10:05 +0000] "GET /api/v1/vendors?status=ACTIVE HTTP/1.1" 200 452 "-" "PostmanRuntime/7.42.0"

::1 - - [25/Oct/2024:19:10:11 +0000] "GET /api/v1/vendors?status=INACTIVE HTTP/1.1" 200 80 "-" "PostmanRuntime/7.42.0"

::1 - - [25/Oct/2024:19:10:51 +0000] "GET /api/v1/vendors?status=INACTIVE HTTP/1.1" 200 80 "-" "PostmanRuntime/7.42.0"

::1 - - [25/Oct/2024:19:10:57 +0000] "GET /api/v1/vendors?status=ACTIVE HTTP/1.1" 200 452 "-" "PostmanRuntime/7.42.0"

::1 - - [25/Oct/2024:19:11:25 +0000] "GET / HTTP/1.1" 200 11 "-" "Mozilla/5.0 (Macintosh; Intel Mac OS X 10_15_7) AppleWebKit/537.36 (KHTML, like Gecko) Chrome/130.0.0.0 Safari/537.36"

::1 - - [25/Oct/2024:19:11:25 +0000] "GET /favicon.ico HTTP/1.1" 404 150 "-" "Mozilla/5.0 (Macintosh; Intel Mac OS X 10_15_7) AppleWebKit/537.36 (KHTML, like Gecko) Chrome/130.0.0.0 Safari/537.36"

::1 - - [25/Oct/2024:19:11:34 +0000] "GET /clearCache HTTP/1.1" 200 26 "-" "Mozilla/5.0 (Macintosh; Intel Mac OS X 10_15_7) AppleWebKit/537.36 (KHTML, like Gecko) Chrome/130.0.0.0 Safari/537.36"

::1 - - [25/Oct/2024:19:12:56 +0000] "GET /api/v1/vendors?status=ACTIVE HTTP/1.1" 200 452 "-" "PostmanRuntime/7.42.0"

::1 - - [25/Oct/2024:19:12:57 +0000] "GET /api/v1/vendors?status=ACTIVE HTTP/1.1" 200 452 "-" "PostmanRuntime/7.42.0"

::1 - - [25/Oct/2024:19:12:58 +0000] "GET /api/v1/vendors?status=ACTIVE HTTP/1.1" 200 452 "-" "PostmanRuntime/7.42.0"

::1 - - [25/Oct/2024:19:12:59 +0000] "GET /api/v1/vendors?status=ACTIVE HTTP/1.1" 200 452 "-" "PostmanRuntime/7.42.0"

::1 - - [25/Oct/2024:19:13:01 +0000] "GET /api/v1/vendors?status=ACTIVE HTTP/1.1" 200 452 "-" "PostmanRuntime/7.42.0"

::1 - - [25/Oct/2024:19:13:02 +0000] "GET /api/v1/vendors?status=ACTIVE HTTP/1.1" 200 452 "-" "PostmanRuntime/7.42.0"

::1 - - [25/Oct/2024:19:13:16 +0000] "POST /api/v1/login HTTP/1.1" 404 57 "-" "PostmanRuntime/7.42.0"

::1 - - [25/Oct/2024:19:13:31 +0000] "POST /api/v1/login HTTP/1.1" 200 766 "-" "PostmanRuntime/7.42.0"

::1 - - [25/Oct/2024:19:14:24 +0000] "GET /api/v1/login-history HTTP/1.1" 200 474 "-" "PostmanRuntime/7.42.0"

::1 - - [25/Oct/2024:19:14:38 +0000] "GET /api/v1/all-users/ HTTP/1.1" 200 253 "-" "PostmanRuntime/7.42.0"

::1 - - [25/Oct/2024:19:14:40 +0000] "GET /api/v1/all-users HTTP/1.1" 200 253 "-" "PostmanRuntime/7.42.0"

::1 - - [25/Oct/2024:19:15:09 +0000] "POST /api/v1/employee-register HTTP/1.1" 500 5393 "-" "PostmanRuntime/7.42.0"

::1 - - [25/Oct/2024:19:22:57 +0000] "POST /api/v1/employee-register HTTP/1.1" 400 67 "-" "PostmanRuntime/7.42.0"

::1 - - [25/Oct/2024:19:23:18 +0000] "POST /api/v1/employee-register HTTP/1.1" 500 5397 "-" "PostmanRuntime/7.42.0"

::1 - - [25/Oct/2024:19:26:47 +0000] "POST /api/v1/employee-register HTTP/1.1" 200 86 "-" "PostmanRuntime/7.42.0"

::1 - - [25/Oct/2024:19:27:28 +0000] "POST /api/v1/login HTTP/1.1" 400 45 "-" "PostmanRuntime/7.42.0"

::1 - - [25/Oct/2024:19:28:22 +0000] "POST /api/v1/login HTTP/1.1" 200 791 "-" "PostmanRuntime/7.42.0"

::1 - - [25/Oct/2024:19:34:25 +0000] "POST /api/v1/customer-register HTTP/1.1" 200 67 "-" "PostmanRuntime/7.42.0"

::1 - - [25/Oct/2024:19:34:41 +0000] "POST /api/v1/login HTTP/1.1" 200 777 "-" "PostmanRuntime/7.42.0"

