::1 - - [06/Nov/2024:08:43:52 +0000] "POST /api/v1/login HTTP/1.1" 200 956 "-" "PostmanRuntime/7.42.0"

::1 - - [06/Nov/2024:08:58:38 +0000] "POST /api/v1/login HTTP/1.1" 200 956 "-" "PostmanRuntime/7.42.0"

::1 - - [06/Nov/2024:08:59:01 +0000] "GET /api/v1/product-purchase?pagination=true&purchaseUniqueId HTTP/1.1" 200 176 "-" "PostmanRuntime/7.42.0"

::1 - - [06/Nov/2024:08:59:05 +0000] "GET /api/v1/product-purchase?pagination=true HTTP/1.1" 200 176 "-" "PostmanRuntime/7.42.0"

::1 - - [06/Nov/2024:08:59:13 +0000] "POST /api/v1/product-purchase HTTP/1.1" 201 85 "-" "PostmanRuntime/7.42.0"

::1 - - [06/Nov/2024:09:00:29 +0000] "GET /api/v1/product-purchase?pagination=true HTTP/1.1" 200 1327 "-" "PostmanRuntime/7.42.0"

::1 - - [06/Nov/2024:09:00:40 +0000] "POST /api/v1/product-purchase HTTP/1.1" 201 85 "-" "PostmanRuntime/7.42.0"

::1 - - [06/Nov/2024:09:00:54 +0000] "GET /api/v1/product-purchase?pagination=true HTTP/1.1" 200 2479 "-" "PostmanRuntime/7.42.0"

::1 - - [06/Nov/2024:09:01:10 +0000] "GET /api/v1/products?pagination=true&status=ACTIVE HTTP/1.1" 200 1778 "-" "PostmanRuntime/7.42.0"

::1 - - [06/Nov/2024:09:01:36 +0000] "GET /api/v1/products?pagination=true&status=ACTIVE HTTP/1.1" 200 1778 "-" "PostmanRuntime/7.42.0"

::1 - - [06/Nov/2024:09:01:47 +0000] "GET /api/v1/product-purchase?pagination=true HTTP/1.1" 200 2479 "-" "PostmanRuntime/7.42.0"

::1 - - [06/Nov/2024:09:02:08 +0000] "GET /api/v1/products?pagination=true&status=ACTIVE HTTP/1.1" 200 1778 "-" "PostmanRuntime/7.42.0"

::1 - - [06/Nov/2024:09:03:30 +0000] "POST /api/v1/product-purchase HTTP/1.1" 201 85 "-" "PostmanRuntime/7.42.0"

::1 - - [06/Nov/2024:09:03:55 +0000] "GET /api/v1/products?pagination=true&status=ACTIVE HTTP/1.1" 200 1778 "-" "PostmanRuntime/7.42.0"

::1 - - [06/Nov/2024:09:06:26 +0000] "POST /api/v1/product-purchase HTTP/1.1" 201 85 "-" "PostmanRuntime/7.42.0"

::1 - - [06/Nov/2024:09:06:43 +0000] "GET /api/v1/products?pagination=true&status=ACTIVE HTTP/1.1" 200 1778 "-" "PostmanRuntime/7.42.0"

::1 - - [06/Nov/2024:09:06:57 +0000] "GET /api/v1/product-stock-report HTTP/1.1" 200 1673 "-" "PostmanRuntime/7.42.0"

::1 - - [06/Nov/2024:09:26:57 +0000] "POST /api/v1/login HTTP/1.1" 200 956 "-" "PostmanRuntime/7.42.0"

::1 - - [06/Nov/2024:09:27:02 +0000] "GET /api/v1/products?pagination=true&status=ACTIVE HTTP/1.1" 200 1775 "-" "PostmanRuntime/7.42.0"

::1 - - [06/Nov/2024:09:27:30 +0000] "POST /api/v1/product-purchase HTTP/1.1" 201 85 "-" "PostmanRuntime/7.42.0"

::1 - - [06/Nov/2024:09:27:45 +0000] "GET /api/v1/products?pagination=true&status=ACTIVE HTTP/1.1" 200 1778 "-" "PostmanRuntime/7.42.0"

::1 - - [06/Nov/2024:10:27:42 +0000] "POST /api/v1/login HTTP/1.1" 404 57 "-" "PostmanRuntime/7.42.0"

::1 - - [06/Nov/2024:10:27:53 +0000] "POST /api/v1/login HTTP/1.1" 404 57 "-" "PostmanRuntime/7.42.0"

::1 - - [06/Nov/2024:10:27:58 +0000] "POST /api/v1/login HTTP/1.1" 404 57 "-" "PostmanRuntime/7.42.0"

::1 - - [06/Nov/2024:10:28:07 +0000] "POST /api/v1/login HTTP/1.1" 200 956 "-" "PostmanRuntime/7.42.0"

::1 - - [06/Nov/2024:10:28:22 +0000] "GET /api/v1/products?pagination=true&status=ACTIVE HTTP/1.1" 500 1831 "-" "PostmanRuntime/7.42.0"

::1 - - [06/Nov/2024:10:29:44 +0000] "GET /api/v1/products?pagination=true&status=ACTIVE HTTP/1.1" 200 1616 "-" "PostmanRuntime/7.42.0"

::1 - - [06/Nov/2024:10:29:49 +0000] "GET /api/v1/products HTTP/1.1" 200 2506 "-" "PostmanRuntime/7.42.0"

::1 - - [06/Nov/2024:10:29:51 +0000] "GET /api/v1/products HTTP/1.1" 200 2506 "-" "PostmanRuntime/7.42.0"

::1 - - [06/Nov/2024:10:34:16 +0000] "GET /api/v1/product-purchase?pagination=true HTTP/1.1" 200 176 "-" "PostmanRuntime/7.42.0"

::1 - - [06/Nov/2024:10:34:22 +0000] "GET /api/v1/products HTTP/1.1" 200 2506 "-" "PostmanRuntime/7.42.0"

::1 - - [06/Nov/2024:10:55:02 +0000] "POST /api/v1/product-purchase HTTP/1.1" 400 77 "-" "PostmanRuntime/7.42.0"

::1 - - [06/Nov/2024:10:55:45 +0000] "GET /api/v1/products HTTP/1.1" 200 2506 "-" "PostmanRuntime/7.42.0"

::1 - - [06/Nov/2024:11:03:12 +0000] "POST /api/v1/product-purchase HTTP/1.1" 201 85 "-" "PostmanRuntime/7.42.0"

::1 - - [06/Nov/2024:11:03:21 +0000] "GET /api/v1/products HTTP/1.1" 200 2606 "-" "PostmanRuntime/7.42.0"

::1 - - [06/Nov/2024:11:05:11 +0000] "GET /api/v1/zones HTTP/1.1" 200 2140 "-" "PostmanRuntime/7.42.0"

::1 - - [06/Nov/2024:11:06:06 +0000] "GET /api/v1/zones HTTP/1.1" 200 2230 "-" "PostmanRuntime/7.42.0"

::1 - - [06/Nov/2024:11:06:11 +0000] "GET /api/v1/zones HTTP/1.1" 200 2230 "-" "PostmanRuntime/7.42.0"

::1 - - [06/Nov/2024:11:06:39 +0000] "GET /api/v1/product-stock-report HTTP/1.1" 200 607 "-" "PostmanRuntime/7.42.0"

::1 - - [06/Nov/2024:11:07:10 +0000] "POST /api/v1/product-purchase HTTP/1.1" 201 85 "-" "PostmanRuntime/7.42.0"

::1 - - [06/Nov/2024:11:07:25 +0000] "GET /api/v1/product-purchase?pagination=true HTTP/1.1" 200 2479 "-" "PostmanRuntime/7.42.0"

::1 - - [06/Nov/2024:11:07:38 +0000] "GET /api/v1/products HTTP/1.1" 200 2606 "-" "PostmanRuntime/7.42.0"

::1 - - [06/Nov/2024:11:08:11 +0000] "GET /api/v1/zones HTTP/1.1" 200 2230 "-" "PostmanRuntime/7.42.0"

::1 - - [06/Nov/2024:11:11:52 +0000] "GET /api/v1/products HTTP/1.1" 200 2664 "-" "PostmanRuntime/7.42.0"

::1 - - [06/Nov/2024:11:21:03 +0000] "POST /api/v1/products HTTP/1.1" 201 70 "-" "PostmanRuntime/7.42.0"

::1 - - [06/Nov/2024:11:21:07 +0000] "GET /api/v1/products HTTP/1.1" 200 3150 "-" "PostmanRuntime/7.42.0"

::1 - - [06/Nov/2024:11:34:20 +0000] "POST /api/v1/product-purchase HTTP/1.1" 401 26 "-" "PostmanRuntime/7.42.0"

::1 - - [06/Nov/2024:11:34:33 +0000] "POST /api/v1/login HTTP/1.1" 200 956 "-" "PostmanRuntime/7.42.0"

::1 - - [06/Nov/2024:11:34:45 +0000] "GET /api/v1/products HTTP/1.1" 200 2506 "-" "PostmanRuntime/7.42.0"

::1 - - [06/Nov/2024:11:35:04 +0000] "GET /api/v1/products HTTP/1.1" 200 2506 "-" "PostmanRuntime/7.42.0"

::1 - - [06/Nov/2024:11:36:15 +0000] "GET /api/v1/products?isProductPurchased=true HTTP/1.1" 500 4063 "-" "PostmanRuntime/7.42.0"

::1 - - [06/Nov/2024:11:36:19 +0000] "GET /api/v1/products?isProductPurchased=true HTTP/1.1" 500 4063 "-" "PostmanRuntime/7.42.0"

::1 - - [06/Nov/2024:11:36:20 +0000] "GET /api/v1/products?isProductPurchased=true HTTP/1.1" 500 4063 "-" "PostmanRuntime/7.42.0"

::1 - - [06/Nov/2024:11:36:43 +0000] "GET /api/v1/products?isProductPurchased=true HTTP/1.1" 200 81 "-" "PostmanRuntime/7.42.0"

::1 - - [06/Nov/2024:11:37:05 +0000] "GET /api/v1/products HTTP/1.1" 200 2641 "-" "PostmanRuntime/7.42.0"

::1 - - [06/Nov/2024:11:37:28 +0000] "POST /api/v1/product-purchase HTTP/1.1" 201 85 "-" "PostmanRuntime/7.42.0"

::1 - - [06/Nov/2024:11:37:37 +0000] "GET /api/v1/products?isProductPurchased=true HTTP/1.1" 200 753 "-" "PostmanRuntime/7.42.0"

::1 - - [06/Nov/2024:12:02:23 +0000] "GET /api/v1/products?isProductPurchased=true HTTP/1.1" 200 753 "-" "PostmanRuntime/7.42.0"

::1 - - [06/Nov/2024:12:59:13 +0000] "POST /api/v1/login HTTP/1.1" 200 956 "-" "PostmanRuntime/7.42.0"

::1 - - [06/Nov/2024:12:59:39 +0000] "POST /api/v1/product-purchase HTTP/1.1" 201 85 "-" "PostmanRuntime/7.42.0"

::1 - - [06/Nov/2024:13:00:35 +0000] "GET /api/v1/product-stock-report HTTP/1.1" 200 644 "-" "PostmanRuntime/7.42.0"

::1 - - [06/Nov/2024:13:08:23 +0000] "GET /api/v1/zones HTTP/1.1" 200 2247 "-" "PostmanRuntime/7.42.0"

::1 - - [06/Nov/2024:13:08:29 +0000] "GET /api/v1/product-stock-report/cm2w8a4rt00022e6d0f1q7wk1?zoneId=cm2xn09y20003o813z01r7dp9 HTTP/1.1" 200 502 "-" "PostmanRuntime/7.42.0"

::1 - - [06/Nov/2024:13:08:49 +0000] "GET /api/v1/product-stock-report/cm2w8a4rt00022e6d0f1q7wk1?zoneId=cm2xn09y20003o813z01r7dp9 HTTP/1.1" 200 504 "-" "PostmanRuntime/7.42.0"

::1 - - [06/Nov/2024:13:09:18 +0000] "POST /api/v1/product-purchase HTTP/1.1" 201 85 "-" "PostmanRuntime/7.42.0"

::1 - - [06/Nov/2024:13:09:24 +0000] "GET /api/v1/product-stock-report/cm2w8a4rt00022e6d0f1q7wk1?zoneId=cm2xn09y20003o813z01r7dp9 HTTP/1.1" 200 934 "-" "PostmanRuntime/7.42.0"

::1 - - [06/Nov/2024:13:09:41 +0000] "GET /api/v1/product-stock-report/cm2w8a4rt00022e6d0f1q7wk1?zoneId=cm2xn09y20003o813z01r7dp9 HTTP/1.1" 200 502 "-" "PostmanRuntime/7.42.0"

::1 - - [06/Nov/2024:13:10:16 +0000] "GET /api/v1/product-stock-report/cm2w8a4rt00022e6d0f1q7wk1?zoneId=cm2xn09y20003o813z01r7dp9 HTTP/1.1" 200 934 "-" "PostmanRuntime/7.42.0"

::1 - - [06/Nov/2024:13:10:52 +0000] "GET /api/v1/product-stock-report/cm2w8a4rt00022e6d0f1q7wk1?zoneId=cm2xn09y20003o813z01r7dp9 HTTP/1.1" 200 934 "-" "PostmanRuntime/7.42.0"

::1 - - [06/Nov/2024:13:27:37 +0000] "GET /api/v1/customers/ HTTP/1.1" 200 78 "-" "PostmanRuntime/7.42.0"

::1 - - [06/Nov/2024:13:27:49 +0000] "POST /api/v1/customer-register HTTP/1.1" 500 1454 "-" "PostmanRuntime/7.42.0"

::1 - - [06/Nov/2024:13:31:07 +0000] "GET /api/v1/vendors?superAdminId=cm2uswab1000012okxu2rv8rl HTTP/1.1" 403 97 "-" "PostmanRuntime/7.42.0"

::1 - - [06/Nov/2024:13:31:08 +0000] "GET /api/v1/vendors?superAdminId=cm2uswab1000012okxu2rv8rl HTTP/1.1" 403 97 "-" "PostmanRuntime/7.42.0"

::1 - - [06/Nov/2024:13:31:16 +0000] "POST /api/v1/login HTTP/1.1" 200 834 "-" "PostmanRuntime/7.42.0"

::1 - - [06/Nov/2024:13:31:22 +0000] "GET /api/v1/vendors?superAdminId=cm2uswab1000012okxu2rv8rl HTTP/1.1" 200 981 "-" "PostmanRuntime/7.42.0"

::1 - - [06/Nov/2024:13:31:47 +0000] "POST /api/v1/customer-register HTTP/1.1" 201 67 "-" "PostmanRuntime/7.42.0"

::1 - - [06/Nov/2024:13:32:09 +0000] "POST /api/v1/login HTTP/1.1" 200 960 "-" "PostmanRuntime/7.42.0"

::1 - - [06/Nov/2024:13:40:27 +0000] "POST /api/v1/make-order HTTP/1.1" 403 90 "-" "PostmanRuntime/7.42.0"

::1 - - [06/Nov/2024:13:40:44 +0000] "POST /api/v1/make-order HTTP/1.1" 403 90 "-" "PostmanRuntime/7.42.0"

::1 - - [06/Nov/2024:13:41:30 +0000] "POST /api/v1/make-order HTTP/1.1" 400 118 "-" "PostmanRuntime/7.42.0"

::1 - - [06/Nov/2024:13:42:35 +0000] "POST /api/v1/make-order HTTP/1.1" 400 118 "-" "PostmanRuntime/7.42.0"

::1 - - [06/Nov/2024:13:42:49 +0000] "POST /api/v1/make-order HTTP/1.1" 400 118 "-" "PostmanRuntime/7.42.0"

::1 - - [06/Nov/2024:13:43:16 +0000] "POST /api/v1/make-order HTTP/1.1" 400 60 "-" "PostmanRuntime/7.42.0"

::1 - - [06/Nov/2024:13:45:03 +0000] "POST /api/v1/make-order HTTP/1.1" 400 60 "-" "PostmanRuntime/7.42.0"

::1 - - [06/Nov/2024:13:45:22 +0000] "POST /api/v1/make-order HTTP/1.1" 201 65 "-" "PostmanRuntime/7.42.0"

::1 - - [06/Nov/2024:13:46:11 +0000] "GET /api/v1/product-stock-report HTTP/1.1" 403 86 "-" "PostmanRuntime/7.42.0"

::1 - - [06/Nov/2024:13:46:28 +0000] "POST /api/v1/login HTTP/1.1" 200 956 "-" "PostmanRuntime/7.42.0"

::1 - - [06/Nov/2024:13:46:35 +0000] "GET /api/v1/product-stock-report HTTP/1.1" 200 1487 "-" "PostmanRuntime/7.42.0"

::1 - - [06/Nov/2024:13:49:03 +0000] "POST /api/v1/make-order HTTP/1.1" 403 90 "-" "PostmanRuntime/7.42.0"

::1 - - [06/Nov/2024:13:49:19 +0000] "POST /api/v1/make-order HTTP/1.1" 403 90 "-" "PostmanRuntime/7.42.0"

::1 - - [06/Nov/2024:13:49:27 +0000] "POST /api/v1/login HTTP/1.1" 404 57 "-" "PostmanRuntime/7.42.0"

::1 - - [06/Nov/2024:13:49:55 +0000] "POST /api/v1/login HTTP/1.1" 200 960 "-" "PostmanRuntime/7.42.0"

::1 - - [06/Nov/2024:13:50:10 +0000] "POST /api/v1/make-order HTTP/1.1" 201 65 "-" "PostmanRuntime/7.42.0"

::1 - - [06/Nov/2024:13:50:33 +0000] "POST /api/v1/make-order HTTP/1.1" 201 65 "-" "PostmanRuntime/7.42.0"

::1 - - [06/Nov/2024:13:59:51 +0000] "POST /api/v1/make-order HTTP/1.1" 201 65 "-" "PostmanRuntime/7.42.0"

::1 - - [06/Nov/2024:14:00:46 +0000] "POST /api/v1/make-order HTTP/1.1" 201 65 "-" "PostmanRuntime/7.42.0"

::1 - - [06/Nov/2024:14:04:04 +0000] "POST /api/v1/customer-register HTTP/1.1" 201 67 "-" "PostmanRuntime/7.42.0"

::1 - - [06/Nov/2024:14:04:12 +0000] "POST /api/v1/login HTTP/1.1" 200 960 "-" "PostmanRuntime/7.42.0"

::1 - - [06/Nov/2024:14:04:24 +0000] "POST /api/v1/login HTTP/1.1" 200 956 "-" "PostmanRuntime/7.42.0"

::1 - - [06/Nov/2024:14:05:26 +0000] "POST /api/v1/product-purchase HTTP/1.1" 201 85 "-" "PostmanRuntime/7.42.0"

::1 - - [06/Nov/2024:14:05:32 +0000] "POST /api/v1/product-purchase HTTP/1.1" 201 85 "-" "PostmanRuntime/7.42.0"

::1 - - [06/Nov/2024:14:05:50 +0000] "POST /api/v1/login HTTP/1.1" 200 960 "-" "PostmanRuntime/7.42.0"

::1 - - [06/Nov/2024:14:06:02 +0000] "GET /api/v1/product-stock-report HTTP/1.1" 403 86 "-" "PostmanRuntime/7.42.0"

::1 - - [06/Nov/2024:14:08:12 +0000] "POST /api/v1/make-order HTTP/1.1" 201 65 "-" "PostmanRuntime/7.42.0"

::1 - - [06/Nov/2024:14:09:01 +0000] "POST /api/v1/make-order HTTP/1.1" 201 65 "-" "PostmanRuntime/7.42.0"

::1 - - [06/Nov/2024:14:11:24 +0000] "POST /api/v1/make-order HTTP/1.1" 201 65 "-" "PostmanRuntime/7.42.0"

::1 - - [06/Nov/2024:14:11:59 +0000] "POST /api/v1/make-order HTTP/1.1" 400 102 "-" "PostmanRuntime/7.42.0"

::1 - - [06/Nov/2024:14:12:01 +0000] "POST /api/v1/make-order HTTP/1.1" 400 102 "-" "PostmanRuntime/7.42.0"

::1 - - [06/Nov/2024:14:12:02 +0000] "POST /api/v1/make-order HTTP/1.1" 400 102 "-" "PostmanRuntime/7.42.0"

::1 - - [06/Nov/2024:14:12:03 +0000] "POST /api/v1/make-order HTTP/1.1" 400 102 "-" "PostmanRuntime/7.42.0"

::1 - - [06/Nov/2024:14:12:04 +0000] "POST /api/v1/make-order HTTP/1.1" 400 102 "-" "PostmanRuntime/7.42.0"

::1 - - [06/Nov/2024:14:12:16 +0000] "GET /api/v1/products?isProductPurchased=true HTTP/1.1" 403 86 "-" "PostmanRuntime/7.42.0"

::1 - - [06/Nov/2024:14:12:17 +0000] "GET /api/v1/products?isProductPurchased=true HTTP/1.1" 403 86 "-" "PostmanRuntime/7.42.0"

::1 - - [06/Nov/2024:14:12:29 +0000] "POST /api/v1/login HTTP/1.1" 200 956 "-" "PostmanRuntime/7.42.0"

::1 - - [06/Nov/2024:14:12:33 +0000] "GET /api/v1/products?isProductPurchased=true HTTP/1.1" 200 753 "-" "PostmanRuntime/7.42.0"

::1 - - [06/Nov/2024:14:12:44 +0000] "GET /api/v1/products?isProductPurchased=true HTTP/1.1" 200 753 "-" "PostmanRuntime/7.42.0"

::1 - - [06/Nov/2024:14:17:30 +0000] "POST /api/v1/customer-register HTTP/1.1" 201 67 "-" "PostmanRuntime/7.42.0"

::1 - - [06/Nov/2024:14:18:19 +0000] "POST /api/v1/login HTTP/1.1" 200 956 "-" "PostmanRuntime/7.42.0"

::1 - - [06/Nov/2024:14:18:26 +0000] "GET /api/v1/products?isProductPurchased=true HTTP/1.1" 200 753 "-" "PostmanRuntime/7.42.0"

::1 - - [06/Nov/2024:14:18:44 +0000] "GET /api/v1/product-stock-report HTTP/1.1" 200 75 "-" "PostmanRuntime/7.42.0"

::1 - - [06/Nov/2024:14:18:57 +0000] "GET /api/v1/products?isProductPurchased=true HTTP/1.1" 200 753 "-" "PostmanRuntime/7.42.0"

::1 - - [06/Nov/2024:14:19:28 +0000] "DELETE /api/v1/products/single/cm2w8a4rt00022e6d0f1q7wk1 HTTP/1.1" 400 60 "-" "PostmanRuntime/7.42.0"

::1 - - [06/Nov/2024:14:20:09 +0000] "GET /api/v1/products?isProductPurchased=true HTTP/1.1" 200 753 "-" "PostmanRuntime/7.42.0"

::1 - - [06/Nov/2024:14:20:17 +0000] "DELETE /api/v1/products/single/cm2w8a4rt00022e6d0f1q7wk1 HTTP/1.1" 400 60 "-" "PostmanRuntime/7.42.0"

::1 - - [06/Nov/2024:14:21:15 +0000] "DELETE /api/v1/products/single/cm2w8a4rt00022e6d0f1q7wk1 HTTP/1.1" 400 60 "-" "PostmanRuntime/7.42.0"

::1 - - [06/Nov/2024:14:21:35 +0000] "DELETE /api/v1/products/single/cm2w8a4rt00022e6d0f1q7wk1 HTTP/1.1" 400 60 "-" "PostmanRuntime/7.42.0"

::1 - - [06/Nov/2024:14:22:20 +0000] "DELETE /api/v1/products/single/cm2w8a4rt00022e6d0f1q7wk1 HTTP/1.1" 400 60 "-" "PostmanRuntime/7.42.0"

::1 - - [06/Nov/2024:14:22:42 +0000] "DELETE /api/v1/products/single/cm2w8a4rt00022e6d0f1q7wk1 HTTP/1.1" 400 60 "-" "PostmanRuntime/7.42.0"

::1 - - [06/Nov/2024:14:27:07 +0000] "DELETE /api/v1/products/single/cm2w8a4rt00022e6d0f1q7wk1 HTTP/1.1" 200 70 "-" "PostmanRuntime/7.42.0"

::1 - - [06/Nov/2024:14:27:13 +0000] "GET /api/v1/products?isProductPurchased=true HTTP/1.1" 200 81 "-" "PostmanRuntime/7.42.0"

::1 - - [06/Nov/2024:14:27:18 +0000] "POST /api/v1/products HTTP/1.1" 201 70 "-" "PostmanRuntime/7.42.0"

::1 - - [06/Nov/2024:14:27:21 +0000] "GET /api/v1/products?isProductPurchased=true HTTP/1.1" 200 81 "-" "PostmanRuntime/7.42.0"

::1 - - [06/Nov/2024:14:27:25 +0000] "GET /api/v1/products HTTP/1.1" 200 2638 "-" "PostmanRuntime/7.42.0"

::1 - - [06/Nov/2024:14:27:44 +0000] "POST /api/v1/product-purchase HTTP/1.1" 201 85 "-" "PostmanRuntime/7.42.0"

::1 - - [06/Nov/2024:14:27:52 +0000] "GET /api/v1/products?isProductPurchased=true HTTP/1.1" 200 750 "-" "PostmanRuntime/7.42.0"

::1 - - [06/Nov/2024:14:28:02 +0000] "GET /api/v1/product-stock-report HTTP/1.1" 200 779 "-" "PostmanRuntime/7.42.0"

::1 - - [06/Nov/2024:14:36:24 +0000] "POST /api/v1/login HTTP/1.1" 200 960 "-" "PostmanRuntime/7.42.0"

::1 - - [06/Nov/2024:14:36:36 +0000] "POST /api/v1/make-order HTTP/1.1" 404 68 "-" "PostmanRuntime/7.42.0"

::1 - - [06/Nov/2024:14:36:57 +0000] "POST /api/v1/make-order HTTP/1.1" 201 65 "-" "PostmanRuntime/7.42.0"

::1 - - [06/Nov/2024:14:37:09 +0000] "GET /api/v1/products?isProductPurchased=true HTTP/1.1" 403 86 "-" "PostmanRuntime/7.42.0"

::1 - - [06/Nov/2024:14:38:28 +0000] "POST /api/v1/login HTTP/1.1" 200 956 "-" "PostmanRuntime/7.42.0"

::1 - - [06/Nov/2024:14:38:38 +0000] "POST /api/v1/product-purchase HTTP/1.1" 201 85 "-" "PostmanRuntime/7.42.0"

::1 - - [06/Nov/2024:14:38:51 +0000] "POST /api/v1/login HTTP/1.1" 200 960 "-" "PostmanRuntime/7.42.0"

::1 - - [06/Nov/2024:14:39:28 +0000] "POST /api/v1/make-order HTTP/1.1" 201 65 "-" "PostmanRuntime/7.42.0"

::1 - - [06/Nov/2024:14:40:00 +0000] "POST /api/v1/make-order HTTP/1.1" 201 65 "-" "PostmanRuntime/7.42.0"

::1 - - [06/Nov/2024:14:40:18 +0000] "POST /api/v1/make-order HTTP/1.1" 400 102 "-" "PostmanRuntime/7.42.0"

::1 - - [06/Nov/2024:14:40:59 +0000] "POST /api/v1/make-order HTTP/1.1" 400 114 "-" "PostmanRuntime/7.42.0"

::1 - - [06/Nov/2024:14:41:11 +0000] "POST /api/v1/make-order HTTP/1.1" 201 65 "-" "PostmanRuntime/7.42.0"

::1 - - [06/Nov/2024:14:42:11 +0000] "GET /api/v1/all-order?pagination=true HTTP/1.1" 404 155 "-" "PostmanRuntime/7.42.0"

::1 - - [06/Nov/2024:14:48:56 +0000] "POST /api/v1/login HTTP/1.1" 200 956 "-" "PostmanRuntime/7.42.0"

::1 - - [06/Nov/2024:14:49:03 +0000] "POST /api/v1/product-purchase HTTP/1.1" 201 85 "-" "PostmanRuntime/7.42.0"

::1 - - [06/Nov/2024:14:49:09 +0000] "POST /api/v1/product-purchase HTTP/1.1" 201 85 "-" "PostmanRuntime/7.42.0"

::1 - - [06/Nov/2024:14:49:19 +0000] "POST /api/v1/login HTTP/1.1" 200 960 "-" "PostmanRuntime/7.42.0"

::1 - - [06/Nov/2024:14:49:31 +0000] "POST /api/v1/make-order HTTP/1.1" 201 65 "-" "PostmanRuntime/7.42.0"

::1 - - [06/Nov/2024:14:50:03 +0000] "POST /api/v1/make-order HTTP/1.1" 201 65 "-" "PostmanRuntime/7.42.0"

::1 - - [06/Nov/2024:14:51:06 +0000] "POST /api/v1/make-order HTTP/1.1" 201 65 "-" "PostmanRuntime/7.42.0"

::1 - - [06/Nov/2024:14:51:29 +0000] "POST /api/v1/make-order HTTP/1.1" 201 65 "-" "PostmanRuntime/7.42.0"

::1 - - [06/Nov/2024:15:02:54 +0000] "POST /api/v1/login HTTP/1.1" 200 956 "-" "PostmanRuntime/7.42.0"

::1 - - [06/Nov/2024:15:03:03 +0000] "POST /api/v1/product-purchase HTTP/1.1" 201 85 "-" "PostmanRuntime/7.42.0"

::1 - - [06/Nov/2024:15:03:08 +0000] "POST /api/v1/login HTTP/1.1" 200 960 "-" "PostmanRuntime/7.42.0"

::1 - - [06/Nov/2024:15:03:18 +0000] "POST /api/v1/make-order HTTP/1.1" 201 65 "-" "PostmanRuntime/7.42.0"

::1 - - [06/Nov/2024:15:03:39 +0000] "POST /api/v1/make-order HTTP/1.1" 201 65 "-" "PostmanRuntime/7.42.0"

::1 - - [06/Nov/2024:15:03:56 +0000] "POST /api/v1/make-order HTTP/1.1" 400 114 "-" "PostmanRuntime/7.42.0"

::1 - - [06/Nov/2024:15:04:01 +0000] "POST /api/v1/make-order HTTP/1.1" 201 65 "-" "PostmanRuntime/7.42.0"

::1 - - [06/Nov/2024:15:10:03 +0000] "POST /api/v1/login HTTP/1.1" 200 956 "-" "PostmanRuntime/7.42.0"

::1 - - [06/Nov/2024:15:10:12 +0000] "POST /api/v1/product-purchase HTTP/1.1" 201 85 "-" "PostmanRuntime/7.42.0"

::1 - - [06/Nov/2024:15:10:19 +0000] "POST /api/v1/login HTTP/1.1" 200 960 "-" "PostmanRuntime/7.42.0"

::1 - - [06/Nov/2024:15:10:36 +0000] "POST /api/v1/make-order HTTP/1.1" 201 65 "-" "PostmanRuntime/7.42.0"

::1 - - [06/Nov/2024:15:11:01 +0000] "POST /api/v1/make-order HTTP/1.1" 201 65 "-" "PostmanRuntime/7.42.0"

::1 - - [06/Nov/2024:15:11:14 +0000] "POST /api/v1/make-order HTTP/1.1" 201 65 "-" "PostmanRuntime/7.42.0"

::1 - - [06/Nov/2024:15:11:30 +0000] "POST /api/v1/make-order HTTP/1.1" 201 65 "-" "PostmanRuntime/7.42.0"

::1 - - [06/Nov/2024:15:18:06 +0000] "POST /api/v1/login HTTP/1.1" 404 57 "-" "PostmanRuntime/7.42.0"

::1 - - [06/Nov/2024:15:18:14 +0000] "POST /api/v1/login HTTP/1.1" 200 956 "-" "PostmanRuntime/7.42.0"

::1 - - [06/Nov/2024:15:18:26 +0000] "POST /api/v1/product-purchase HTTP/1.1" 201 85 "-" "PostmanRuntime/7.42.0"

::1 - - [06/Nov/2024:15:18:34 +0000] "POST /api/v1/login HTTP/1.1" 200 960 "-" "PostmanRuntime/7.42.0"

::1 - - [06/Nov/2024:15:18:54 +0000] "POST /api/v1/make-order HTTP/1.1" 201 65 "-" "PostmanRuntime/7.42.0"

::1 - - [06/Nov/2024:15:19:07 +0000] "POST /api/v1/make-order HTTP/1.1" 201 65 "-" "PostmanRuntime/7.42.0"

::1 - - [06/Nov/2024:15:19:22 +0000] "POST /api/v1/make-order HTTP/1.1" 400 114 "-" "PostmanRuntime/7.42.0"

::1 - - [06/Nov/2024:15:19:26 +0000] "POST /api/v1/make-order HTTP/1.1" 201 65 "-" "PostmanRuntime/7.42.0"

::1 - - [06/Nov/2024:15:23:49 +0000] "POST /api/v1/login HTTP/1.1" 200 956 "-" "PostmanRuntime/7.42.0"

::1 - - [06/Nov/2024:15:23:56 +0000] "POST /api/v1/product-purchase HTTP/1.1" 201 85 "-" "PostmanRuntime/7.42.0"

::1 - - [06/Nov/2024:15:24:04 +0000] "POST /api/v1/login HTTP/1.1" 200 960 "-" "PostmanRuntime/7.42.0"

::1 - - [06/Nov/2024:15:24:21 +0000] "POST /api/v1/make-order HTTP/1.1" 201 65 "-" "PostmanRuntime/7.42.0"

::1 - - [06/Nov/2024:15:26:10 +0000] "POST /api/v1/make-order HTTP/1.1" 201 65 "-" "PostmanRuntime/7.42.0"

::1 - - [06/Nov/2024:15:26:40 +0000] "POST /api/v1/login HTTP/1.1" 200 956 "-" "PostmanRuntime/7.42.0"

::1 - - [06/Nov/2024:15:26:49 +0000] "POST /api/v1/product-purchase HTTP/1.1" 201 85 "-" "PostmanRuntime/7.42.0"

::1 - - [06/Nov/2024:15:26:55 +0000] "POST /api/v1/product-purchase HTTP/1.1" 201 85 "-" "PostmanRuntime/7.42.0"

::1 - - [06/Nov/2024:15:27:11 +0000] "POST /api/v1/login HTTP/1.1" 200 960 "-" "PostmanRuntime/7.42.0"

::1 - - [06/Nov/2024:15:27:23 +0000] "POST /api/v1/make-order HTTP/1.1" 201 65 "-" "PostmanRuntime/7.42.0"

::1 - - [06/Nov/2024:15:27:50 +0000] "POST /api/v1/make-order HTTP/1.1" 201 65 "-" "PostmanRuntime/7.42.0"

::1 - - [06/Nov/2024:15:31:17 +0000] "POST /api/v1/make-order HTTP/1.1" 201 65 "-" "PostmanRuntime/7.42.0"

::1 - - [06/Nov/2024:15:31:39 +0000] "POST /api/v1/make-order HTTP/1.1" 400 66 "-" "PostmanRuntime/7.42.0"

::1 - - [06/Nov/2024:15:31:41 +0000] "POST /api/v1/make-order HTTP/1.1" 400 66 "-" "PostmanRuntime/7.42.0"

::1 - - [06/Nov/2024:15:31:43 +0000] "POST /api/v1/make-order HTTP/1.1" 400 66 "-" "PostmanRuntime/7.42.0"

::1 - - [06/Nov/2024:15:31:44 +0000] "POST /api/v1/make-order HTTP/1.1" 400 66 "-" "PostmanRuntime/7.42.0"

::1 - - [06/Nov/2024:15:32:28 +0000] "POST /api/v1/login HTTP/1.1" 200 956 "-" "PostmanRuntime/7.42.0"

::1 - - [06/Nov/2024:15:32:42 +0000] "POST /api/v1/product-purchase HTTP/1.1" 201 85 "-" "PostmanRuntime/7.42.0"

::1 - - [06/Nov/2024:15:32:49 +0000] "GET /api/v1/products HTTP/1.1" 200 2796 "-" "PostmanRuntime/7.42.0"

::1 - - [06/Nov/2024:15:33:07 +0000] "POST /api/v1/product-purchase HTTP/1.1" 201 85 "-" "PostmanRuntime/7.42.0"

::1 - - [06/Nov/2024:15:33:22 +0000] "POST /api/v1/login HTTP/1.1" 200 960 "-" "PostmanRuntime/7.42.0"

::1 - - [06/Nov/2024:15:33:43 +0000] "POST /api/v1/make-order HTTP/1.1" 201 65 "-" "PostmanRuntime/7.42.0"

::1 - - [06/Nov/2024:15:34:20 +0000] "POST /api/v1/make-order HTTP/1.1" 201 65 "-" "PostmanRuntime/7.42.0"

::1 - - [06/Nov/2024:15:35:05 +0000] "GET /api/v1/product-stock-report HTTP/1.1" 403 86 "-" "PostmanRuntime/7.42.0"

::1 - - [06/Nov/2024:15:35:13 +0000] "POST /api/v1/login HTTP/1.1" 200 956 "-" "PostmanRuntime/7.42.0"

::1 - - [06/Nov/2024:15:35:21 +0000] "GET /api/v1/product-stock-report HTTP/1.1" 200 5011 "-" "PostmanRuntime/7.42.0"

::1 - - [06/Nov/2024:15:36:15 +0000] "GET /api/v1/product-stock-report HTTP/1.1" 200 7537 "-" "PostmanRuntime/7.42.0"

::1 - - [06/Nov/2024:15:37:13 +0000] "GET /api/v1/product-stock-report HTTP/1.1" 200 5291 "-" "PostmanRuntime/7.42.0"

::1 - - [06/Nov/2024:15:37:17 +0000] "GET /api/v1/product-stock-report HTTP/1.1" 200 5291 "-" "PostmanRuntime/7.42.0"

::1 - - [06/Nov/2024:15:37:54 +0000] "POST /api/v1/login/ HTTP/1.1" 200 956 "http://localhost:5173/" "Mozilla/5.0 (Macintosh; Intel Mac OS X 10_15_7) AppleWebKit/537.36 (KHTML, like Gecko) Chrome/130.0.0.0 Safari/537.36"

::1 - - [06/Nov/2024:15:37:57 +0000] "GET /api/v1/vendors/cm2uswab2000112ok44tt2s4f HTTP/1.1" 200 2967 "http://localhost:5173/" "Mozilla/5.0 (Macintosh; Intel Mac OS X 10_15_7) AppleWebKit/537.36 (KHTML, like Gecko) Chrome/130.0.0.0 Safari/537.36"

::1 - - [06/Nov/2024:15:37:57 +0000] "GET /api/v1/user-login-history/?last_login=true HTTP/1.1" 200 253 "http://localhost:5173/" "Mozilla/5.0 (Macintosh; Intel Mac OS X 10_15_7) AppleWebKit/537.36 (KHTML, like Gecko) Chrome/130.0.0.0 Safari/537.36"

::1 - - [06/Nov/2024:15:38:01 +0000] "GET /api/v1/products?status=ACTIVE&pagination=true&pageNumber=1 HTTP/1.1" 200 2009 "http://localhost:5173/" "Mozilla/5.0 (Macintosh; Intel Mac OS X 10_15_7) AppleWebKit/537.36 (KHTML, like Gecko) Chrome/130.0.0.0 Safari/537.36"

::1 - - [06/Nov/2024:15:41:23 +0000] "GET /api/v1/product-category/?status=ACTIVE&pagination=true&pageNumber=1 HTTP/1.1" 304 - "http://localhost:5173/" "Mozilla/5.0 (Macintosh; Intel Mac OS X 10_15_7) AppleWebKit/537.36 (KHTML, like Gecko) Chrome/130.0.0.0 Safari/537.36"

::1 - - [06/Nov/2024:15:41:27 +0000] "GET /api/v1/product-purchase/?pagination=true&pageNumber=1 HTTP/1.1" 200 8226 "http://localhost:5173/" "Mozilla/5.0 (Macintosh; Intel Mac OS X 10_15_7) AppleWebKit/537.36 (KHTML, like Gecko) Chrome/130.0.0.0 Safari/537.36"

::1 - - [06/Nov/2024:15:41:32 +0000] "GET /api/v1/product-purchase/?pagination=true&pageNumber=1 HTTP/1.1" 304 - "http://localhost:5173/" "Mozilla/5.0 (Macintosh; Intel Mac OS X 10_15_7) AppleWebKit/537.36 (KHTML, like Gecko) Chrome/130.0.0.0 Safari/537.36"

::1 - - [06/Nov/2024:15:42:07 +0000] "GET /api/v1/product-stock-report/?pagination=true&pageNumber=1 HTTP/1.1" 200 5372 "http://localhost:5173/" "Mozilla/5.0 (Macintosh; Intel Mac OS X 10_15_7) AppleWebKit/537.36 (KHTML, like Gecko) Chrome/130.0.0.0 Safari/537.36"

::1 - - [06/Nov/2024:15:42:49 +0000] "GET /api/v1/product-stock-report/?pagination=true&pageNumber=1 HTTP/1.1" 304 - "http://localhost:5173/" "Mozilla/5.0 (Macintosh; Intel Mac OS X 10_15_7) AppleWebKit/537.36 (KHTML, like Gecko) Chrome/130.0.0.0 Safari/537.36"

::1 - - [06/Nov/2024:15:43:01 +0000] "GET /api/v1/product-stock-report/?pagination=true&pageNumber=1 HTTP/1.1" 304 - "http://localhost:5173/" "Mozilla/5.0 (Macintosh; Intel Mac OS X 10_15_7) AppleWebKit/537.36 (KHTML, like Gecko) Chrome/130.0.0.0 Safari/537.36"

::1 - - [06/Nov/2024:15:43:17 +0000] "GET /api/v1/product-stock-report/?pagination=true&pageNumber=1 HTTP/1.1" 304 - "http://localhost:5173/" "Mozilla/5.0 (Macintosh; Intel Mac OS X 10_15_7) AppleWebKit/537.36 (KHTML, like Gecko) Chrome/130.0.0.0 Safari/537.36"

::1 - - [06/Nov/2024:15:43:21 +0000] "GET /api/v1/product-stock-report/?pagination=true&pageNumber=1 HTTP/1.1" 304 - "http://localhost:5173/" "Mozilla/5.0 (Macintosh; Intel Mac OS X 10_15_7) AppleWebKit/537.36 (KHTML, like Gecko) Chrome/130.0.0.0 Safari/537.36"

::1 - - [06/Nov/2024:15:43:25 +0000] "GET /api/v1/product-stock-report/?pagination=true&pageNumber=1 HTTP/1.1" 304 - "http://localhost:5173/" "Mozilla/5.0 (Macintosh; Intel Mac OS X 10_15_7) AppleWebKit/537.36 (KHTML, like Gecko) Chrome/130.0.0.0 Safari/537.36"

::1 - - [06/Nov/2024:15:43:28 +0000] "GET /api/v1/product-stock-report/?pagination=true&pageNumber=1 HTTP/1.1" 304 - "http://localhost:5173/" "Mozilla/5.0 (Macintosh; Intel Mac OS X 10_15_7) AppleWebKit/537.36 (KHTML, like Gecko) Chrome/130.0.0.0 Safari/537.36"

::1 - - [06/Nov/2024:15:43:34 +0000] "GET /api/v1/product-stock-report/?pagination=true&pageNumber=1 HTTP/1.1" 304 - "http://localhost:5173/" "Mozilla/5.0 (Macintosh; Intel Mac OS X 10_15_7) AppleWebKit/537.36 (KHTML, like Gecko) Chrome/130.0.0.0 Safari/537.36"

::1 - - [06/Nov/2024:15:43:42 +0000] "GET /api/v1/product-stock-report/?pagination=true&pageNumber=1 HTTP/1.1" 304 - "http://localhost:5173/" "Mozilla/5.0 (Macintosh; Intel Mac OS X 10_15_7) AppleWebKit/537.36 (KHTML, like Gecko) Chrome/130.0.0.0 Safari/537.36"

::1 - - [06/Nov/2024:15:43:51 +0000] "GET /api/v1/product-stock-report/?pagination=true&pageNumber=1 HTTP/1.1" 304 - "http://localhost:5173/" "Mozilla/5.0 (Macintosh; Intel Mac OS X 10_15_7) AppleWebKit/537.36 (KHTML, like Gecko) Chrome/130.0.0.0 Safari/537.36"

::1 - - [06/Nov/2024:15:43:57 +0000] "GET /api/v1/product-stock-report/?pagination=true&pageNumber=1 HTTP/1.1" 304 - "http://localhost:5173/" "Mozilla/5.0 (Macintosh; Intel Mac OS X 10_15_7) AppleWebKit/537.36 (KHTML, like Gecko) Chrome/130.0.0.0 Safari/537.36"

::1 - - [06/Nov/2024:15:44:03 +0000] "GET /api/v1/product-stock-report/?pagination=true&pageNumber=1 HTTP/1.1" 304 - "http://localhost:5173/" "Mozilla/5.0 (Macintosh; Intel Mac OS X 10_15_7) AppleWebKit/537.36 (KHTML, like Gecko) Chrome/130.0.0.0 Safari/537.36"

::1 - - [06/Nov/2024:15:44:10 +0000] "GET /api/v1/product-stock-report/?pagination=true&pageNumber=1 HTTP/1.1" 304 - "http://localhost:5173/" "Mozilla/5.0 (Macintosh; Intel Mac OS X 10_15_7) AppleWebKit/537.36 (KHTML, like Gecko) Chrome/130.0.0.0 Safari/537.36"

::1 - - [06/Nov/2024:15:44:39 +0000] "GET /api/v1/product-stock-report/?pagination=true&pageNumber=1 HTTP/1.1" 304 - "http://localhost:5173/" "Mozilla/5.0 (Macintosh; Intel Mac OS X 10_15_7) AppleWebKit/537.36 (KHTML, like Gecko) Chrome/130.0.0.0 Safari/537.36"

::1 - - [06/Nov/2024:15:44:48 +0000] "GET /api/v1/product-stock-report/?pagination=true&pageNumber=1 HTTP/1.1" 304 - "http://localhost:5173/" "Mozilla/5.0 (Macintosh; Intel Mac OS X 10_15_7) AppleWebKit/537.36 (KHTML, like Gecko) Chrome/130.0.0.0 Safari/537.36"

::1 - - [06/Nov/2024:15:44:54 +0000] "GET /api/v1/product-stock-report/?pagination=true&pageNumber=1 HTTP/1.1" 304 - "http://localhost:5173/" "Mozilla/5.0 (Macintosh; Intel Mac OS X 10_15_7) AppleWebKit/537.36 (KHTML, like Gecko) Chrome/130.0.0.0 Safari/537.36"

::1 - - [06/Nov/2024:15:45:46 +0000] "GET /api/v1/product-stock-report/?pagination=true&pageNumber=1 HTTP/1.1" 304 - "http://localhost:5173/" "Mozilla/5.0 (Macintosh; Intel Mac OS X 10_15_7) AppleWebKit/537.36 (KHTML, like Gecko) Chrome/130.0.0.0 Safari/537.36"

::1 - - [06/Nov/2024:15:45:49 +0000] "GET /api/v1/product-stock-report/?pagination=true&pageNumber=1 HTTP/1.1" 304 - "http://localhost:5173/" "Mozilla/5.0 (Macintosh; Intel Mac OS X 10_15_7) AppleWebKit/537.36 (KHTML, like Gecko) Chrome/130.0.0.0 Safari/537.36"

::1 - - [06/Nov/2024:15:45:52 +0000] "GET /api/v1/product-stock-report/?pagination=true&pageNumber=1 HTTP/1.1" 304 - "http://localhost:5173/" "Mozilla/5.0 (Macintosh; Intel Mac OS X 10_15_7) AppleWebKit/537.36 (KHTML, like Gecko) Chrome/130.0.0.0 Safari/537.36"

::1 - - [06/Nov/2024:15:46:16 +0000] "GET /api/v1/product-stock-report/?pagination=true&pageNumber=1 HTTP/1.1" 304 - "http://localhost:5173/" "Mozilla/5.0 (Macintosh; Intel Mac OS X 10_15_7) AppleWebKit/537.36 (KHTML, like Gecko) Chrome/130.0.0.0 Safari/537.36"

