::1 - - [20/Oct/2024:19:09:08 +0000] "GET / HTTP/1.1" 304 - "-" "Mozilla/5.0 (Macintosh; Intel Mac OS X 10_15_7) AppleWebKit/537.36 (KHTML, like Gecko) Chrome/130.0.0.0 Safari/537.36"

::1 - - [20/Oct/2024:20:02:30 +0000] "GET / HTTP/1.1" 200 11 "-" "Mozilla/5.0 (Macintosh; Intel Mac OS X 10_15_7) AppleWebKit/537.36 (KHTML, like Gecko) Chrome/130.0.0.0 Safari/537.36"

::1 - - [20/Oct/2024:20:02:30 +0000] "GET /favicon.ico HTTP/1.1" 404 150 "-" "Mozilla/5.0 (Macintosh; Intel Mac OS X 10_15_7) AppleWebKit/537.36 (KHTML, like Gecko) Chrome/130.0.0.0 Safari/537.36"

::1 - - [20/Oct/2024:20:07:30 +0000] "GET /api/v1/all-users HTTP/1.1" 404 155 "-" "PostmanRuntime/7.42.0"

::1 - - [20/Oct/2024:20:08:11 +0000] "GET /api/v1/login HTTP/1.1" 404 151 "-" "PostmanRuntime/7.42.0"

::1 - - [20/Oct/2024:20:08:15 +0000] "POST /api/v1/login HTTP/1.1" 404 152 "-" "PostmanRuntime/7.42.0"

::1 - - [20/Oct/2024:20:10:17 +0000] "POST /api/v1/login HTTP/1.1" 404 152 "-" "PostmanRuntime/7.42.0"

::1 - - [20/Oct/2024:20:35:02 +0000] "GET /api/v1/all-users HTTP/1.1" 200 550 "-" "PostmanRuntime/7.42.0"

::1 - - [20/Oct/2024:20:35:31 +0000] "GET /api/v1/all-users HTTP/1.1" 200 550 "-" "PostmanRuntime/7.42.0"

::1 - - [20/Oct/2024:20:38:36 +0000] "GET /api/v1/all-users HTTP/1.1" 200 550 "-" "PostmanRuntime/7.42.0"

::1 - - [20/Oct/2024:20:40:09 +0000] "GET /api/v1/all-users HTTP/1.1" 200 550 "-" "PostmanRuntime/7.42.0"

::1 - - [20/Oct/2024:20:40:17 +0000] "GET /api/v1/all-users HTTP/1.1" 200 550 "-" "PostmanRuntime/7.42.0"

::1 - - [20/Oct/2024:20:40:32 +0000] "GET /api/v1/all-users HTTP/1.1" 500 648 "-" "PostmanRuntime/7.42.0"

::1 - - [20/Oct/2024:20:40:34 +0000] "GET /api/v1/all-users HTTP/1.1" 500 648 "-" "PostmanRuntime/7.42.0"

::1 - - [20/Oct/2024:20:40:35 +0000] "GET /api/v1/all-users HTTP/1.1" 500 648 "-" "PostmanRuntime/7.42.0"

::1 - - [20/Oct/2024:20:41:24 +0000] "GET /api/v1/all-users HTTP/1.1" 200 554 "-" "PostmanRuntime/7.42.0"

::1 - - [20/Oct/2024:20:42:15 +0000] "GET /api/v1/all-users HTTP/1.1" 200 476 "-" "PostmanRuntime/7.42.0"

::1 - - [20/Oct/2024:20:42:45 +0000] "GET /api/v1/all-users HTTP/1.1" 200 458 "-" "PostmanRuntime/7.42.0"

::1 - - [20/Oct/2024:20:43:00 +0000] "GET /api/v1/all-users HTTP/1.1" 200 458 "-" "PostmanRuntime/7.42.0"

::1 - - [20/Oct/2024:20:54:58 +0000] "GET /api/v1/administrator HTTP/1.1" 200 297 "-" "PostmanRuntime/7.42.0"

::1 - - [20/Oct/2024:20:59:13 +0000] "GET /api/v1/others-users HTTP/1.1" 200 78 "-" "PostmanRuntime/7.42.0"

::1 - - [20/Oct/2024:21:10:47 +0000] "GET /api/v1/others-users HTTP/1.1" 200 78 "-" "PostmanRuntime/7.42.0"

::1 - - [20/Oct/2024:21:10:49 +0000] "GET /api/v1/others-users HTTP/1.1" 200 78 "-" "PostmanRuntime/7.42.0"

::1 - - [20/Oct/2024:21:10:58 +0000] "GET /api/v1/others-users HTTP/1.1" 400 78 "-" "PostmanRuntime/7.42.0"

::1 - - [20/Oct/2024:21:11:17 +0000] "GET /api/v1/others-users HTTP/1.1" 200 78 "-" "PostmanRuntime/7.42.0"

::1 - - [20/Oct/2024:21:11:31 +0000] "GET /api/v1/others-users HTTP/1.1" 404 58 "-" "PostmanRuntime/7.42.0"

::1 - - [20/Oct/2024:21:11:42 +0000] "GET /api/v1/others-users HTTP/1.1" 200 78 "-" "PostmanRuntime/7.42.0"

::1 - - [20/Oct/2024:21:11:55 +0000] "GET /api/v1/others-users HTTP/1.1" 200 78 "-" "PostmanRuntime/7.42.0"

::1 - - [20/Oct/2024:21:12:42 +0000] "GET /api/v1/administrator HTTP/1.1" 200 317 "-" "PostmanRuntime/7.42.0"

::1 - - [20/Oct/2024:21:12:47 +0000] "GET /api/v1/all-users HTTP/1.1" 200 462 "-" "PostmanRuntime/7.42.0"

::1 - - [20/Oct/2024:21:13:01 +0000] "GET /api/v1/others-users HTTP/1.1" 200 78 "-" "PostmanRuntime/7.42.0"

