::1 - - [27/Nov/2024:13:25:57 +0000] "POST /api/v1/login HTTP/1.1" 404 57 "-" "PostmanRuntime/7.42.0"

::1 - - [27/Nov/2024:13:27:11 +0000] "POST /api/v1/login HTTP/1.1" 200 960 "-" "PostmanRuntime/7.42.0"

::1 - - [27/Nov/2024:13:27:24 +0000] "POST /api/v1/login HTTP/1.1" 200 956 "-" "PostmanRuntime/7.42.0"

::1 - - [27/Nov/2024:13:28:08 +0000] "POST /api/v1/login/ HTTP/1.1" 200 956 "http://localhost:5173/" "Mozilla/5.0 (Macintosh; Intel Mac OS X 10_15_7) AppleWebKit/537.36 (KHTML, like Gecko) Chrome/131.0.0.0 Safari/537.36"

::1 - - [27/Nov/2024:13:28:11 +0000] "GET /api/v1/user-login-history/?last_login=true HTTP/1.1" 200 253 "http://localhost:5173/" "Mozilla/5.0 (Macintosh; Intel Mac OS X 10_15_7) AppleWebKit/537.36 (KHTML, like Gecko) Chrome/131.0.0.0 Safari/537.36"

::1 - - [27/Nov/2024:13:28:11 +0000] "GET /api/v1/vendors/cm2uswab2000112ok44tt2s4f HTTP/1.1" 200 2967 "http://localhost:5173/" "Mozilla/5.0 (Macintosh; Intel Mac OS X 10_15_7) AppleWebKit/537.36 (KHTML, like Gecko) Chrome/131.0.0.0 Safari/537.36"

::1 - - [27/Nov/2024:13:31:03 +0000] "GET /api/v1/employees/?status=ACTIVE&pagination=true&pageNumber=1 HTTP/1.1" 200 9690 "http://localhost:5173/" "Mozilla/5.0 (Macintosh; Intel Mac OS X 10_15_7) AppleWebKit/537.36 (KHTML, like Gecko) Chrome/131.0.0.0 Safari/537.36"

::1 - - [27/Nov/2024:13:31:19 +0000] "GET /api/v1/employees/?status=ACTIVE&pagination=true&pageNumber=1 HTTP/1.1" 304 - "http://localhost:5173/" "Mozilla/5.0 (Macintosh; Intel Mac OS X 10_15_7) AppleWebKit/537.36 (KHTML, like Gecko) Chrome/131.0.0.0 Safari/537.36"

::1 - - [27/Nov/2024:13:31:23 +0000] "GET /api/v1/product-stock-report/?pagination=true&pageNumber=1 HTTP/1.1" 200 7609 "http://localhost:5173/" "Mozilla/5.0 (Macintosh; Intel Mac OS X 10_15_7) AppleWebKit/537.36 (KHTML, like Gecko) Chrome/131.0.0.0 Safari/537.36"

::1 - - [27/Nov/2024:14:40:50 +0000] "POST /api/v1/login HTTP/1.1" 200 956 "-" "PostmanRuntime/7.42.0"

::1 - - [27/Nov/2024:14:40:53 +0000] "POST /api/v1/make-order HTTP/1.1" 400 115 "-" "PostmanRuntime/7.42.0"

::1 - - [27/Nov/2024:14:41:32 +0000] "POST /api/v1/make-order HTTP/1.1" 400 60 "-" "PostmanRuntime/7.42.0"

::1 - - [27/Nov/2024:14:42:10 +0000] "POST /api/v1/make-order HTTP/1.1" 400 60 "-" "PostmanRuntime/7.42.0"

::1 - - [27/Nov/2024:14:47:53 +0000] "POST /api/v1/make-order HTTP/1.1" 500 1666 "-" "PostmanRuntime/7.42.0"

::1 - - [27/Nov/2024:14:49:11 +0000] "POST /api/v1/make-order HTTP/1.1" 400 60 "-" "PostmanRuntime/7.42.0"

::1 - - [27/Nov/2024:14:57:55 +0000] "POST /api/v1/make-order HTTP/1.1" 400 60 "-" "PostmanRuntime/7.42.0"

::1 - - [27/Nov/2024:14:57:56 +0000] "POST /api/v1/make-order HTTP/1.1" 400 60 "-" "PostmanRuntime/7.42.0"

::1 - - [27/Nov/2024:14:58:17 +0000] "POST /api/v1/make-order HTTP/1.1" 400 60 "-" "PostmanRuntime/7.42.0"

::1 - - [27/Nov/2024:15:05:55 +0000] "POST /api/v1/make-order HTTP/1.1" 500 3565 "-" "PostmanRuntime/7.42.0"

::1 - - [27/Nov/2024:15:06:23 +0000] "POST /api/v1/make-order HTTP/1.1" 201 65 "-" "PostmanRuntime/7.42.0"

::1 - - [27/Nov/2024:16:19:33 +0000] "POST /api/v1/login HTTP/1.1" 200 956 "-" "PostmanRuntime/7.42.0"

::1 - - [27/Nov/2024:16:19:38 +0000] "GET /api/v1/orders?pagination=true&date_range=2024-11-06,2024-11-07&date=Custom HTTP/1.1" 200 160 "-" "PostmanRuntime/7.42.0"

::1 - - [27/Nov/2024:16:19:39 +0000] "GET /api/v1/orders?pagination=true HTTP/1.1" 200 160 "-" "PostmanRuntime/7.42.0"

::1 - - [27/Nov/2024:16:23:48 +0000] "POST /api/v1/make-order HTTP/1.1" 500 756 "-" "PostmanRuntime/7.42.0"

::1 - - [27/Nov/2024:16:23:50 +0000] "POST /api/v1/make-order HTTP/1.1" 500 756 "-" "PostmanRuntime/7.42.0"

::1 - - [27/Nov/2024:16:24:21 +0000] "POST /api/v1/make-order HTTP/1.1" 400 139 "-" "PostmanRuntime/7.42.0"

::1 - - [27/Nov/2024:16:24:22 +0000] "POST /api/v1/make-order HTTP/1.1" 400 139 "-" "PostmanRuntime/7.42.0"

::1 - - [27/Nov/2024:16:24:33 +0000] "POST /api/v1/make-order HTTP/1.1" 400 143 "-" "PostmanRuntime/7.42.0"

::1 - - [27/Nov/2024:16:24:50 +0000] "POST /api/v1/make-order HTTP/1.1" 400 166 "-" "PostmanRuntime/7.42.0"

::1 - - [27/Nov/2024:16:25:09 +0000] "GET /api/v1/products HTTP/1.1" 200 5136 "-" "PostmanRuntime/7.42.0"

::1 - - [27/Nov/2024:16:25:24 +0000] "POST /api/v1/make-order HTTP/1.1" 500 3088 "-" "PostmanRuntime/7.42.0"

::1 - - [27/Nov/2024:16:25:25 +0000] "POST /api/v1/make-order HTTP/1.1" 500 3088 "-" "PostmanRuntime/7.42.0"

::1 - - [27/Nov/2024:16:26:14 +0000] "POST /api/v1/make-order HTTP/1.1" 500 148 "-" "PostmanRuntime/7.42.0"

::1 - - [27/Nov/2024:16:26:24 +0000] "POST /api/v1/make-order HTTP/1.1" 500 148 "-" "PostmanRuntime/7.42.0"

::1 - - [27/Nov/2024:16:26:48 +0000] "POST /api/v1/make-order HTTP/1.1" 500 148 "-" "PostmanRuntime/7.42.0"

::1 - - [27/Nov/2024:16:27:21 +0000] "POST /api/v1/make-order HTTP/1.1" 500 148 "-" "PostmanRuntime/7.42.0"

::1 - - [27/Nov/2024:16:27:36 +0000] "POST /api/v1/make-order HTTP/1.1" 500 148 "-" "PostmanRuntime/7.42.0"

::1 - - [27/Nov/2024:16:28:47 +0000] "POST /api/v1/make-order HTTP/1.1" 500 148 "-" "PostmanRuntime/7.42.0"

::1 - - [27/Nov/2024:16:29:24 +0000] "POST /api/v1/make-order HTTP/1.1" 400 166 "-" "PostmanRuntime/7.42.0"

::1 - - [27/Nov/2024:16:29:25 +0000] "POST /api/v1/make-order HTTP/1.1" 400 166 "-" "PostmanRuntime/7.42.0"

::1 - - [27/Nov/2024:16:29:26 +0000] "POST /api/v1/make-order HTTP/1.1" 400 166 "-" "PostmanRuntime/7.42.0"

::1 - - [27/Nov/2024:16:29:27 +0000] "POST /api/v1/make-order HTTP/1.1" 400 166 "-" "PostmanRuntime/7.42.0"

::1 - - [27/Nov/2024:16:30:44 +0000] "POST /api/v1/make-order HTTP/1.1" 400 148 "-" "PostmanRuntime/7.42.0"

::1 - - [27/Nov/2024:16:30:45 +0000] "POST /api/v1/make-order HTTP/1.1" 400 148 "-" "PostmanRuntime/7.42.0"

::1 - - [27/Nov/2024:16:30:45 +0000] "POST /api/v1/make-order HTTP/1.1" 400 148 "-" "PostmanRuntime/7.42.0"

::1 - - [27/Nov/2024:16:30:46 +0000] "POST /api/v1/make-order HTTP/1.1" 400 148 "-" "PostmanRuntime/7.42.0"

::1 - - [27/Nov/2024:16:30:47 +0000] "POST /api/v1/make-order HTTP/1.1" 400 148 "-" "PostmanRuntime/7.42.0"

::1 - - [27/Nov/2024:16:30:47 +0000] "POST /api/v1/make-order HTTP/1.1" 400 148 "-" "PostmanRuntime/7.42.0"

::1 - - [27/Nov/2024:16:30:48 +0000] "POST /api/v1/make-order HTTP/1.1" 400 148 "-" "PostmanRuntime/7.42.0"

::1 - - [27/Nov/2024:16:30:48 +0000] "POST /api/v1/make-order HTTP/1.1" 400 148 "-" "PostmanRuntime/7.42.0"

::1 - - [27/Nov/2024:16:30:49 +0000] "POST /api/v1/make-order HTTP/1.1" 400 148 "-" "PostmanRuntime/7.42.0"

::1 - - [27/Nov/2024:16:33:50 +0000] "POST /api/v1/make-order HTTP/1.1" 400 148 "-" "PostmanRuntime/7.42.0"

::1 - - [27/Nov/2024:16:33:55 +0000] "POST /api/v1/make-order HTTP/1.1" 400 148 "-" "PostmanRuntime/7.42.0"

::1 - - [27/Nov/2024:16:34:12 +0000] "POST /api/v1/make-order HTTP/1.1" 400 148 "-" "PostmanRuntime/7.42.0"

::1 - - [27/Nov/2024:16:34:13 +0000] "POST /api/v1/make-order HTTP/1.1" 400 148 "-" "PostmanRuntime/7.42.0"

::1 - - [27/Nov/2024:16:34:21 +0000] "POST /api/v1/make-order HTTP/1.1" 400 148 "-" "PostmanRuntime/7.42.0"

::1 - - [27/Nov/2024:16:34:21 +0000] "POST /api/v1/make-order HTTP/1.1" 400 148 "-" "PostmanRuntime/7.42.0"

::1 - - [27/Nov/2024:16:34:42 +0000] "POST /api/v1/make-order HTTP/1.1" 400 148 "-" "PostmanRuntime/7.42.0"

::1 - - [27/Nov/2024:16:34:43 +0000] "POST /api/v1/make-order HTTP/1.1" 400 148 "-" "PostmanRuntime/7.42.0"

::1 - - [27/Nov/2024:16:34:43 +0000] "POST /api/v1/make-order HTTP/1.1" 400 148 "-" "PostmanRuntime/7.42.0"

::1 - - [27/Nov/2024:16:34:51 +0000] "POST /api/v1/make-order HTTP/1.1" 400 148 "-" "PostmanRuntime/7.42.0"

::1 - - [27/Nov/2024:16:34:52 +0000] "POST /api/v1/make-order HTTP/1.1" 400 148 "-" "PostmanRuntime/7.42.0"

::1 - - [27/Nov/2024:16:35:30 +0000] "POST /api/v1/make-order HTTP/1.1" 400 74 "-" "PostmanRuntime/7.42.0"

::1 - - [27/Nov/2024:16:35:46 +0000] "POST /api/v1/make-order HTTP/1.1" 400 98 "-" "PostmanRuntime/7.42.0"

::1 - - [27/Nov/2024:16:37:22 +0000] "POST /api/v1/make-order HTTP/1.1" 500 4239 "-" "PostmanRuntime/7.42.0"

::1 - - [27/Nov/2024:16:41:20 +0000] "POST /api/v1/make-order HTTP/1.1" 201 65 "-" "PostmanRuntime/7.42.0"

::1 - - [27/Nov/2024:16:41:52 +0000] "GET /api/v1/orders?pagination=true HTTP/1.1" 200 738 "-" "PostmanRuntime/7.42.0"

::1 - - [27/Nov/2024:16:42:24 +0000] "GET /api/v1/orders?pagination=true HTTP/1.1" 200 1161 "-" "PostmanRuntime/7.42.0"

::1 - - [27/Nov/2024:16:43:29 +0000] "GET /api/v1/orders?pagination=true HTTP/1.1" 200 925 "-" "PostmanRuntime/7.42.0"

::1 - - [27/Nov/2024:16:43:39 +0000] "GET /api/v1/orders?pagination=true HTTP/1.1" 200 991 "-" "PostmanRuntime/7.42.0"

