::1 - - [07/Nov/2024:18:00:04 +0000] "GET /api/v1/orders?pagination=true&orderById=cm35yqutq0002zh9xhg2yxv8v HTTP/1.1" 200 7893 "-" "PostmanRuntime/7.42.0"

::1 - - [07/Nov/2024:18:00:50 +0000] "GET /api/v1/orders?pagination=true&zoneId=cm2xn09y20003o813z01r7dp9 HTTP/1.1" 200 7893 "-" "PostmanRuntime/7.42.0"

::1 - - [07/Nov/2024:18:01:46 +0000] "GET /api/v1/orders?pagination=true&productId=cm2w8fdh700028l39gb5qracr HTTP/1.1" 200 934 "-" "PostmanRuntime/7.42.0"

::1 - - [07/Nov/2024:18:01:48 +0000] "GET /api/v1/orders?pagination=true&productId=cm2w8fdh700028l39gb5qracra HTTP/1.1" 200 160 "-" "PostmanRuntime/7.42.0"

::1 - - [07/Nov/2024:18:01:50 +0000] "GET /api/v1/orders?pagination=true&productId=cm2w8fdh700028l39gb5qracra HTTP/1.1" 200 160 "-" "PostmanRuntime/7.42.0"

::1 - - [07/Nov/2024:18:01:58 +0000] "GET /api/v1/orders?pagination=true&productId=cm2w8fdh700028l39gb5qracr HTTP/1.1" 200 934 "-" "PostmanRuntime/7.42.0"

::1 - - [07/Nov/2024:18:02:28 +0000] "GET /api/v1/orders?pagination=true&productId=cm2w8fdh700028l39gb5qracr HTTP/1.1" 200 934 "-" "PostmanRuntime/7.42.0"

::1 - - [07/Nov/2024:18:02:51 +0000] "GET /api/v1/orders?pagination=true&productId=cm2w8fdh700028l39gb5qracr HTTP/1.1" 200 934 "-" "PostmanRuntime/7.42.0"

::1 - - [07/Nov/2024:18:03:01 +0000] "GET /api/v1/orders?pagination=true&zoneId=cm2xn09y20003o813z01r7dp9 HTTP/1.1" 200 7894 "-" "PostmanRuntime/7.42.0"

::1 - - [07/Nov/2024:18:03:12 +0000] "GET /api/v1/orders?pagination=true HTTP/1.1" 200 7894 "-" "PostmanRuntime/7.42.0"

::1 - - [07/Nov/2024:18:05:10 +0000] "GET /api/v1/orders?pagination=true&date_range=2022-01-01,2022-01-31 HTTP/1.1" 200 161 "-" "PostmanRuntime/7.42.0"

::1 - - [07/Nov/2024:18:05:27 +0000] "GET /api/v1/orders?pagination=true&date_range=2024-01-01,2024-01-31 HTTP/1.1" 200 161 "-" "PostmanRuntime/7.42.0"

::1 - - [07/Nov/2024:18:06:01 +0000] "GET /api/v1/orders?pagination=true&date_range=2024-01-01,2024-01-31 HTTP/1.1" 200 161 "-" "PostmanRuntime/7.42.0"

::1 - - [07/Nov/2024:18:06:15 +0000] "GET /api/v1/orders?pagination=true&date_range=2024-11-01,2024-11-31 HTTP/1.1" 500 5436 "-" "PostmanRuntime/7.42.0"

::1 - - [07/Nov/2024:18:06:17 +0000] "GET /api/v1/orders?pagination=true&date_range=2024-11-01,2024-11-31 HTTP/1.1" 500 5436 "-" "PostmanRuntime/7.42.0"

::1 - - [07/Nov/2024:18:06:18 +0000] "GET /api/v1/orders?pagination=true&date_range=2024-11-01,2024-11-31 HTTP/1.1" 500 5436 "-" "PostmanRuntime/7.42.0"

::1 - - [07/Nov/2024:18:06:41 +0000] "GET /api/v1/orders?pagination=true&date_range=2024-11-01,%202024-11-31 HTTP/1.1" 500 5436 "-" "PostmanRuntime/7.42.0"

::1 - - [07/Nov/2024:18:07:14 +0000] "GET /api/v1/orders?pagination=true&date_range=2024-11-01,%202024-11-31 HTTP/1.1" 200 7894 "-" "PostmanRuntime/7.42.0"

::1 - - [07/Nov/2024:18:07:29 +0000] "GET /api/v1/orders?pagination=true&date_range=2024-11-07,%202024-11-31 HTTP/1.1" 200 161 "-" "PostmanRuntime/7.42.0"

::1 - - [07/Nov/2024:18:07:40 +0000] "GET /api/v1/orders?pagination=true&date_range=2024-11-06 HTTP/1.1" 500 5436 "-" "PostmanRuntime/7.42.0"

::1 - - [07/Nov/2024:18:08:53 +0000] "GET /api/v1/orders?pagination=true&date_range=2024-11-06 HTTP/1.1" 500 5969 "-" "PostmanRuntime/7.42.0"

::1 - - [07/Nov/2024:18:09:08 +0000] "GET /api/v1/orders?pagination=true&date_range=2024-11-06 HTTP/1.1" 500 5436 "-" "PostmanRuntime/7.42.0"

::1 - - [07/Nov/2024:18:09:09 +0000] "GET /api/v1/orders?pagination=true&date_range=2024-11-06 HTTP/1.1" 500 5436 "-" "PostmanRuntime/7.42.0"

::1 - - [07/Nov/2024:18:09:24 +0000] "GET /api/v1/orders?pagination=true&date_range=2024-11-06,2024-11-06 HTTP/1.1" 200 161 "-" "PostmanRuntime/7.42.0"

::1 - - [07/Nov/2024:18:09:32 +0000] "GET /api/v1/orders?pagination=true&date_range=2024-11-06,2024-11-06 HTTP/1.1" 200 161 "-" "PostmanRuntime/7.42.0"

::1 - - [07/Nov/2024:18:09:39 +0000] "GET /api/v1/orders?pagination=true&date_range=2024-11-06,2024-11-07 HTTP/1.1" 200 7894 "-" "PostmanRuntime/7.42.0"

::1 - - [07/Nov/2024:18:12:20 +0000] "GET /api/v1/orders?pagination=true&date HTTP/1.1" 200 7894 "-" "PostmanRuntime/7.42.0"

::1 - - [07/Nov/2024:18:13:02 +0000] "GET /api/v1/orders?pagination=true&date=2024-11-06 HTTP/1.1" 200 7894 "-" "PostmanRuntime/7.42.0"

::1 - - [07/Nov/2024:18:13:11 +0000] "GET /api/v1/orders?pagination=true&date=Today HTTP/1.1" 500 5176 "-" "PostmanRuntime/7.42.0"

::1 - - [07/Nov/2024:18:13:31 +0000] "GET /api/v1/orders?pagination=true&date=Today HTTP/1.1" 500 5176 "-" "PostmanRuntime/7.42.0"

::1 - - [07/Nov/2024:18:17:47 +0000] "GET /api/v1/orders?pagination=true&date=Today HTTP/1.1" 200 161 "-" "PostmanRuntime/7.42.0"

::1 - - [07/Nov/2024:18:17:49 +0000] "GET /api/v1/orders?pagination=true&date=Today HTTP/1.1" 200 161 "-" "PostmanRuntime/7.42.0"

::1 - - [07/Nov/2024:18:17:51 +0000] "GET /api/v1/orders?pagination=true&date=Today HTTP/1.1" 200 161 "-" "PostmanRuntime/7.42.0"

::1 - - [07/Nov/2024:18:18:03 +0000] "GET /api/v1/orders?pagination=true&date=Yesterday HTTP/1.1" 200 161 "-" "PostmanRuntime/7.42.0"

::1 - - [07/Nov/2024:18:18:05 +0000] "GET /api/v1/orders?pagination=true&date=Yesterday HTTP/1.1" 200 161 "-" "PostmanRuntime/7.42.0"

::1 - - [07/Nov/2024:18:18:16 +0000] "GET /api/v1/orders?pagination=true&date=Last%207%20days HTTP/1.1" 200 7894 "-" "PostmanRuntime/7.42.0"

::1 - - [07/Nov/2024:18:19:27 +0000] "GET /api/v1/orders?pagination=true&date=Yesterday HTTP/1.1" 200 161 "-" "PostmanRuntime/7.42.0"

::1 - - [07/Nov/2024:18:19:55 +0000] "GET /api/v1/orders?pagination=true&date=Yesterday HTTP/1.1" 200 161 "-" "PostmanRuntime/7.42.0"

::1 - - [07/Nov/2024:18:20:34 +0000] "GET /api/v1/orders?pagination=true&date=Yesterday HTTP/1.1" 200 161 "-" "PostmanRuntime/7.42.0"

::1 - - [07/Nov/2024:18:20:44 +0000] "GET /api/v1/orders?pagination=true&date=This%20month HTTP/1.1" 200 161 "-" "PostmanRuntime/7.42.0"

::1 - - [07/Nov/2024:18:20:59 +0000] "GET /api/v1/orders?pagination=true&date=Last%207%20days HTTP/1.1" 200 7894 "-" "PostmanRuntime/7.42.0"

::1 - - [07/Nov/2024:18:21:08 +0000] "GET /api/v1/orders?pagination=true&date=Last%2030%20days HTTP/1.1" 200 7894 "-" "PostmanRuntime/7.42.0"

::1 - - [07/Nov/2024:18:21:17 +0000] "GET /api/v1/orders?pagination=true&date=This%20month HTTP/1.1" 200 161 "-" "PostmanRuntime/7.42.0"

::1 - - [07/Nov/2024:18:21:36 +0000] "GET /api/v1/orders?pagination=true&date=This%20month HTTP/1.1" 200 7894 "-" "PostmanRuntime/7.42.0"

::1 - - [07/Nov/2024:18:21:50 +0000] "GET /api/v1/orders?pagination=true&date=This%20month HTTP/1.1" 200 7894 "-" "PostmanRuntime/7.42.0"

::1 - - [07/Nov/2024:18:23:21 +0000] "GET /api/v1/orders?pagination=true&date=This%20year HTTP/1.1" 200 7894 "-" "PostmanRuntime/7.42.0"

::1 - - [07/Nov/2024:18:23:39 +0000] "GET /api/v1/orders?pagination=true&date=Last%20year HTTP/1.1" 200 7894 "-" "PostmanRuntime/7.42.0"

::1 - - [07/Nov/2024:18:24:06 +0000] "GET /api/v1/orders?pagination=true&date=Last%20year HTTP/1.1" 200 7894 "-" "PostmanRuntime/7.42.0"

::1 - - [07/Nov/2024:18:24:42 +0000] "GET /api/v1/orders?pagination=true&date=Last%20year HTTP/1.1" 200 7894 "-" "PostmanRuntime/7.42.0"

::1 - - [07/Nov/2024:18:30:34 +0000] "GET /api/v1/orders?pagination=true&date=Last%20year HTTP/1.1" 200 160 "-" "PostmanRuntime/7.42.0"

::1 - - [07/Nov/2024:18:30:49 +0000] "GET /api/v1/orders?pagination=true&date_range=2024-11-06,2024-11-07&date=Last%20year HTTP/1.1" 200 160 "-" "PostmanRuntime/7.42.0"

::1 - - [07/Nov/2024:18:30:57 +0000] "GET /api/v1/orders?pagination=true&date_range=2024-11-06,2024-11-07 HTTP/1.1" 200 7894 "-" "PostmanRuntime/7.42.0"

::1 - - [07/Nov/2024:18:31:06 +0000] "GET /api/v1/orders?pagination=true&date_range=2024-11-06,2024-11 HTTP/1.1" 200 7894 "-" "PostmanRuntime/7.42.0"

::1 - - [07/Nov/2024:18:31:20 +0000] "GET /api/v1/orders?pagination=true&date_range=2024-11-06,2024-11-06 HTTP/1.1" 200 7894 "-" "PostmanRuntime/7.42.0"

::1 - - [07/Nov/2024:18:31:30 +0000] "GET /api/v1/orders?pagination=true&date_range=2024-11-06,2024-11-06 HTTP/1.1" 200 7894 "-" "PostmanRuntime/7.42.0"

::1 - - [07/Nov/2024:18:31:32 +0000] "GET /api/v1/orders?pagination=true&date_range=2024-11-06,2024-11-06&date=Custom%20Range HTTP/1.1" 200 160 "-" "PostmanRuntime/7.42.0"

::1 - - [07/Nov/2024:18:31:39 +0000] "GET /api/v1/orders?pagination=true&date_range=2024-11-06,2024-11-07&date=Custom%20Range HTTP/1.1" 200 7894 "-" "PostmanRuntime/7.42.0"

::1 - - [07/Nov/2024:18:31:57 +0000] "GET /api/v1/orders?pagination=true&date_range=2024-11-06,2024-11-07&date=Custom HTTP/1.1" 200 7894 "-" "PostmanRuntime/7.42.0"

