::1 - - [23/Oct/2024:19:09:50 +0000] "POST /api/v1/login/ HTTP/1.1" - - "http://localhost:5173/" "Mozilla/5.0 (Macintosh; Intel Mac OS X 10_15_7) AppleWebKit/537.36 (KHTML, like Gecko) Chrome/130.0.0.0 Safari/537.36"

::1 - - [23/Oct/2024:19:10:03 +0000] "POST /api/v1/login/ HTTP/1.1" 200 521 "http://localhost:5173/" "Mozilla/5.0 (Macintosh; Intel Mac OS X 10_15_7) AppleWebKit/537.36 (KHTML, like Gecko) Chrome/130.0.0.0 Safari/537.36"

::1 - - [23/Oct/2024:19:10:40 +0000] "POST /api/v1/login/ HTTP/1.1" 400 45 "http://localhost:5173/" "Mozilla/5.0 (Macintosh; Intel Mac OS X 10_15_7) AppleWebKit/537.36 (KHTML, like Gecko) Chrome/130.0.0.0 Safari/537.36"

::1 - - [23/Oct/2024:19:11:02 +0000] "POST /api/v1/login/ HTTP/1.1" 200 521 "http://localhost:5173/" "Mozilla/5.0 (Macintosh; Intel Mac OS X 10_15_7) AppleWebKit/537.36 (KHTML, like Gecko) Chrome/130.0.0.0 Safari/537.36"

::1 - - [23/Oct/2024:19:12:06 +0000] "POST /api/v1/login/ HTTP/1.1" 400 45 "http://localhost:5173/" "Mozilla/5.0 (Macintosh; Intel Mac OS X 10_15_7) AppleWebKit/537.36 (KHTML, like Gecko) Chrome/130.0.0.0 Safari/537.36"

::1 - - [23/Oct/2024:19:13:00 +0000] "POST /api/v1/login/ HTTP/1.1" 200 521 "http://localhost:5173/" "Mozilla/5.0 (Macintosh; Intel Mac OS X 10_15_7) AppleWebKit/537.36 (KHTML, like Gecko) Chrome/130.0.0.0 Safari/537.36"

::1 - - [23/Oct/2024:19:14:41 +0000] "POST /api/v1/login/ HTTP/1.1" 404 57 "http://localhost:5173/" "Mozilla/5.0 (Macintosh; Intel Mac OS X 10_15_7) AppleWebKit/537.36 (KHTML, like Gecko) Chrome/130.0.0.0 Safari/537.36"

::1 - - [23/Oct/2024:19:15:15 +0000] "POST /api/v1/login/ HTTP/1.1" 500 94 "http://localhost:5173/" "Mozilla/5.0 (Macintosh; Intel Mac OS X 10_15_7) AppleWebKit/537.36 (KHTML, like Gecko) Chrome/130.0.0.0 Safari/537.36"

::1 - - [23/Oct/2024:19:16:10 +0000] "POST /api/v1/login/ HTTP/1.1" 400 45 "http://localhost:5173/" "Mozilla/5.0 (Macintosh; Intel Mac OS X 10_15_7) AppleWebKit/537.36 (KHTML, like Gecko) Chrome/130.0.0.0 Safari/537.36"

::1 - - [23/Oct/2024:19:16:40 +0000] "POST /api/v1/login/ HTTP/1.1" 400 45 "http://localhost:5173/" "Mozilla/5.0 (Macintosh; Intel Mac OS X 10_15_7) AppleWebKit/537.36 (KHTML, like Gecko) Chrome/130.0.0.0 Safari/537.36"

::1 - - [23/Oct/2024:19:17:25 +0000] "POST /api/v1/login/ HTTP/1.1" 200 521 "http://localhost:5173/" "Mozilla/5.0 (Macintosh; Intel Mac OS X 10_15_7) AppleWebKit/537.36 (KHTML, like Gecko) Chrome/130.0.0.0 Safari/537.36"

::1 - - [23/Oct/2024:19:24:49 +0000] "POST /api/v1/login/ HTTP/1.1" 200 521 "http://localhost:5173/" "Mozilla/5.0 (Macintosh; Intel Mac OS X 10_15_7) AppleWebKit/537.36 (KHTML, like Gecko) Chrome/130.0.0.0 Safari/537.36"

::1 - - [23/Oct/2024:19:37:21 +0000] "POST /api/v1/login/ HTTP/1.1" 200 521 "http://localhost:5173/" "Mozilla/5.0 (Macintosh; Intel Mac OS X 10_15_7) AppleWebKit/537.36 (KHTML, like Gecko) Chrome/130.0.0.0 Safari/537.36"

::1 - - [23/Oct/2024:19:38:44 +0000] "POST /api/v1/login/ HTTP/1.1" 200 521 "http://localhost:5173/" "Mozilla/5.0 (Macintosh; Intel Mac OS X 10_15_7) AppleWebKit/537.36 (KHTML, like Gecko) Chrome/130.0.0.0 Safari/537.36"

::1 - - [24/Oct/2024:13:08:46 +0000] "POST /api/v1/login HTTP/1.1" 404 57 "-" "PostmanRuntime/7.42.0"

::1 - - [24/Oct/2024:13:09:23 +0000] "POST /api/v1/login HTTP/1.1" 404 57 "-" "PostmanRuntime/7.42.0"

::1 - - [24/Oct/2024:13:09:26 +0000] "POST /api/v1/login HTTP/1.1" 404 57 "-" "PostmanRuntime/7.42.0"

::1 - - [24/Oct/2024:13:09:57 +0000] "POST /api/v1/login HTTP/1.1" 404 57 "-" "PostmanRuntime/7.42.0"

::1 - - [24/Oct/2024:13:10:04 +0000] "POST /api/v1/login HTTP/1.1" 404 57 "-" "PostmanRuntime/7.42.0"

::1 - - [24/Oct/2024:13:10:30 +0000] "POST /api/v1/login HTTP/1.1" 200 94 "-" "PostmanRuntime/7.42.0"

::1 - - [24/Oct/2024:13:11:00 +0000] "POST /api/v1/login HTTP/1.1" 404 57 "-" "PostmanRuntime/7.42.0"

::1 - - [24/Oct/2024:13:11:34 +0000] "GET /api/v1/admin/ HTTP/1.1" 404 152 "-" "PostmanRuntime/7.42.0"

::1 - - [24/Oct/2024:13:14:16 +0000] "GET /api/v1/admin HTTP/1.1" 401 26 "-" "PostmanRuntime/7.42.0"

::1 - - [24/Oct/2024:13:14:26 +0000] "GET /api/v1/admin HTTP/1.1" 200 287 "-" "PostmanRuntime/7.42.0"

::1 - - [24/Oct/2024:13:15:26 +0000] "GET /api/v1/admin HTTP/1.1" 200 336 "-" "PostmanRuntime/7.42.0"

::1 - - [24/Oct/2024:13:16:00 +0000] "GET /api/v1/admin HTTP/1.1" 200 396 "-" "PostmanRuntime/7.42.0"

::1 - - [24/Oct/2024:13:18:00 +0000] "POST /api/v1/login HTTP/1.1" 200 502 "-" "PostmanRuntime/7.42.0"

::1 - - [24/Oct/2024:13:18:05 +0000] "POST /api/v1/login HTTP/1.1" 200 502 "-" "PostmanRuntime/7.42.0"

::1 - - [24/Oct/2024:13:19:29 +0000] "GET /api/v1/all-users/ HTTP/1.1" 200 214 "-" "PostmanRuntime/7.42.0"

::1 - - [24/Oct/2024:13:21:25 +0000] "GET /api/v1/admin HTTP/1.1" 200 396 "-" "PostmanRuntime/7.42.0"

::1 - - [24/Oct/2024:13:21:31 +0000] "GET /api/v1/others-users/ HTTP/1.1" 200 78 "-" "PostmanRuntime/7.42.0"

::1 - - [24/Oct/2024:13:21:33 +0000] "GET /api/v1/others-users/ HTTP/1.1" 200 78 "-" "PostmanRuntime/7.42.0"

::1 - - [24/Oct/2024:13:21:35 +0000] "GET /api/v1/others-users/ HTTP/1.1" 200 78 "-" "PostmanRuntime/7.42.0"

::1 - - [24/Oct/2024:13:21:36 +0000] "GET /api/v1/others-users/ HTTP/1.1" 200 78 "-" "PostmanRuntime/7.42.0"

::1 - - [24/Oct/2024:13:21:36 +0000] "GET /api/v1/others-users/ HTTP/1.1" 200 78 "-" "PostmanRuntime/7.42.0"

::1 - - [24/Oct/2024:13:21:38 +0000] "GET /api/v1/others-users/ HTTP/1.1" 200 78 "-" "PostmanRuntime/7.42.0"

::1 - - [24/Oct/2024:13:22:20 +0000] "GET /api/v1/customers/ HTTP/1.1" 200 78 "-" "PostmanRuntime/7.42.0"

::1 - - [24/Oct/2024:13:23:47 +0000] "GET /api/v1/admin HTTP/1.1" 200 396 "-" "PostmanRuntime/7.42.0"

::1 - - [24/Oct/2024:13:24:07 +0000] "GET /api/v1/employees HTTP/1.1" 404 155 "-" "PostmanRuntime/7.42.0"

::1 - - [24/Oct/2024:13:26:30 +0000] "GET /api/v1/employees HTTP/1.1" 200 82 "-" "PostmanRuntime/7.42.0"

::1 - - [24/Oct/2024:13:26:59 +0000] "GET /api/v1/customers/ HTTP/1.1" 200 78 "-" "PostmanRuntime/7.42.0"

::1 - - [24/Oct/2024:13:49:44 +0000] "POST /api/v1/login HTTP/1.1" 200 502 "-" "PostmanRuntime/7.42.0"

::1 - - [24/Oct/2024:13:53:24 +0000] "POST /api/v1/login HTTP/1.1" 200 511 "-" "PostmanRuntime/7.42.0"

::1 - - [24/Oct/2024:13:53:44 +0000] "POST /api/v1/login HTTP/1.1" 200 511 "-" "PostmanRuntime/7.42.0"

::1 - - [24/Oct/2024:13:54:31 +0000] "POST /api/v1/login HTTP/1.1" 200 595 "-" "PostmanRuntime/7.42.0"

::1 - - [24/Oct/2024:13:55:07 +0000] "POST /api/v1/login HTTP/1.1" 200 684 "-" "PostmanRuntime/7.42.0"

::1 - - [24/Oct/2024:13:58:06 +0000] "POST /api/v1/employee-register HTTP/1.1" 401 26 "-" "PostmanRuntime/7.42.0"

::1 - - [24/Oct/2024:13:58:16 +0000] "POST /api/v1/login HTTP/1.1" 200 684 "-" "PostmanRuntime/7.42.0"

::1 - - [24/Oct/2024:14:01:48 +0000] "POST /api/v1/login HTTP/1.1" 200 675 "-" "PostmanRuntime/7.42.0"

::1 - - [24/Oct/2024:14:01:57 +0000] "POST /api/v1/employee-register HTTP/1.1" 401 26 "-" "PostmanRuntime/7.42.0"

::1 - - [24/Oct/2024:14:03:20 +0000] "POST /api/v1/employee-register HTTP/1.1" 200 86 "-" "PostmanRuntime/7.42.0"

::1 - - [24/Oct/2024:14:03:34 +0000] "GET /api/v1/employees HTTP/1.1" 200 914 "-" "PostmanRuntime/7.42.0"

::1 - - [24/Oct/2024:14:04:10 +0000] "GET /api/v1/employees/cm2ndik0y0001vgbk9fx2ggwz HTTP/1.1" 200 911 "-" "PostmanRuntime/7.42.0"

::1 - - [24/Oct/2024:14:05:48 +0000] "GET /api/v1/employees/cm2ndik0y0001vgbk9fx2ggwz HTTP/1.1" 200 994 "-" "PostmanRuntime/7.42.0"

::1 - - [24/Oct/2024:14:06:07 +0000] "GET /api/v1/employees/cm2ndik0y0001vgbk9fx2ggwz HTTP/1.1" 200 990 "-" "PostmanRuntime/7.42.0"

::1 - - [24/Oct/2024:14:06:11 +0000] "GET /api/v1/employees/cm2ndik0y0001vgbk9fx2ggwz HTTP/1.1" 200 990 "-" "PostmanRuntime/7.42.0"

::1 - - [24/Oct/2024:14:06:13 +0000] "GET /api/v1/employees/cm2ndik0y0001vgbk9fx2ggwz HTTP/1.1" 200 990 "-" "PostmanRuntime/7.42.0"

::1 - - [24/Oct/2024:14:07:52 +0000] "GET /api/v1/employees/cm2ndik0y0001vgbk9fx2ggwz HTTP/1.1" 200 990 "-" "PostmanRuntime/7.42.0"

::1 - - [24/Oct/2024:14:07:53 +0000] "GET /api/v1/employees/cm2ndik0y0001vgbk9fx2ggwz HTTP/1.1" 200 990 "-" "PostmanRuntime/7.42.0"

::1 - - [24/Oct/2024:14:07:54 +0000] "GET /api/v1/employees/cm2ndik0y0001vgbk9fx2ggwz HTTP/1.1" 200 990 "-" "PostmanRuntime/7.42.0"

::1 - - [24/Oct/2024:14:07:56 +0000] "GET /api/v1/employees/cm2ndik0y0001vgbk9fx2ggwz HTTP/1.1" 200 990 "-" "PostmanRuntime/7.42.0"

::1 - - [24/Oct/2024:14:10:14 +0000] "GET /api/v1/employees/cm2ndik0y0001vgbk9fx2ggwz HTTP/1.1" 200 990 "-" "PostmanRuntime/7.42.0"

::1 - - [24/Oct/2024:14:10:16 +0000] "GET /api/v1/employees/cm2ndik0y0001vgbk9fx2ggwz HTTP/1.1" 200 990 "-" "PostmanRuntime/7.42.0"

::1 - - [24/Oct/2024:14:10:43 +0000] "POST /api/v1/login HTTP/1.1" 404 57 "-" "PostmanRuntime/7.42.0"

::1 - - [24/Oct/2024:14:11:27 +0000] "POST /api/v1/login HTTP/1.1" 200 700 "-" "PostmanRuntime/7.42.0"

::1 - - [24/Oct/2024:14:11:57 +0000] "POST /api/v1/login HTTP/1.1" 200 700 "-" "PostmanRuntime/7.42.0"

::1 - - [24/Oct/2024:14:14:13 +0000] "POST /api/v1/login HTTP/1.1" 200 700 "-" "PostmanRuntime/7.42.0"

::1 - - [24/Oct/2024:14:14:51 +0000] "POST /api/v1/login HTTP/1.1" 200 700 "-" "PostmanRuntime/7.42.0"

::1 - - [24/Oct/2024:14:15:09 +0000] "GET /api/v1/login-history HTTP/1.1" 200 21757 "-" "PostmanRuntime/7.42.0"

::1 - - [24/Oct/2024:14:15:17 +0000] "GET /api/v1/login-history?pagination=true HTTP/1.1" 200 2566 "-" "PostmanRuntime/7.42.0"

::1 - - [24/Oct/2024:14:15:31 +0000] "GET /api/v1/login-history HTTP/1.1" 200 21757 "-" "PostmanRuntime/7.42.0"

::1 - - [24/Oct/2024:14:15:33 +0000] "GET /api/v1/login-history HTTP/1.1" 200 21757 "-" "PostmanRuntime/7.42.0"

::1 - - [24/Oct/2024:14:15:34 +0000] "GET /api/v1/login-history HTTP/1.1" 200 21757 "-" "PostmanRuntime/7.42.0"

::1 - - [24/Oct/2024:14:15:35 +0000] "GET /api/v1/login-history HTTP/1.1" 200 21757 "-" "PostmanRuntime/7.42.0"

::1 - - [24/Oct/2024:14:15:48 +0000] "GET /api/v1/employees/cm2ndik0y0001vgbk9fx2ggwz HTTP/1.1" 200 990 "-" "PostmanRuntime/7.42.0"

::1 - - [24/Oct/2024:14:16:03 +0000] "GET /api/v1/admin HTTP/1.1" 400 62 "-" "PostmanRuntime/7.42.0"

::1 - - [24/Oct/2024:14:16:19 +0000] "GET /api/v1/admin HTTP/1.1" 403 62 "-" "PostmanRuntime/7.42.0"

::1 - - [24/Oct/2024:14:17:18 +0000] "GET /api/v1/all-users/ HTTP/1.1" 200 1261 "-" "PostmanRuntime/7.42.0"

::1 - - [24/Oct/2024:14:17:30 +0000] "GET /api/v1/all-users/ HTTP/1.1" 200 1261 "-" "PostmanRuntime/7.42.0"

::1 - - [24/Oct/2024:14:18:20 +0000] "GET /api/v1/all-users/ HTTP/1.1" 403 97 "-" "PostmanRuntime/7.42.0"

::1 - - [24/Oct/2024:14:18:22 +0000] "GET /api/v1/all-users/ HTTP/1.1" 403 97 "-" "PostmanRuntime/7.42.0"

::1 - - [24/Oct/2024:14:18:23 +0000] "GET /api/v1/all-users/ HTTP/1.1" 403 97 "-" "PostmanRuntime/7.42.0"

::1 - - [24/Oct/2024:14:18:38 +0000] "GET /api/v1/customers/ HTTP/1.1" 200 78 "-" "PostmanRuntime/7.42.0"

::1 - - [24/Oct/2024:14:19:22 +0000] "GET /api/v1/customers/ HTTP/1.1" 403 97 "-" "PostmanRuntime/7.42.0"

::1 - - [24/Oct/2024:14:30:39 +0000] "POST /api/v1/customer-register HTTP/1.1" 400 115 "-" "PostmanRuntime/7.42.0"

::1 - - [24/Oct/2024:14:30:50 +0000] "POST /api/v1/customer-register HTTP/1.1" 200 67 "-" "PostmanRuntime/7.42.0"

::1 - - [24/Oct/2024:14:31:44 +0000] "POST /api/v1/login HTTP/1.1" 200 686 "-" "PostmanRuntime/7.42.0"

::1 - - [24/Oct/2024:14:32:05 +0000] "GET /api/v1/customers/ HTTP/1.1" 403 97 "-" "PostmanRuntime/7.42.0"

::1 - - [24/Oct/2024:14:32:06 +0000] "GET /api/v1/customers/ HTTP/1.1" 403 97 "-" "PostmanRuntime/7.42.0"

::1 - - [24/Oct/2024:14:32:46 +0000] "GET /api/v1/customers/ HTTP/1.1" 200 529 "-" "PostmanRuntime/7.42.0"

::1 - - [24/Oct/2024:14:32:59 +0000] "GET /api/v1/employees/cm2nehwd80001nawowocctja8 HTTP/1.1" 200 83 "-" "PostmanRuntime/7.42.0"

::1 - - [24/Oct/2024:14:33:31 +0000] "GET /api/v1/employees/cm2nehwd80001nawowocctja8 HTTP/1.1" 400 61 "-" "PostmanRuntime/7.42.0"

::1 - - [24/Oct/2024:14:33:49 +0000] "GET /api/v1/customers/cm2nehwd80001nawowocctja8 HTTP/1.1" 200 710 "-" "PostmanRuntime/7.42.0"

::1 - - [24/Oct/2024:14:34:20 +0000] "GET /api/v1/customers/cm2nehwd80001nawowocctja8 HTTP/1.1" 200 710 "-" "PostmanRuntime/7.42.0"

::1 - - [24/Oct/2024:14:34:21 +0000] "GET /api/v1/customers/cm2nehwd80001nawowocctja8 HTTP/1.1" 200 710 "-" "PostmanRuntime/7.42.0"

::1 - - [24/Oct/2024:14:34:23 +0000] "GET /api/v1/customers/cm2nehwd80001nawowocctja8 HTTP/1.1" 200 710 "-" "PostmanRuntime/7.42.0"

::1 - - [24/Oct/2024:14:34:24 +0000] "GET /api/v1/customers/cm2nehwd80001nawowocctja8 HTTP/1.1" 200 710 "-" "PostmanRuntime/7.42.0"

::1 - - [24/Oct/2024:15:06:08 +0000] "GET /api/v1/product-category HTTP/1.1" 404 162 "-" "PostmanRuntime/7.42.0"

::1 - - [24/Oct/2024:15:18:23 +0000] "GET /api/v1/product-category HTTP/1.1" 401 26 "-" "PostmanRuntime/7.42.0"

::1 - - [24/Oct/2024:15:18:34 +0000] "POST /api/v1/login HTTP/1.1" 200 686 "-" "PostmanRuntime/7.42.0"

::1 - - [24/Oct/2024:15:18:36 +0000] "GET /api/v1/product-category HTTP/1.1" 401 26 "-" "PostmanRuntime/7.42.0"

::1 - - [24/Oct/2024:15:18:48 +0000] "GET /api/v1/product-category HTTP/1.1" 401 26 "-" "PostmanRuntime/7.42.0"

::1 - - [24/Oct/2024:15:19:01 +0000] "GET /api/v1/product-category HTTP/1.1" 200 83 "-" "PostmanRuntime/7.42.0"

::1 - - [24/Oct/2024:15:21:54 +0000] "GET /api/v1/product-category HTTP/1.1" 200 83 "-" "PostmanRuntime/7.42.0"

::1 - - [24/Oct/2024:15:22:06 +0000] "GET /api/v1/product-category?pagination=true HTTP/1.1" 200 164 "-" "PostmanRuntime/7.42.0"

::1 - - [24/Oct/2024:15:22:21 +0000] "GET /api/v1/product-category?pagination=true&pageNumber=1&rowPerPage=10 HTTP/1.1" 200 164 "-" "PostmanRuntime/7.42.0"

::1 - - [24/Oct/2024:15:22:32 +0000] "GET /api/v1/product-category?pageNumber=1&rowPerPage=10 HTTP/1.1" 200 83 "-" "PostmanRuntime/7.42.0"

::1 - - [24/Oct/2024:15:32:32 +0000] "GET /api/v1/product-category?isActive=true HTTP/1.1" 200 83 "-" "PostmanRuntime/7.42.0"

::1 - - [24/Oct/2024:15:42:30 +0000] "POST /api/v1/product-category HTTP/1.1" 200 79 "-" "PostmanRuntime/7.42.0"

::1 - - [24/Oct/2024:15:42:40 +0000] "POST /api/v1/product-category HTTP/1.1" 200 79 "-" "PostmanRuntime/7.42.0"

::1 - - [24/Oct/2024:15:42:58 +0000] "POST /api/v1/product-category HTTP/1.1" 200 138 "-" "PostmanRuntime/7.42.0"

::1 - - [24/Oct/2024:15:49:06 +0000] "POST /api/v1/product-category HTTP/1.1" 200 143 "-" "PostmanRuntime/7.42.0"

::1 - - [24/Oct/2024:15:49:22 +0000] "POST /api/v1/product-category HTTP/1.1" 200 154 "-" "PostmanRuntime/7.42.0"

::1 - - [24/Oct/2024:15:50:03 +0000] "POST /api/v1/product-category HTTP/1.1" 200 175 "-" "PostmanRuntime/7.42.0"

::1 - - [24/Oct/2024:15:51:38 +0000] "POST /api/v1/product-category HTTP/1.1" 200 192 "-" "PostmanRuntime/7.42.0"

::1 - - [24/Oct/2024:15:51:55 +0000] "POST /api/v1/product-category HTTP/1.1" 200 207 "-" "PostmanRuntime/7.42.0"

::1 - - [24/Oct/2024:15:52:17 +0000] "POST /api/v1/product-category HTTP/1.1" 200 79 "-" "PostmanRuntime/7.42.0"

::1 - - [24/Oct/2024:15:52:31 +0000] "POST /api/v1/product-category HTTP/1.1" 200 79 "-" "PostmanRuntime/7.42.0"

::1 - - [24/Oct/2024:15:53:04 +0000] "POST /api/v1/product-category HTTP/1.1" 200 79 "-" "PostmanRuntime/7.42.0"

::1 - - [24/Oct/2024:15:53:32 +0000] "POST /api/v1/product-category HTTP/1.1" 200 79 "-" "PostmanRuntime/7.42.0"

::1 - - [24/Oct/2024:15:54:55 +0000] "POST /api/v1/product-category HTTP/1.1" 200 79 "-" "PostmanRuntime/7.42.0"

::1 - - [24/Oct/2024:15:56:14 +0000] "POST /api/v1/product-category HTTP/1.1" 200 79 "-" "PostmanRuntime/7.42.0"

::1 - - [24/Oct/2024:15:59:29 +0000] "POST /api/v1/product-category HTTP/1.1" 200 79 "-" "PostmanRuntime/7.42.0"

::1 - - [24/Oct/2024:16:01:15 +0000] "POST /api/v1/product-category HTTP/1.1" 200 79 "-" "PostmanRuntime/7.42.0"

::1 - - [24/Oct/2024:16:01:53 +0000] "POST /api/v1/product-category HTTP/1.1" 200 79 "-" "PostmanRuntime/7.42.0"

::1 - - [24/Oct/2024:16:02:12 +0000] "POST /api/v1/product-category HTTP/1.1" 200 79 "-" "PostmanRuntime/7.42.0"

::1 - - [24/Oct/2024:16:02:15 +0000] "POST /api/v1/product-category HTTP/1.1" 200 79 "-" "PostmanRuntime/7.42.0"

::1 - - [24/Oct/2024:16:12:28 +0000] "GET / HTTP/1.1" 200 11 "-" "Mozilla/5.0 (Macintosh; Intel Mac OS X 10_15_7) AppleWebKit/537.36 (KHTML, like Gecko) Chrome/130.0.0.0 Safari/537.36"

::1 - - [24/Oct/2024:16:12:28 +0000] "GET /favicon.ico HTTP/1.1" 404 150 "-" "Mozilla/5.0 (Macintosh; Intel Mac OS X 10_15_7) AppleWebKit/537.36 (KHTML, like Gecko) Chrome/130.0.0.0 Safari/537.36"

::1 - - [24/Oct/2024:16:12:57 +0000] "POST /product-category HTTP/1.1" 404 156 "http://localhost:5173/" "Mozilla/5.0 (Macintosh; Intel Mac OS X 10_15_7) AppleWebKit/537.36 (KHTML, like Gecko) Chrome/130.0.0.0 Safari/537.36"

::1 - - [24/Oct/2024:16:13:38 +0000] "POST /api/v1/product-category HTTP/1.1" 401 26 "http://localhost:5173/" "Mozilla/5.0 (Macintosh; Intel Mac OS X 10_15_7) AppleWebKit/537.36 (KHTML, like Gecko) Chrome/130.0.0.0 Safari/537.36"

::1 - - [24/Oct/2024:16:13:55 +0000] "POST /api/v1/product-category HTTP/1.1" 200 79 "http://localhost:5173/" "Mozilla/5.0 (Macintosh; Intel Mac OS X 10_15_7) AppleWebKit/537.36 (KHTML, like Gecko) Chrome/130.0.0.0 Safari/537.36"

::1 - - [24/Oct/2024:16:14:10 +0000] "POST /api/v1/product-category HTTP/1.1" 200 79 "http://localhost:5173/" "Mozilla/5.0 (Macintosh; Intel Mac OS X 10_15_7) AppleWebKit/537.36 (KHTML, like Gecko) Chrome/130.0.0.0 Safari/537.36"

::1 - - [24/Oct/2024:16:15:20 +0000] "POST /api/v1/product-category HTTP/1.1" 200 79 "http://localhost:5173/" "Mozilla/5.0 (Macintosh; Intel Mac OS X 10_15_7) AppleWebKit/537.36 (KHTML, like Gecko) Chrome/130.0.0.0 Safari/537.36"

::1 - - [24/Oct/2024:16:17:18 +0000] "POST /api/v1/product-category HTTP/1.1" 200 120 "http://localhost:5173/" "Mozilla/5.0 (Macintosh; Intel Mac OS X 10_15_7) AppleWebKit/537.36 (KHTML, like Gecko) Chrome/130.0.0.0 Safari/537.36"

::1 - - [24/Oct/2024:16:17:27 +0000] "POST /api/v1/product-category HTTP/1.1" 200 238 "http://localhost:5173/" "Mozilla/5.0 (Macintosh; Intel Mac OS X 10_15_7) AppleWebKit/537.36 (KHTML, like Gecko) Chrome/130.0.0.0 Safari/537.36"

::1 - - [24/Oct/2024:16:17:49 +0000] "POST /api/v1/product-category HTTP/1.1" 200 238 "http://localhost:5173/" "Mozilla/5.0 (Macintosh; Intel Mac OS X 10_15_7) AppleWebKit/537.36 (KHTML, like Gecko) Chrome/130.0.0.0 Safari/537.36"

::1 - - [24/Oct/2024:16:18:37 +0000] "POST /api/v1/product-category HTTP/1.1" 200 106 "http://localhost:5173/" "Mozilla/5.0 (Macintosh; Intel Mac OS X 10_15_7) AppleWebKit/537.36 (KHTML, like Gecko) Chrome/130.0.0.0 Safari/537.36"

::1 - - [24/Oct/2024:16:22:06 +0000] "POST /api/v1/product-category HTTP/1.1" 200 79 "http://localhost:5173/" "Mozilla/5.0 (Macintosh; Intel Mac OS X 10_15_7) AppleWebKit/537.36 (KHTML, like Gecko) Chrome/130.0.0.0 Safari/537.36"

::1 - - [24/Oct/2024:16:22:57 +0000] "POST /api/v1/product-category HTTP/1.1" 200 79 "http://localhost:5173/" "Mozilla/5.0 (Macintosh; Intel Mac OS X 10_15_7) AppleWebKit/537.36 (KHTML, like Gecko) Chrome/130.0.0.0 Safari/537.36"

::1 - - [24/Oct/2024:16:26:12 +0000] "POST /api/v1/product-category HTTP/1.1" 200 79 "http://localhost:5173/" "Mozilla/5.0 (Macintosh; Intel Mac OS X 10_15_7) AppleWebKit/537.36 (KHTML, like Gecko) Chrome/130.0.0.0 Safari/537.36"

::1 - - [24/Oct/2024:16:26:27 +0000] "POST /api/v1/product-category HTTP/1.1" 200 79 "http://localhost:5173/" "Mozilla/5.0 (Macintosh; Intel Mac OS X 10_15_7) AppleWebKit/537.36 (KHTML, like Gecko) Chrome/130.0.0.0 Safari/537.36"

::1 - - [24/Oct/2024:16:27:33 +0000] "POST /api/v1/product-category HTTP/1.1" 200 79 "http://localhost:5173/" "Mozilla/5.0 (Macintosh; Intel Mac OS X 10_15_7) AppleWebKit/537.36 (KHTML, like Gecko) Chrome/130.0.0.0 Safari/537.36"

::1 - - [24/Oct/2024:16:28:14 +0000] "POST /api/v1/product-category HTTP/1.1" 200 79 "http://localhost:5173/" "Mozilla/5.0 (Macintosh; Intel Mac OS X 10_15_7) AppleWebKit/537.36 (KHTML, like Gecko) Chrome/130.0.0.0 Safari/537.36"

::1 - - [24/Oct/2024:16:28:34 +0000] "POST /api/v1/product-category HTTP/1.1" 200 79 "http://localhost:5173/" "Mozilla/5.0 (Macintosh; Intel Mac OS X 10_15_7) AppleWebKit/537.36 (KHTML, like Gecko) Chrome/130.0.0.0 Safari/537.36"

::1 - - [24/Oct/2024:16:29:46 +0000] "POST /api/v1/product-category HTTP/1.1" 500 1242 "http://localhost:5173/" "Mozilla/5.0 (Macintosh; Intel Mac OS X 10_15_7) AppleWebKit/537.36 (KHTML, like Gecko) Chrome/130.0.0.0 Safari/537.36"

::1 - - [24/Oct/2024:16:30:15 +0000] "POST /api/v1/product-category HTTP/1.1" 200 79 "http://localhost:5173/" "Mozilla/5.0 (Macintosh; Intel Mac OS X 10_15_7) AppleWebKit/537.36 (KHTML, like Gecko) Chrome/130.0.0.0 Safari/537.36"

::1 - - [24/Oct/2024:16:30:30 +0000] "POST /api/v1/product-category HTTP/1.1" 200 79 "http://localhost:5173/" "Mozilla/5.0 (Macintosh; Intel Mac OS X 10_15_7) AppleWebKit/537.36 (KHTML, like Gecko) Chrome/130.0.0.0 Safari/537.36"

::1 - - [24/Oct/2024:16:30:58 +0000] "POST /api/v1/product-category HTTP/1.1" 200 79 "http://localhost:5173/" "Mozilla/5.0 (Macintosh; Intel Mac OS X 10_15_7) AppleWebKit/537.36 (KHTML, like Gecko) Chrome/130.0.0.0 Safari/537.36"

::1 - - [24/Oct/2024:16:31:24 +0000] "POST /api/v1/product-category HTTP/1.1" 200 79 "http://localhost:5173/" "Mozilla/5.0 (Macintosh; Intel Mac OS X 10_15_7) AppleWebKit/537.36 (KHTML, like Gecko) Chrome/130.0.0.0 Safari/537.36"

::1 - - [24/Oct/2024:16:31:57 +0000] "POST /api/v1/product-category HTTP/1.1" 200 79 "http://localhost:5173/" "Mozilla/5.0 (Macintosh; Intel Mac OS X 10_15_7) AppleWebKit/537.36 (KHTML, like Gecko) Chrome/130.0.0.0 Safari/537.36"

::1 - - [24/Oct/2024:16:32:59 +0000] "POST /api/v1/product-category HTTP/1.1" 500 1152 "http://localhost:5173/" "Mozilla/5.0 (Macintosh; Intel Mac OS X 10_15_7) AppleWebKit/537.36 (KHTML, like Gecko) Chrome/130.0.0.0 Safari/537.36"

::1 - - [24/Oct/2024:16:33:12 +0000] "POST /api/v1/product-category HTTP/1.1" 200 79 "http://localhost:5173/" "Mozilla/5.0 (Macintosh; Intel Mac OS X 10_15_7) AppleWebKit/537.36 (KHTML, like Gecko) Chrome/130.0.0.0 Safari/537.36"

::1 - - [24/Oct/2024:16:35:32 +0000] "POST /api/v1/product-category HTTP/1.1" 200 194 "http://localhost:5173/" "Mozilla/5.0 (Macintosh; Intel Mac OS X 10_15_7) AppleWebKit/537.36 (KHTML, like Gecko) Chrome/130.0.0.0 Safari/537.36"

::1 - - [24/Oct/2024:16:36:52 +0000] "POST /api/v1/product-category HTTP/1.1" 500 1231 "http://localhost:5173/" "Mozilla/5.0 (Macintosh; Intel Mac OS X 10_15_7) AppleWebKit/537.36 (KHTML, like Gecko) Chrome/130.0.0.0 Safari/537.36"

::1 - - [24/Oct/2024:16:37:10 +0000] "POST /api/v1/product-category HTTP/1.1" 200 124 "http://localhost:5173/" "Mozilla/5.0 (Macintosh; Intel Mac OS X 10_15_7) AppleWebKit/537.36 (KHTML, like Gecko) Chrome/130.0.0.0 Safari/537.36"

::1 - - [24/Oct/2024:16:37:58 +0000] "POST /api/v1/product-category HTTP/1.1" 200 532 "http://localhost:5173/" "Mozilla/5.0 (Macintosh; Intel Mac OS X 10_15_7) AppleWebKit/537.36 (KHTML, like Gecko) Chrome/130.0.0.0 Safari/537.36"

::1 - - [24/Oct/2024:16:49:57 +0000] "POST /api/v1/product-category HTTP/1.1" 500 1380 "http://localhost:5173/" "Mozilla/5.0 (Macintosh; Intel Mac OS X 10_15_7) AppleWebKit/537.36 (KHTML, like Gecko) Chrome/130.0.0.0 Safari/537.36"

::1 - - [24/Oct/2024:16:50:35 +0000] "POST /api/v1/product-category HTTP/1.1" 200 83 "http://localhost:5173/" "Mozilla/5.0 (Macintosh; Intel Mac OS X 10_15_7) AppleWebKit/537.36 (KHTML, like Gecko) Chrome/130.0.0.0 Safari/537.36"

::1 - - [24/Oct/2024:16:50:47 +0000] "GET /api/v1/product-category HTTP/1.1" 401 26 "-" "PostmanRuntime/7.42.0"

::1 - - [24/Oct/2024:16:50:55 +0000] "POST /api/v1/login HTTP/1.1" 200 686 "-" "PostmanRuntime/7.42.0"

::1 - - [24/Oct/2024:16:51:02 +0000] "GET /api/v1/product-category HTTP/1.1" 200 738 "-" "PostmanRuntime/7.42.0"

::1 - - [24/Oct/2024:16:52:16 +0000] "POST /api/v1/product-category HTTP/1.1" 500 1136 "-" "PostmanRuntime/7.42.0"

::1 - - [24/Oct/2024:16:55:00 +0000] "POST /api/v1/product-category HTTP/1.1" 500 1136 "-" "PostmanRuntime/7.42.0"

::1 - - [24/Oct/2024:16:55:21 +0000] "POST /api/v1/product-category HTTP/1.1" 500 1136 "-" "PostmanRuntime/7.42.0"

::1 - - [24/Oct/2024:16:55:37 +0000] "POST /api/v1/product-category HTTP/1.1" 500 1136 "-" "PostmanRuntime/7.42.0"

::1 - - [24/Oct/2024:16:56:26 +0000] "POST /api/v1/product-category HTTP/1.1" 500 1152 "-" "PostmanRuntime/7.42.0"

::1 - - [24/Oct/2024:16:57:04 +0000] "POST /api/v1/product-category HTTP/1.1" 500 1152 "-" "PostmanRuntime/7.42.0"

::1 - - [24/Oct/2024:16:57:52 +0000] "POST /api/v1/product-category HTTP/1.1" 500 1183 "-" "PostmanRuntime/7.42.0"

::1 - - [24/Oct/2024:16:58:29 +0000] "POST /api/v1/product-category HTTP/1.1" 500 1183 "-" "PostmanRuntime/7.42.0"

::1 - - [24/Oct/2024:16:58:40 +0000] "POST /api/v1/product-category HTTP/1.1" 500 1183 "-" "PostmanRuntime/7.42.0"

::1 - - [24/Oct/2024:16:59:13 +0000] "POST /api/v1/product-category HTTP/1.1" 500 1183 "-" "PostmanRuntime/7.42.0"

::1 - - [24/Oct/2024:16:59:22 +0000] "POST /api/v1/product-category HTTP/1.1" 500 1183 "-" "PostmanRuntime/7.42.0"

::1 - - [24/Oct/2024:16:59:44 +0000] "POST /api/v1/product-category HTTP/1.1" 500 1183 "-" "PostmanRuntime/7.42.0"

::1 - - [24/Oct/2024:16:59:59 +0000] "POST /api/v1/product-category HTTP/1.1" 500 1402 "-" "PostmanRuntime/7.42.0"

::1 - - [24/Oct/2024:17:00:16 +0000] "POST /api/v1/product-category HTTP/1.1" 500 1362 "-" "PostmanRuntime/7.42.0"

::1 - - [24/Oct/2024:17:00:34 +0000] "POST /api/v1/product-category HTTP/1.1" 400 76 "-" "PostmanRuntime/7.42.0"

::1 - - [24/Oct/2024:17:00:43 +0000] "POST /api/v1/product-category HTTP/1.1" 400 81 "-" "PostmanRuntime/7.42.0"

::1 - - [24/Oct/2024:17:00:57 +0000] "POST /api/v1/product-category HTTP/1.1" 400 81 "-" "PostmanRuntime/7.42.0"

::1 - - [24/Oct/2024:17:04:13 +0000] "GET /api/v1/product-category/ HTTP/1.1" 200 738 "-" "PostmanRuntime/7.42.0"

::1 - - [24/Oct/2024:17:04:18 +0000] "GET /api/v1/product-category HTTP/1.1" 200 738 "-" "PostmanRuntime/7.42.0"

::1 - - [24/Oct/2024:17:04:24 +0000] "GET /api/v1/product-category/cm2njhoeh0000c1mrz6tkzjoz HTTP/1.1" 200 500 "-" "PostmanRuntime/7.42.0"

